{"C:\\Users\\maxoe\\Documents\\Karlsruhe Institut für Technologie\\Studentenjob\\Workspaces\\Methodologist-UI\\Vitruv-UI-Methodologist\\src\\components\\canvas\\UMLDiagram.tsx": {"path":"C:\\Users\\maxoe\\Documents\\Karlsruhe Institut für Technologie\\Studentenjob\\Workspaces\\Methodologist-UI\\Vitruv-UI-Methodologist\\src\\components\\canvas\\UMLDiagram.tsx","statementMap":{"0":{"start":{"line":13,"column":11},"end":{"line":13,"column":14}},"1":{"start":{"line":14,"column":19},"end":{"line":14,"column":22}},"2":{"start":{"line":15,"column":26},"end":{"line":15,"column":30}},"3":{"start":{"line":16,"column":17},"end":{"line":16,"column":18}},"4":{"start":{"line":17,"column":17},"end":{"line":17,"column":21}},"5":{"start":{"line":18,"column":15},"end":{"line":18,"column":17}},"6":{"start":{"line":19,"column":17},"end":{"line":19,"column":19}},"7":{"start":{"line":20,"column":17},"end":{"line":20,"column":19}},"8":{"start":{"line":21,"column":17},"end":{"line":21,"column":19}},"9":{"start":{"line":22,"column":18},"end":{"line":22,"column":20}},"10":{"start":{"line":23,"column":15},"end":{"line":23,"column":17}},"11":{"start":{"line":28,"column":13},"end":{"line":28,"column":62}},"12":{"start":{"line":29,"column":13},"end":{"line":29,"column":66}},"13":{"start":{"line":30,"column":2},"end":{"line":30,"column":34}},"14":{"start":{"line":34,"column":2},"end":{"line":45,"column":3}},"15":{"start":{"line":35,"column":4},"end":{"line":44,"column":6}},"16":{"start":{"line":46,"column":15},"end":{"line":46,"column":49}},"17":{"start":{"line":46,"column":44},"end":{"line":46,"column":47}},"18":{"start":{"line":47,"column":15},"end":{"line":47,"column":49}},"19":{"start":{"line":47,"column":44},"end":{"line":47,"column":47}},"20":{"start":{"line":48,"column":15},"end":{"line":48,"column":54}},"21":{"start":{"line":48,"column":44},"end":{"line":48,"column":52}},"22":{"start":{"line":49,"column":15},"end":{"line":49,"column":59}},"23":{"start":{"line":49,"column":44},"end":{"line":49,"column":57}},"24":{"start":{"line":50,"column":2},"end":{"line":59,"column":4}},"25":{"start":{"line":63,"column":13},"end":{"line":63,"column":24}},"26":{"start":{"line":63,"column":31},"end":{"line":63,"column":41}},"27":{"start":{"line":64,"column":13},"end":{"line":64,"column":20}},"28":{"start":{"line":64,"column":27},"end":{"line":64,"column":34}},"29":{"start":{"line":65,"column":2},"end":{"line":65,"column":42}},"30":{"start":{"line":65,"column":18},"end":{"line":65,"column":42}},"31":{"start":{"line":66,"column":13},"end":{"line":66,"column":19}},"32":{"start":{"line":66,"column":26},"end":{"line":66,"column":31}},"33":{"start":{"line":67,"column":12},"end":{"line":67,"column":89}},"34":{"start":{"line":68,"column":2},"end":{"line":68,"column":44}},"35":{"start":{"line":85,"column":21},"end":{"line":85,"column":30}},"36":{"start":{"line":86,"column":19},"end":{"line":86,"column":28}},"37":{"start":{"line":87,"column":20},"end":{"line":87,"column":29}},"38":{"start":{"line":93,"column":13},"end":{"line":93,"column":20}},"39":{"start":{"line":94,"column":13},"end":{"line":94,"column":20}},"40":{"start":{"line":95,"column":14},"end":{"line":95,"column":50}},"41":{"start":{"line":96,"column":13},"end":{"line":96,"column":21}},"42":{"start":{"line":97,"column":13},"end":{"line":97,"column":21}},"43":{"start":{"line":98,"column":13},"end":{"line":98,"column":16}},"44":{"start":{"line":99,"column":13},"end":{"line":99,"column":15}},"45":{"start":{"line":100,"column":16},"end":{"line":100,"column":42}},"46":{"start":{"line":101,"column":16},"end":{"line":101,"column":41}},"47":{"start":{"line":102,"column":16},"end":{"line":102,"column":41}},"48":{"start":{"line":103,"column":2},"end":{"line":106,"column":4}},"49":{"start":{"line":114,"column":2},"end":{"line":114,"column":36}},"50":{"start":{"line":114,"column":18},"end":{"line":114,"column":36}},"51":{"start":{"line":115,"column":2},"end":{"line":115,"column":35}},"52":{"start":{"line":115,"column":18},"end":{"line":115,"column":35}},"53":{"start":{"line":116,"column":2},"end":{"line":116,"column":19}},"54":{"start":{"line":119,"column":46},"end":{"line":123,"column":1}},"55":{"start":{"line":125,"column":46},"end":{"line":129,"column":1}},"56":{"start":{"line":132,"column":2},"end":{"line":133,"column":24}},"57":{"start":{"line":137,"column":2},"end":{"line":137,"column":98}},"58":{"start":{"line":137,"column":30},"end":{"line":137,"column":98}},"59":{"start":{"line":138,"column":2},"end":{"line":138,"column":99}},"60":{"start":{"line":138,"column":31},"end":{"line":138,"column":99}},"61":{"start":{"line":139,"column":2},"end":{"line":139,"column":99}},"62":{"start":{"line":139,"column":31},"end":{"line":139,"column":99}},"63":{"start":{"line":140,"column":2},"end":{"line":140,"column":48}},"64":{"start":{"line":149,"column":2},"end":{"line":149,"column":44}},"65":{"start":{"line":149,"column":26},"end":{"line":149,"column":44}},"66":{"start":{"line":150,"column":18},"end":{"line":150,"column":72}},"67":{"start":{"line":151,"column":14},"end":{"line":151,"column":16}},"68":{"start":{"line":152,"column":14},"end":{"line":152,"column":61}},"69":{"start":{"line":153,"column":13},"end":{"line":153,"column":37}},"70":{"start":{"line":154,"column":14},"end":{"line":154,"column":37}},"71":{"start":{"line":155,"column":2},"end":{"line":158,"column":4}},"72":{"start":{"line":173,"column":50},"end":{"line":208,"column":1}},"73":{"start":{"line":174,"column":22},"end":{"line":174,"column":39}},"74":{"start":{"line":175,"column":22},"end":{"line":175,"column":39}},"75":{"start":{"line":176,"column":27},"end":{"line":176,"column":58}},"76":{"start":{"line":177,"column":13},"end":{"line":177,"column":30}},"77":{"start":{"line":178,"column":13},"end":{"line":178,"column":30}},"78":{"start":{"line":179,"column":21},"end":{"line":179,"column":106}},"79":{"start":{"line":180,"column":21},"end":{"line":180,"column":106}},"80":{"start":{"line":182,"column":2},"end":{"line":207,"column":4}},"81":{"start":{"line":195,"column":8},"end":{"line":195,"column":30}},"82":{"start":{"line":195,"column":18},"end":{"line":195,"column":30}},"83":{"start":{"line":196,"column":21},"end":{"line":196,"column":80}},"84":{"start":{"line":197,"column":8},"end":{"line":204,"column":10}},"85":{"start":{"line":228,"column":26},"end":{"line":562,"column":2}},"86":{"start":{"line":233,"column":17},"end":{"line":233,"column":72}},"87":{"start":{"line":233,"column":31},"end":{"line":233,"column":55}},"88":{"start":{"line":234,"column":32},"end":{"line":236,"column":3}},"89":{"start":{"line":235,"column":4},"end":{"line":235,"column":96}},"90":{"start":{"line":237,"column":15},"end":{"line":240,"column":3}},"91":{"start":{"line":238,"column":10},"end":{"line":238,"column":69}},"92":{"start":{"line":241,"column":26},"end":{"line":241,"column":58}},"93":{"start":{"line":242,"column":44},"end":{"line":242,"column":73}},"94":{"start":{"line":243,"column":42},"end":{"line":243,"column":71}},"95":{"start":{"line":244,"column":21},"end":{"line":244,"column":36}},"96":{"start":{"line":245,"column":2},"end":{"line":245,"column":31}},"97":{"start":{"line":248,"column":2},"end":{"line":253,"column":62}},"98":{"start":{"line":249,"column":17},"end":{"line":251,"column":22}},"99":{"start":{"line":252,"column":4},"end":{"line":252,"column":21}},"100":{"start":{"line":256,"column":2},"end":{"line":262,"column":41}},"101":{"start":{"line":257,"column":4},"end":{"line":257,"column":26}},"102":{"start":{"line":257,"column":19},"end":{"line":257,"column":26}},"103":{"start":{"line":258,"column":18},"end":{"line":260,"column":11}},"104":{"start":{"line":259,"column":6},"end":{"line":259,"column":79}},"105":{"start":{"line":261,"column":4},"end":{"line":261,"column":37}},"106":{"start":{"line":261,"column":17},"end":{"line":261,"column":36}},"107":{"start":{"line":264,"column":2},"end":{"line":272,"column":32}},"108":{"start":{"line":265,"column":4},"end":{"line":265,"column":26}},"109":{"start":{"line":265,"column":19},"end":{"line":265,"column":26}},"110":{"start":{"line":266,"column":4},"end":{"line":271,"column":6}},"111":{"start":{"line":267,"column":23},"end":{"line":267,"column":41}},"112":{"start":{"line":268,"column":6},"end":{"line":270,"column":7}},"113":{"start":{"line":269,"column":8},"end":{"line":269,"column":82}},"114":{"start":{"line":274,"column":21},"end":{"line":274,"column":51}},"115":{"start":{"line":275,"column":24},"end":{"line":275,"column":37}},"116":{"start":{"line":277,"column":2},"end":{"line":279,"column":31}},"117":{"start":{"line":278,"column":4},"end":{"line":278,"column":34}},"118":{"start":{"line":282,"column":2},"end":{"line":289,"column":48}},"119":{"start":{"line":283,"column":4},"end":{"line":283,"column":62}},"120":{"start":{"line":283,"column":55},"end":{"line":283,"column":62}},"121":{"start":{"line":284,"column":14},"end":{"line":287,"column":11}},"122":{"start":{"line":285,"column":6},"end":{"line":285,"column":40}},"123":{"start":{"line":286,"column":6},"end":{"line":286,"column":35}},"124":{"start":{"line":288,"column":4},"end":{"line":288,"column":33}},"125":{"start":{"line":288,"column":17},"end":{"line":288,"column":32}},"126":{"start":{"line":292,"column":22},"end":{"line":292,"column":33}},"127":{"start":{"line":293,"column":22},"end":{"line":293,"column":33}},"128":{"start":{"line":294,"column":30},"end":{"line":294,"column":41}},"129":{"start":{"line":295,"column":32},"end":{"line":295,"column":47}},"130":{"start":{"line":296,"column":18},"end":{"line":296,"column":50}},"131":{"start":{"line":298,"column":17},"end":{"line":298,"column":68}},"132":{"start":{"line":298,"column":31},"end":{"line":298,"column":56}},"133":{"start":{"line":299,"column":47},"end":{"line":299,"column":53}},"134":{"start":{"line":300,"column":23},"end":{"line":300,"column":51}},"135":{"start":{"line":302,"column":27},"end":{"line":306,"column":8}},"136":{"start":{"line":303,"column":4},"end":{"line":303,"column":59}},"137":{"start":{"line":304,"column":4},"end":{"line":304,"column":14}},"138":{"start":{"line":305,"column":4},"end":{"line":305,"column":14}},"139":{"start":{"line":308,"column":20},"end":{"line":320,"column":8}},"140":{"start":{"line":309,"column":15},"end":{"line":309,"column":35}},"141":{"start":{"line":310,"column":4},"end":{"line":310,"column":20}},"142":{"start":{"line":310,"column":13},"end":{"line":310,"column":20}},"143":{"start":{"line":311,"column":28},"end":{"line":311,"column":43}},"144":{"start":{"line":312,"column":15},"end":{"line":312,"column":33}},"145":{"start":{"line":313,"column":15},"end":{"line":313,"column":34}},"146":{"start":{"line":314,"column":15},"end":{"line":314,"column":69}},"147":{"start":{"line":315,"column":18},"end":{"line":315,"column":28}},"148":{"start":{"line":316,"column":15},"end":{"line":316,"column":36}},"149":{"start":{"line":317,"column":15},"end":{"line":317,"column":36}},"150":{"start":{"line":318,"column":4},"end":{"line":318,"column":50}},"151":{"start":{"line":319,"column":4},"end":{"line":319,"column":14}},"152":{"start":{"line":319,"column":15},"end":{"line":319,"column":25}},"153":{"start":{"line":319,"column":26},"end":{"line":319,"column":40}},"154":{"start":{"line":323,"column":2},"end":{"line":355,"column":45}},"155":{"start":{"line":324,"column":37},"end":{"line":352,"column":5}},"156":{"start":{"line":325,"column":18},"end":{"line":325,"column":32}},"157":{"start":{"line":326,"column":19},"end":{"line":326,"column":37}},"158":{"start":{"line":328,"column":17},"end":{"line":328,"column":37}},"159":{"start":{"line":329,"column":6},"end":{"line":329,"column":46}},"160":{"start":{"line":329,"column":39},"end":{"line":329,"column":46}},"161":{"start":{"line":330,"column":18},"end":{"line":330,"column":20}},"162":{"start":{"line":331,"column":20},"end":{"line":335,"column":8}},"163":{"start":{"line":333,"column":24},"end":{"line":333,"column":31}},"164":{"start":{"line":336,"column":23},"end":{"line":336,"column":46}},"165":{"start":{"line":337,"column":23},"end":{"line":337,"column":46}},"166":{"start":{"line":338,"column":52},"end":{"line":338,"column":54}},"167":{"start":{"line":339,"column":23},"end":{"line":343,"column":7}},"168":{"start":{"line":344,"column":20},"end":{"line":344,"column":57}},"169":{"start":{"line":345,"column":23},"end":{"line":345,"column":43}},"170":{"start":{"line":346,"column":23},"end":{"line":346,"column":43}},"171":{"start":{"line":347,"column":17},"end":{"line":347,"column":63}},"172":{"start":{"line":348,"column":17},"end":{"line":348,"column":63}},"173":{"start":{"line":349,"column":6},"end":{"line":349,"column":48}},"174":{"start":{"line":350,"column":6},"end":{"line":350,"column":16}},"175":{"start":{"line":350,"column":17},"end":{"line":350,"column":27}},"176":{"start":{"line":350,"column":28},"end":{"line":350,"column":45}},"177":{"start":{"line":353,"column":4},"end":{"line":353,"column":32}},"178":{"start":{"line":354,"column":4},"end":{"line":354,"column":18}},"179":{"start":{"line":357,"column":2},"end":{"line":357,"column":92}},"180":{"start":{"line":357,"column":20},"end":{"line":357,"column":70}},"181":{"start":{"line":360,"column":2},"end":{"line":381,"column":9}},"182":{"start":{"line":361,"column":15},"end":{"line":361,"column":35}},"183":{"start":{"line":362,"column":4},"end":{"line":362,"column":20}},"184":{"start":{"line":362,"column":13},"end":{"line":362,"column":20}},"185":{"start":{"line":363,"column":20},"end":{"line":378,"column":5}},"186":{"start":{"line":364,"column":6},"end":{"line":364,"column":25}},"187":{"start":{"line":365,"column":19},"end":{"line":365,"column":45}},"188":{"start":{"line":366,"column":30},"end":{"line":366,"column":45}},"189":{"start":{"line":367,"column":17},"end":{"line":367,"column":38}},"190":{"start":{"line":368,"column":17},"end":{"line":368,"column":37}},"191":{"start":{"line":369,"column":21},"end":{"line":369,"column":51}},"192":{"start":{"line":370,"column":17},"end":{"line":370,"column":71}},"193":{"start":{"line":371,"column":20},"end":{"line":371,"column":30}},"194":{"start":{"line":372,"column":17},"end":{"line":372,"column":38}},"195":{"start":{"line":373,"column":17},"end":{"line":373,"column":38}},"196":{"start":{"line":374,"column":6},"end":{"line":374,"column":52}},"197":{"start":{"line":375,"column":6},"end":{"line":375,"column":20}},"198":{"start":{"line":376,"column":6},"end":{"line":376,"column":16}},"199":{"start":{"line":377,"column":6},"end":{"line":377,"column":16}},"200":{"start":{"line":379,"column":4},"end":{"line":379,"column":62}},"201":{"start":{"line":380,"column":4},"end":{"line":380,"column":58}},"202":{"start":{"line":380,"column":17},"end":{"line":380,"column":57}},"203":{"start":{"line":383,"column":25},"end":{"line":404,"column":8}},"204":{"start":{"line":384,"column":4},"end":{"line":384,"column":69}},"205":{"start":{"line":384,"column":62},"end":{"line":384,"column":69}},"206":{"start":{"line":385,"column":4},"end":{"line":385,"column":69}},"207":{"start":{"line":385,"column":62},"end":{"line":385,"column":69}},"208":{"start":{"line":386,"column":4},"end":{"line":386,"column":23}},"209":{"start":{"line":387,"column":4},"end":{"line":387,"column":21}},"210":{"start":{"line":388,"column":21},"end":{"line":388,"column":36}},"211":{"start":{"line":389,"column":15},"end":{"line":389,"column":24}},"212":{"start":{"line":389,"column":31},"end":{"line":389,"column":40}},"213":{"start":{"line":390,"column":19},"end":{"line":396,"column":5}},"214":{"start":{"line":391,"column":17},"end":{"line":391,"column":36}},"215":{"start":{"line":392,"column":17},"end":{"line":392,"column":36}},"216":{"start":{"line":393,"column":6},"end":{"line":393,"column":61}},"217":{"start":{"line":394,"column":6},"end":{"line":394,"column":16}},"218":{"start":{"line":395,"column":6},"end":{"line":395,"column":16}},"219":{"start":{"line":397,"column":17},"end":{"line":401,"column":5}},"220":{"start":{"line":398,"column":6},"end":{"line":398,"column":24}},"221":{"start":{"line":399,"column":6},"end":{"line":399,"column":54}},"222":{"start":{"line":400,"column":6},"end":{"line":400,"column":50}},"223":{"start":{"line":402,"column":4},"end":{"line":402,"column":49}},"224":{"start":{"line":403,"column":4},"end":{"line":403,"column":45}},"225":{"start":{"line":406,"column":20},"end":{"line":408,"column":8}},"226":{"start":{"line":407,"column":4},"end":{"line":407,"column":74}},"227":{"start":{"line":407,"column":23},"end":{"line":407,"column":72}},"228":{"start":{"line":407,"column":38},"end":{"line":407,"column":70}},"229":{"start":{"line":410,"column":19},"end":{"line":413,"column":8}},"230":{"start":{"line":411,"column":4},"end":{"line":411,"column":95}},"231":{"start":{"line":411,"column":23},"end":{"line":411,"column":93}},"232":{"start":{"line":411,"column":37},"end":{"line":411,"column":92}},"233":{"start":{"line":412,"column":4},"end":{"line":412,"column":18}},"234":{"start":{"line":415,"column":19},"end":{"line":421,"column":8}},"235":{"start":{"line":416,"column":4},"end":{"line":419,"column":8}},"236":{"start":{"line":416,"column":23},"end":{"line":419,"column":6}},"237":{"start":{"line":417,"column":6},"end":{"line":417,"column":37}},"238":{"start":{"line":417,"column":28},"end":{"line":417,"column":37}},"239":{"start":{"line":418,"column":6},"end":{"line":418,"column":147}},"240":{"start":{"line":418,"column":55},"end":{"line":418,"column":143}},"241":{"start":{"line":420,"column":4},"end":{"line":420,"column":18}},"242":{"start":{"line":423,"column":18},"end":{"line":427,"column":8}},"243":{"start":{"line":424,"column":34},"end":{"line":424,"column":120}},"244":{"start":{"line":425,"column":4},"end":{"line":425,"column":111}},"245":{"start":{"line":425,"column":23},"end":{"line":425,"column":109}},"246":{"start":{"line":425,"column":37},"end":{"line":425,"column":108}},"247":{"start":{"line":426,"column":4},"end":{"line":426,"column":99}},"248":{"start":{"line":429,"column":21},"end":{"line":431,"column":8}},"249":{"start":{"line":430,"column":4},"end":{"line":430,"column":126}},"250":{"start":{"line":430,"column":23},"end":{"line":430,"column":124}},"251":{"start":{"line":430,"column":37},"end":{"line":430,"column":123}},"252":{"start":{"line":430,"column":105},"end":{"line":430,"column":120}},"253":{"start":{"line":433,"column":2},"end":{"line":439,"column":3}},"254":{"start":{"line":434,"column":4},"end":{"line":438,"column":6}},"255":{"start":{"line":441,"column":2},"end":{"line":561,"column":4}},"256":{"start":{"line":464,"column":23},"end":{"line":464,"column":45}},"257":{"start":{"line":497,"column":22},"end":{"line":497,"column":62}},"258":{"start":{"line":497,"column":40},"end":{"line":497,"column":61}},"259":{"start":{"line":498,"column":22},"end":{"line":498,"column":62}},"260":{"start":{"line":498,"column":40},"end":{"line":498,"column":61}},"261":{"start":{"line":499,"column":10},"end":{"line":499,"column":40}},"262":{"start":{"line":499,"column":28},"end":{"line":499,"column":40}},"263":{"start":{"line":501,"column":21},"end":{"line":501,"column":30}},"264":{"start":{"line":501,"column":37},"end":{"line":501,"column":46}},"265":{"start":{"line":502,"column":21},"end":{"line":502,"column":36}},"266":{"start":{"line":502,"column":43},"end":{"line":502,"column":58}},"267":{"start":{"line":503,"column":21},"end":{"line":503,"column":36}},"268":{"start":{"line":503,"column":43},"end":{"line":503,"column":58}},"269":{"start":{"line":504,"column":24},"end":{"line":504,"column":68}},"270":{"start":{"line":505,"column":24},"end":{"line":505,"column":68}},"271":{"start":{"line":506,"column":29},"end":{"line":506,"column":110}},"272":{"start":{"line":508,"column":24},"end":{"line":508,"column":84}},"273":{"start":{"line":509,"column":33},"end":{"line":509,"column":143}},"274":{"start":{"line":509,"column":60},"end":{"line":509,"column":80}},"275":{"start":{"line":509,"column":81},"end":{"line":509,"column":141}},"276":{"start":{"line":509,"column":107},"end":{"line":509,"column":138}},"277":{"start":{"line":511,"column":10},"end":{"line":521,"column":12}},"278":{"start":{"line":518,"column":34},"end":{"line":518,"column":57}},"279":{"start":{"line":519,"column":34},"end":{"line":519,"column":55}},"280":{"start":{"line":527,"column":8},"end":{"line":546,"column":10}},"281":{"start":{"line":535,"column":33},"end":{"line":535,"column":90}},"282":{"start":{"line":536,"column":30},"end":{"line":536,"column":52}},"283":{"start":{"line":538,"column":22},"end":{"line":538,"column":64}},"284":{"start":{"line":538,"column":47},"end":{"line":538,"column":62}},"285":{"start":{"line":539,"column":12},"end":{"line":539,"column":91}},"286":{"start":{"line":541,"column":40},"end":{"line":541,"column":70}},"287":{"start":{"line":542,"column":30},"end":{"line":542,"column":43}},"288":{"start":{"line":543,"column":27},"end":{"line":543,"column":42}},"289":{"start":{"line":544,"column":34},"end":{"line":544,"column":60}},"290":{"start":{"line":564,"column":0},"end":{"line":564,"column":38}},"291":{"start":{"line":585,"column":42},"end":{"line":708,"column":1}},"292":{"start":{"line":589,"column":18},"end":{"line":589,"column":89}},"293":{"start":{"line":590,"column":40},"end":{"line":590,"column":69}},"294":{"start":{"line":592,"column":26},"end":{"line":611,"column":3}},"295":{"start":{"line":593,"column":4},"end":{"line":593,"column":62}},"296":{"start":{"line":593,"column":55},"end":{"line":593,"column":62}},"297":{"start":{"line":594,"column":4},"end":{"line":594,"column":24}},"298":{"start":{"line":595,"column":4},"end":{"line":595,"column":77}},"299":{"start":{"line":596,"column":20},"end":{"line":603,"column":5}},"300":{"start":{"line":597,"column":6},"end":{"line":597,"column":35}},"301":{"start":{"line":597,"column":28},"end":{"line":597,"column":35}},"302":{"start":{"line":598,"column":6},"end":{"line":602,"column":8}},"303":{"start":{"line":604,"column":17},"end":{"line":608,"column":5}},"304":{"start":{"line":605,"column":6},"end":{"line":605,"column":29}},"305":{"start":{"line":606,"column":6},"end":{"line":606,"column":55}},"306":{"start":{"line":607,"column":6},"end":{"line":607,"column":50}},"307":{"start":{"line":609,"column":4},"end":{"line":609,"column":50}},"308":{"start":{"line":610,"column":4},"end":{"line":610,"column":45}},"309":{"start":{"line":613,"column":28},"end":{"line":613,"column":61}},"310":{"start":{"line":614,"column":16},"end":{"line":614,"column":53}},"311":{"start":{"line":616,"column":2},"end":{"line":707,"column":4}},"312":{"start":{"line":636,"column":30},"end":{"line":636,"column":50}},"313":{"start":{"line":636,"column":51},"end":{"line":636,"column":69}},"314":{"start":{"line":659,"column":27},"end":{"line":659,"column":73}},"315":{"start":{"line":660,"column":30},"end":{"line":660,"column":74}},"316":{"start":{"line":660,"column":53},"end":{"line":660,"column":74}},"317":{"start":{"line":660,"column":75},"end":{"line":660,"column":114}},"318":{"start":{"line":660,"column":99},"end":{"line":660,"column":114}},"319":{"start":{"line":661,"column":26},"end":{"line":661,"column":46}},"320":{"start":{"line":662,"column":26},"end":{"line":662,"column":45}},"321":{"start":{"line":687,"column":10},"end":{"line":699,"column":12}},"322":{"start":{"line":692,"column":32},"end":{"line":692,"column":55}},"323":{"start":{"line":693,"column":32},"end":{"line":693,"column":52}},"324":{"start":{"line":694,"column":33},"end":{"line":694,"column":57}},"325":{"start":{"line":695,"column":30},"end":{"line":695,"column":55}},"326":{"start":{"line":697,"column":28},"end":{"line":697,"column":49}},"327":{"start":{"line":698,"column":36},"end":{"line":698,"column":118}},"328":{"start":{"line":725,"column":40},"end":{"line":791,"column":1}},"329":{"start":{"line":729,"column":2},"end":{"line":750,"column":3}},"330":{"start":{"line":730,"column":4},"end":{"line":749,"column":6}},"331":{"start":{"line":736,"column":25},"end":{"line":736,"column":67}},"332":{"start":{"line":737,"column":28},"end":{"line":737,"column":86}},"333":{"start":{"line":737,"column":51},"end":{"line":737,"column":86}},"334":{"start":{"line":737,"column":87},"end":{"line":737,"column":122}},"335":{"start":{"line":737,"column":111},"end":{"line":737,"column":122}},"336":{"start":{"line":737,"column":123},"end":{"line":737,"column":227}},"337":{"start":{"line":737,"column":146},"end":{"line":737,"column":165}},"338":{"start":{"line":737,"column":166},"end":{"line":737,"column":225}},"339":{"start":{"line":743,"column":25},"end":{"line":743,"column":67}},"340":{"start":{"line":744,"column":28},"end":{"line":744,"column":86}},"341":{"start":{"line":744,"column":51},"end":{"line":744,"column":86}},"342":{"start":{"line":744,"column":87},"end":{"line":744,"column":122}},"343":{"start":{"line":744,"column":111},"end":{"line":744,"column":122}},"344":{"start":{"line":745,"column":24},"end":{"line":745,"column":58}},"345":{"start":{"line":752,"column":2},"end":{"line":790,"column":4}},"346":{"start":{"line":778,"column":26},"end":{"line":778,"column":46}},"347":{"start":{"line":778,"column":47},"end":{"line":778,"column":58}},"348":{"start":{"line":795,"column":54},"end":{"line":818,"column":1}},"349":{"start":{"line":796,"column":24},"end":{"line":796,"column":39}},"350":{"start":{"line":797,"column":2},"end":{"line":817,"column":4}},"351":{"start":{"line":800,"column":26},"end":{"line":800,"column":38}},"352":{"start":{"line":801,"column":26},"end":{"line":801,"column":39}}},"fnMap":{"0":{"name":"boxH","decl":{"start":{"line":27,"column":9},"end":{"line":27,"column":13}},"loc":{"start":{"line":27,"column":30},"end":{"line":31,"column":1}},"line":27},"1":{"name":"getLayoutMetrics","decl":{"start":{"line":33,"column":9},"end":{"line":33,"column":25}},"loc":{"start":{"line":33,"column":42},"end":{"line":60,"column":1}},"line":33},"2":{"name":"(anonymous_2)","decl":{"start":{"line":46,"column":39},"end":{"line":46,"column":40}},"loc":{"start":{"line":46,"column":44},"end":{"line":46,"column":47}},"line":46},"3":{"name":"(anonymous_3)","decl":{"start":{"line":47,"column":39},"end":{"line":47,"column":40}},"loc":{"start":{"line":47,"column":44},"end":{"line":47,"column":47}},"line":47},"4":{"name":"(anonymous_4)","decl":{"start":{"line":48,"column":39},"end":{"line":48,"column":40}},"loc":{"start":{"line":48,"column":44},"end":{"line":48,"column":52}},"line":48},"5":{"name":"(anonymous_5)","decl":{"start":{"line":49,"column":39},"end":{"line":49,"column":40}},"loc":{"start":{"line":49,"column":44},"end":{"line":49,"column":57}},"line":49},"6":{"name":"edgePt","decl":{"start":{"line":62,"column":9},"end":{"line":62,"column":15}},"loc":{"start":{"line":62,"column":75},"end":{"line":69,"column":1}},"line":62},"7":{"name":"multiplicityPosition","decl":{"start":{"line":89,"column":9},"end":{"line":89,"column":29}},"loc":{"start":{"line":92,"column":28},"end":{"line":107,"column":1}},"line":92},"8":{"name":"edgeState","decl":{"start":{"line":113,"column":9},"end":{"line":113,"column":18}},"loc":{"start":{"line":113,"column":71},"end":{"line":117,"column":1}},"line":113},"9":{"name":"markerUrl","decl":{"start":{"line":131,"column":9},"end":{"line":131,"column":18}},"loc":{"start":{"line":131,"column":57},"end":{"line":134,"column":1}},"line":131},"10":{"name":"resolveMarkers","decl":{"start":{"line":136,"column":9},"end":{"line":136,"column":23}},"loc":{"start":{"line":136,"column":73},"end":{"line":141,"column":1}},"line":136},"11":{"name":"applyParallelOffset","decl":{"start":{"line":143,"column":9},"end":{"line":143,"column":28}},"loc":{"start":{"line":148,"column":2},"end":{"line":159,"column":1}},"line":148},"12":{"name":"(anonymous_12)","decl":{"start":{"line":173,"column":50},"end":{"line":173,"column":51}},"loc":{"start":{"line":173,"column":118},"end":{"line":208,"column":1}},"line":173},"13":{"name":"(anonymous_13)","decl":{"start":{"line":194,"column":36},"end":{"line":194,"column":37}},"loc":{"start":{"line":194,"column":50},"end":{"line":205,"column":7}},"line":194},"14":{"name":"(anonymous_14)","decl":{"start":{"line":228,"column":72},"end":{"line":228,"column":73}},"loc":{"start":{"line":232,"column":11},"end":{"line":562,"column":1}},"line":232},"15":{"name":"(anonymous_15)","decl":{"start":{"line":233,"column":25},"end":{"line":233,"column":26}},"loc":{"start":{"line":233,"column":31},"end":{"line":233,"column":55}},"line":233},"16":{"name":"(anonymous_16)","decl":{"start":{"line":234,"column":48},"end":{"line":234,"column":49}},"loc":{"start":{"line":235,"column":4},"end":{"line":235,"column":96}},"line":235},"17":{"name":"(anonymous_17)","decl":{"start":{"line":238,"column":4},"end":{"line":238,"column":5}},"loc":{"start":{"line":238,"column":10},"end":{"line":238,"column":69}},"line":238},"18":{"name":"(anonymous_18)","decl":{"start":{"line":248,"column":12},"end":{"line":248,"column":13}},"loc":{"start":{"line":248,"column":18},"end":{"line":253,"column":3}},"line":248},"19":{"name":"(anonymous_19)","decl":{"start":{"line":256,"column":12},"end":{"line":256,"column":13}},"loc":{"start":{"line":256,"column":18},"end":{"line":262,"column":3}},"line":256},"20":{"name":"(anonymous_20)","decl":{"start":{"line":258,"column":29},"end":{"line":258,"column":30}},"loc":{"start":{"line":258,"column":35},"end":{"line":260,"column":5}},"line":258},"21":{"name":"(anonymous_21)","decl":{"start":{"line":261,"column":11},"end":{"line":261,"column":12}},"loc":{"start":{"line":261,"column":17},"end":{"line":261,"column":36}},"line":261},"22":{"name":"(anonymous_22)","decl":{"start":{"line":264,"column":12},"end":{"line":264,"column":13}},"loc":{"start":{"line":264,"column":18},"end":{"line":272,"column":3}},"line":264},"23":{"name":"(anonymous_23)","decl":{"start":{"line":266,"column":11},"end":{"line":266,"column":12}},"loc":{"start":{"line":266,"column":17},"end":{"line":271,"column":5}},"line":266},"24":{"name":"(anonymous_24)","decl":{"start":{"line":277,"column":12},"end":{"line":277,"column":13}},"loc":{"start":{"line":277,"column":18},"end":{"line":279,"column":3}},"line":277},"25":{"name":"(anonymous_25)","decl":{"start":{"line":282,"column":12},"end":{"line":282,"column":13}},"loc":{"start":{"line":282,"column":18},"end":{"line":289,"column":3}},"line":282},"26":{"name":"(anonymous_26)","decl":{"start":{"line":284,"column":25},"end":{"line":284,"column":26}},"loc":{"start":{"line":284,"column":31},"end":{"line":287,"column":5}},"line":284},"27":{"name":"(anonymous_27)","decl":{"start":{"line":288,"column":11},"end":{"line":288,"column":12}},"loc":{"start":{"line":288,"column":17},"end":{"line":288,"column":32}},"line":288},"28":{"name":"(anonymous_28)","decl":{"start":{"line":298,"column":25},"end":{"line":298,"column":26}},"loc":{"start":{"line":298,"column":31},"end":{"line":298,"column":56}},"line":298},"29":{"name":"(anonymous_29)","decl":{"start":{"line":302,"column":39},"end":{"line":302,"column":40}},"loc":{"start":{"line":302,"column":67},"end":{"line":306,"column":3}},"line":302},"30":{"name":"(anonymous_30)","decl":{"start":{"line":308,"column":32},"end":{"line":308,"column":33}},"loc":{"start":{"line":308,"column":52},"end":{"line":320,"column":3}},"line":308},"31":{"name":"(anonymous_31)","decl":{"start":{"line":323,"column":27},"end":{"line":323,"column":28}},"loc":{"start":{"line":323,"column":33},"end":{"line":355,"column":3}},"line":323},"32":{"name":"(anonymous_32)","decl":{"start":{"line":325,"column":12},"end":{"line":325,"column":13}},"loc":{"start":{"line":325,"column":18},"end":{"line":325,"column":32}},"line":325},"33":{"name":"(anonymous_33)","decl":{"start":{"line":326,"column":13},"end":{"line":326,"column":14}},"loc":{"start":{"line":326,"column":19},"end":{"line":326,"column":37}},"line":326},"34":{"name":"(anonymous_34)","decl":{"start":{"line":327,"column":15},"end":{"line":327,"column":16}},"loc":{"start":{"line":327,"column":21},"end":{"line":351,"column":5}},"line":327},"35":{"name":"(anonymous_35)","decl":{"start":{"line":333,"column":19},"end":{"line":333,"column":20}},"loc":{"start":{"line":333,"column":24},"end":{"line":333,"column":31}},"line":333},"36":{"name":"(anonymous_36)","decl":{"start":{"line":357,"column":12},"end":{"line":357,"column":13}},"loc":{"start":{"line":357,"column":18},"end":{"line":357,"column":72}},"line":357},"37":{"name":"(anonymous_37)","decl":{"start":{"line":360,"column":12},"end":{"line":360,"column":13}},"loc":{"start":{"line":360,"column":18},"end":{"line":381,"column":3}},"line":360},"38":{"name":"(anonymous_38)","decl":{"start":{"line":363,"column":20},"end":{"line":363,"column":21}},"loc":{"start":{"line":363,"column":39},"end":{"line":378,"column":5}},"line":363},"39":{"name":"(anonymous_39)","decl":{"start":{"line":380,"column":11},"end":{"line":380,"column":12}},"loc":{"start":{"line":380,"column":17},"end":{"line":380,"column":57}},"line":380},"40":{"name":"(anonymous_40)","decl":{"start":{"line":383,"column":37},"end":{"line":383,"column":38}},"loc":{"start":{"line":383,"column":62},"end":{"line":404,"column":3}},"line":383},"41":{"name":"(anonymous_41)","decl":{"start":{"line":390,"column":19},"end":{"line":390,"column":20}},"loc":{"start":{"line":390,"column":39},"end":{"line":396,"column":5}},"line":390},"42":{"name":"(anonymous_42)","decl":{"start":{"line":397,"column":17},"end":{"line":397,"column":18}},"loc":{"start":{"line":397,"column":23},"end":{"line":401,"column":5}},"line":397},"43":{"name":"(anonymous_43)","decl":{"start":{"line":406,"column":32},"end":{"line":406,"column":33}},"loc":{"start":{"line":406,"column":70},"end":{"line":408,"column":3}},"line":406},"44":{"name":"(anonymous_44)","decl":{"start":{"line":407,"column":15},"end":{"line":407,"column":16}},"loc":{"start":{"line":407,"column":23},"end":{"line":407,"column":72}},"line":407},"45":{"name":"(anonymous_45)","decl":{"start":{"line":407,"column":32},"end":{"line":407,"column":33}},"loc":{"start":{"line":407,"column":38},"end":{"line":407,"column":70}},"line":407},"46":{"name":"(anonymous_46)","decl":{"start":{"line":410,"column":31},"end":{"line":410,"column":32}},"loc":{"start":{"line":410,"column":61},"end":{"line":413,"column":3}},"line":410},"47":{"name":"(anonymous_47)","decl":{"start":{"line":411,"column":15},"end":{"line":411,"column":16}},"loc":{"start":{"line":411,"column":23},"end":{"line":411,"column":93}},"line":411},"48":{"name":"(anonymous_48)","decl":{"start":{"line":411,"column":32},"end":{"line":411,"column":33}},"loc":{"start":{"line":411,"column":37},"end":{"line":411,"column":92}},"line":411},"49":{"name":"(anonymous_49)","decl":{"start":{"line":415,"column":31},"end":{"line":415,"column":32}},"loc":{"start":{"line":415,"column":96},"end":{"line":421,"column":3}},"line":415},"50":{"name":"(anonymous_50)","decl":{"start":{"line":416,"column":15},"end":{"line":416,"column":16}},"loc":{"start":{"line":416,"column":23},"end":{"line":419,"column":6}},"line":416},"51":{"name":"(anonymous_51)","decl":{"start":{"line":416,"column":32},"end":{"line":416,"column":33}},"loc":{"start":{"line":416,"column":37},"end":{"line":419,"column":5}},"line":416},"52":{"name":"(anonymous_52)","decl":{"start":{"line":418,"column":50},"end":{"line":418,"column":51}},"loc":{"start":{"line":418,"column":55},"end":{"line":418,"column":143}},"line":418},"53":{"name":"(anonymous_53)","decl":{"start":{"line":423,"column":30},"end":{"line":423,"column":31}},"loc":{"start":{"line":423,"column":51},"end":{"line":427,"column":3}},"line":423},"54":{"name":"(anonymous_54)","decl":{"start":{"line":425,"column":15},"end":{"line":425,"column":16}},"loc":{"start":{"line":425,"column":23},"end":{"line":425,"column":109}},"line":425},"55":{"name":"(anonymous_55)","decl":{"start":{"line":425,"column":32},"end":{"line":425,"column":33}},"loc":{"start":{"line":425,"column":37},"end":{"line":425,"column":108}},"line":425},"56":{"name":"(anonymous_56)","decl":{"start":{"line":429,"column":33},"end":{"line":429,"column":34}},"loc":{"start":{"line":429,"column":70},"end":{"line":431,"column":3}},"line":429},"57":{"name":"(anonymous_57)","decl":{"start":{"line":430,"column":15},"end":{"line":430,"column":16}},"loc":{"start":{"line":430,"column":23},"end":{"line":430,"column":124}},"line":430},"58":{"name":"(anonymous_58)","decl":{"start":{"line":430,"column":32},"end":{"line":430,"column":33}},"loc":{"start":{"line":430,"column":37},"end":{"line":430,"column":123}},"line":430},"59":{"name":"(anonymous_59)","decl":{"start":{"line":430,"column":100},"end":{"line":430,"column":101}},"loc":{"start":{"line":430,"column":105},"end":{"line":430,"column":120}},"line":430},"60":{"name":"(anonymous_60)","decl":{"start":{"line":464,"column":17},"end":{"line":464,"column":18}},"loc":{"start":{"line":464,"column":23},"end":{"line":464,"column":45}},"line":464},"61":{"name":"(anonymous_61)","decl":{"start":{"line":496,"column":18},"end":{"line":496,"column":19}},"loc":{"start":{"line":496,"column":25},"end":{"line":522,"column":9}},"line":496},"62":{"name":"(anonymous_62)","decl":{"start":{"line":497,"column":35},"end":{"line":497,"column":36}},"loc":{"start":{"line":497,"column":40},"end":{"line":497,"column":61}},"line":497},"63":{"name":"(anonymous_63)","decl":{"start":{"line":498,"column":35},"end":{"line":498,"column":36}},"loc":{"start":{"line":498,"column":40},"end":{"line":498,"column":61}},"line":498},"64":{"name":"(anonymous_64)","decl":{"start":{"line":509,"column":33},"end":{"line":509,"column":34}},"loc":{"start":{"line":509,"column":58},"end":{"line":509,"column":143}},"line":509},"65":{"name":"(anonymous_65)","decl":{"start":{"line":509,"column":98},"end":{"line":509,"column":99}},"loc":{"start":{"line":509,"column":107},"end":{"line":509,"column":138}},"line":509},"66":{"name":"(anonymous_66)","decl":{"start":{"line":518,"column":28},"end":{"line":518,"column":29}},"loc":{"start":{"line":518,"column":34},"end":{"line":518,"column":57}},"line":518},"67":{"name":"(anonymous_67)","decl":{"start":{"line":519,"column":28},"end":{"line":519,"column":29}},"loc":{"start":{"line":519,"column":34},"end":{"line":519,"column":55}},"line":519},"68":{"name":"(anonymous_68)","decl":{"start":{"line":526,"column":19},"end":{"line":526,"column":20}},"loc":{"start":{"line":527,"column":8},"end":{"line":546,"column":10}},"line":527},"69":{"name":"(anonymous_69)","decl":{"start":{"line":535,"column":27},"end":{"line":535,"column":28}},"loc":{"start":{"line":535,"column":33},"end":{"line":535,"column":90}},"line":535},"70":{"name":"(anonymous_70)","decl":{"start":{"line":536,"column":22},"end":{"line":536,"column":23}},"loc":{"start":{"line":536,"column":30},"end":{"line":536,"column":52}},"line":536},"71":{"name":"(anonymous_71)","decl":{"start":{"line":537,"column":27},"end":{"line":537,"column":28}},"loc":{"start":{"line":537,"column":37},"end":{"line":540,"column":11}},"line":537},"72":{"name":"(anonymous_72)","decl":{"start":{"line":538,"column":42},"end":{"line":538,"column":43}},"loc":{"start":{"line":538,"column":47},"end":{"line":538,"column":62}},"line":538},"73":{"name":"(anonymous_73)","decl":{"start":{"line":541,"column":22},"end":{"line":541,"column":23}},"loc":{"start":{"line":541,"column":40},"end":{"line":541,"column":70}},"line":541},"74":{"name":"(anonymous_74)","decl":{"start":{"line":542,"column":24},"end":{"line":542,"column":25}},"loc":{"start":{"line":542,"column":30},"end":{"line":542,"column":43}},"line":542},"75":{"name":"(anonymous_75)","decl":{"start":{"line":543,"column":21},"end":{"line":543,"column":22}},"loc":{"start":{"line":543,"column":27},"end":{"line":543,"column":42}},"line":543},"76":{"name":"(anonymous_76)","decl":{"start":{"line":544,"column":24},"end":{"line":544,"column":25}},"loc":{"start":{"line":544,"column":34},"end":{"line":544,"column":60}},"line":544},"77":{"name":"(anonymous_77)","decl":{"start":{"line":585,"column":42},"end":{"line":585,"column":43}},"loc":{"start":{"line":588,"column":6},"end":{"line":708,"column":1}},"line":588},"78":{"name":"(anonymous_78)","decl":{"start":{"line":592,"column":26},"end":{"line":592,"column":27}},"loc":{"start":{"line":592,"column":51},"end":{"line":611,"column":3}},"line":592},"79":{"name":"(anonymous_79)","decl":{"start":{"line":596,"column":20},"end":{"line":596,"column":21}},"loc":{"start":{"line":596,"column":40},"end":{"line":603,"column":5}},"line":596},"80":{"name":"(anonymous_80)","decl":{"start":{"line":604,"column":17},"end":{"line":604,"column":18}},"loc":{"start":{"line":604,"column":23},"end":{"line":608,"column":5}},"line":604},"81":{"name":"(anonymous_81)","decl":{"start":{"line":636,"column":23},"end":{"line":636,"column":24}},"loc":{"start":{"line":636,"column":28},"end":{"line":636,"column":71}},"line":636},"82":{"name":"(anonymous_82)","decl":{"start":{"line":659,"column":22},"end":{"line":659,"column":23}},"loc":{"start":{"line":659,"column":27},"end":{"line":659,"column":73}},"line":659},"83":{"name":"(anonymous_83)","decl":{"start":{"line":660,"column":23},"end":{"line":660,"column":24}},"loc":{"start":{"line":660,"column":28},"end":{"line":660,"column":116}},"line":660},"84":{"name":"(anonymous_84)","decl":{"start":{"line":661,"column":20},"end":{"line":661,"column":21}},"loc":{"start":{"line":661,"column":26},"end":{"line":661,"column":46}},"line":661},"85":{"name":"(anonymous_85)","decl":{"start":{"line":662,"column":21},"end":{"line":662,"column":22}},"loc":{"start":{"line":662,"column":26},"end":{"line":662,"column":45}},"line":662},"86":{"name":"(anonymous_86)","decl":{"start":{"line":686,"column":28},"end":{"line":686,"column":29}},"loc":{"start":{"line":687,"column":10},"end":{"line":699,"column":12}},"line":687},"87":{"name":"(anonymous_87)","decl":{"start":{"line":692,"column":26},"end":{"line":692,"column":27}},"loc":{"start":{"line":692,"column":32},"end":{"line":692,"column":55}},"line":692},"88":{"name":"(anonymous_88)","decl":{"start":{"line":693,"column":26},"end":{"line":693,"column":27}},"loc":{"start":{"line":693,"column":32},"end":{"line":693,"column":52}},"line":693},"89":{"name":"(anonymous_89)","decl":{"start":{"line":694,"column":27},"end":{"line":694,"column":28}},"loc":{"start":{"line":694,"column":33},"end":{"line":694,"column":57}},"line":694},"90":{"name":"(anonymous_90)","decl":{"start":{"line":695,"column":20},"end":{"line":695,"column":21}},"loc":{"start":{"line":695,"column":30},"end":{"line":695,"column":55}},"line":695},"91":{"name":"(anonymous_91)","decl":{"start":{"line":697,"column":22},"end":{"line":697,"column":23}},"loc":{"start":{"line":697,"column":28},"end":{"line":697,"column":49}},"line":697},"92":{"name":"(anonymous_92)","decl":{"start":{"line":698,"column":26},"end":{"line":698,"column":27}},"loc":{"start":{"line":698,"column":36},"end":{"line":698,"column":118}},"line":698},"93":{"name":"(anonymous_93)","decl":{"start":{"line":725,"column":40},"end":{"line":725,"column":41}},"loc":{"start":{"line":728,"column":6},"end":{"line":791,"column":1}},"line":728},"94":{"name":"(anonymous_94)","decl":{"start":{"line":736,"column":20},"end":{"line":736,"column":21}},"loc":{"start":{"line":736,"column":25},"end":{"line":736,"column":67}},"line":736},"95":{"name":"(anonymous_95)","decl":{"start":{"line":737,"column":21},"end":{"line":737,"column":22}},"loc":{"start":{"line":737,"column":26},"end":{"line":737,"column":229}},"line":737},"96":{"name":"(anonymous_96)","decl":{"start":{"line":743,"column":20},"end":{"line":743,"column":21}},"loc":{"start":{"line":743,"column":25},"end":{"line":743,"column":67}},"line":743},"97":{"name":"(anonymous_97)","decl":{"start":{"line":744,"column":21},"end":{"line":744,"column":22}},"loc":{"start":{"line":744,"column":26},"end":{"line":744,"column":124}},"line":744},"98":{"name":"(anonymous_98)","decl":{"start":{"line":745,"column":18},"end":{"line":745,"column":19}},"loc":{"start":{"line":745,"column":24},"end":{"line":745,"column":58}},"line":745},"99":{"name":"(anonymous_99)","decl":{"start":{"line":778,"column":19},"end":{"line":778,"column":20}},"loc":{"start":{"line":778,"column":24},"end":{"line":778,"column":60}},"line":778},"100":{"name":"(anonymous_100)","decl":{"start":{"line":795,"column":54},"end":{"line":795,"column":55}},"loc":{"start":{"line":795,"column":71},"end":{"line":818,"column":1}},"line":795},"101":{"name":"(anonymous_101)","decl":{"start":{"line":800,"column":20},"end":{"line":800,"column":21}},"loc":{"start":{"line":800,"column":26},"end":{"line":800,"column":38}},"line":800},"102":{"name":"(anonymous_102)","decl":{"start":{"line":801,"column":20},"end":{"line":801,"column":21}},"loc":{"start":{"line":801,"column":26},"end":{"line":801,"column":39}},"line":801}},"branchMap":{"0":{"loc":{"start":{"line":28,"column":13},"end":{"line":28,"column":62}},"type":"cond-expr","locations":[{"start":{"line":28,"column":45},"end":{"line":28,"column":53}},{"start":{"line":28,"column":56},"end":{"line":28,"column":62}}],"line":28},"1":{"loc":{"start":{"line":28,"column":13},"end":{"line":28,"column":42}},"type":"binary-expr","locations":[{"start":{"line":28,"column":13},"end":{"line":28,"column":25}},{"start":{"line":28,"column":29},"end":{"line":28,"column":42}}],"line":28},"2":{"loc":{"start":{"line":34,"column":2},"end":{"line":45,"column":3}},"type":"if","locations":[{"start":{"line":34,"column":2},"end":{"line":45,"column":3}},{"start":{},"end":{}}],"line":34},"3":{"loc":{"start":{"line":65,"column":2},"end":{"line":65,"column":42}},"type":"if","locations":[{"start":{"line":65,"column":2},"end":{"line":65,"column":42}},{"start":{},"end":{}}],"line":65},"4":{"loc":{"start":{"line":65,"column":6},"end":{"line":65,"column":16}},"type":"binary-expr","locations":[{"start":{"line":65,"column":6},"end":{"line":65,"column":9}},{"start":{"line":65,"column":13},"end":{"line":65,"column":16}}],"line":65},"5":{"loc":{"start":{"line":67,"column":12},"end":{"line":67,"column":89}},"type":"cond-expr","locations":[{"start":{"line":67,"column":52},"end":{"line":67,"column":69}},{"start":{"line":67,"column":72},"end":{"line":67,"column":89}}],"line":67},"6":{"loc":{"start":{"line":100,"column":16},"end":{"line":100,"column":42}},"type":"cond-expr","locations":[{"start":{"line":100,"column":34},"end":{"line":100,"column":36}},{"start":{"line":100,"column":39},"end":{"line":100,"column":42}}],"line":100},"7":{"loc":{"start":{"line":101,"column":16},"end":{"line":101,"column":41}},"type":"cond-expr","locations":[{"start":{"line":101,"column":34},"end":{"line":101,"column":36}},{"start":{"line":101,"column":39},"end":{"line":101,"column":41}}],"line":101},"8":{"loc":{"start":{"line":102,"column":16},"end":{"line":102,"column":41}},"type":"cond-expr","locations":[{"start":{"line":102,"column":34},"end":{"line":102,"column":36}},{"start":{"line":102,"column":39},"end":{"line":102,"column":41}}],"line":102},"9":{"loc":{"start":{"line":114,"column":2},"end":{"line":114,"column":36}},"type":"if","locations":[{"start":{"line":114,"column":2},"end":{"line":114,"column":36}},{"start":{},"end":{}}],"line":114},"10":{"loc":{"start":{"line":115,"column":2},"end":{"line":115,"column":35}},"type":"if","locations":[{"start":{"line":115,"column":2},"end":{"line":115,"column":35}},{"start":{},"end":{}}],"line":115},"11":{"loc":{"start":{"line":132,"column":23},"end":{"line":132,"column":85}},"type":"cond-expr","locations":[{"start":{"line":132,"column":45},"end":{"line":132,"column":47}},{"start":{"line":132,"column":50},"end":{"line":132,"column":85}}],"line":132},"12":{"loc":{"start":{"line":132,"column":50},"end":{"line":132,"column":85}},"type":"cond-expr","locations":[{"start":{"line":132,"column":72},"end":{"line":132,"column":77}},{"start":{"line":132,"column":80},"end":{"line":132,"column":85}}],"line":132},"13":{"loc":{"start":{"line":137,"column":2},"end":{"line":137,"column":98}},"type":"if","locations":[{"start":{"line":137,"column":2},"end":{"line":137,"column":98}},{"start":{},"end":{}}],"line":137},"14":{"loc":{"start":{"line":138,"column":2},"end":{"line":138,"column":99}},"type":"if","locations":[{"start":{"line":138,"column":2},"end":{"line":138,"column":99}},{"start":{},"end":{}}],"line":138},"15":{"loc":{"start":{"line":139,"column":2},"end":{"line":139,"column":99}},"type":"if","locations":[{"start":{"line":139,"column":2},"end":{"line":139,"column":99}},{"start":{},"end":{}}],"line":139},"16":{"loc":{"start":{"line":149,"column":2},"end":{"line":149,"column":44}},"type":"if","locations":[{"start":{"line":149,"column":2},"end":{"line":149,"column":44}},{"start":{},"end":{}}],"line":149},"17":{"loc":{"start":{"line":179,"column":21},"end":{"line":179,"column":106}},"type":"cond-expr","locations":[{"start":{"line":179,"column":46},"end":{"line":179,"column":99}},{"start":{"line":179,"column":102},"end":{"line":179,"column":106}}],"line":179},"18":{"loc":{"start":{"line":180,"column":21},"end":{"line":180,"column":106}},"type":"cond-expr","locations":[{"start":{"line":180,"column":46},"end":{"line":180,"column":97}},{"start":{"line":180,"column":102},"end":{"line":180,"column":106}}],"line":180},"19":{"loc":{"start":{"line":187,"column":7},"end":{"line":193,"column":7}},"type":"binary-expr","locations":[{"start":{"line":187,"column":7},"end":{"line":187,"column":16}},{"start":{"line":188,"column":8},"end":{"line":192,"column":15}}],"line":187},"20":{"loc":{"start":{"line":195,"column":8},"end":{"line":195,"column":30}},"type":"if","locations":[{"start":{"line":195,"column":8},"end":{"line":195,"column":30}},{"start":{},"end":{}}],"line":195},"21":{"loc":{"start":{"line":196,"column":21},"end":{"line":196,"column":80}},"type":"cond-expr","locations":[{"start":{"line":196,"column":33},"end":{"line":196,"column":55}},{"start":{"line":196,"column":58},"end":{"line":196,"column":80}}],"line":196},"22":{"loc":{"start":{"line":198,"column":18},"end":{"line":198,"column":53}},"type":"cond-expr","locations":[{"start":{"line":198,"column":30},"end":{"line":198,"column":40}},{"start":{"line":198,"column":43},"end":{"line":198,"column":53}}],"line":198},"23":{"loc":{"start":{"line":231,"column":2},"end":{"line":231,"column":27}},"type":"default-arg","locations":[{"start":{"line":231,"column":18},"end":{"line":231,"column":27}}],"line":231},"24":{"loc":{"start":{"line":235,"column":4},"end":{"line":235,"column":96}},"type":"cond-expr","locations":[{"start":{"line":235,"column":15},"end":{"line":235,"column":79}},{"start":{"line":235,"column":82},"end":{"line":235,"column":96}}],"line":235},"25":{"loc":{"start":{"line":249,"column":17},"end":{"line":251,"column":22}},"type":"cond-expr","locations":[{"start":{"line":250,"column":8},"end":{"line":250,"column":72}},{"start":{"line":251,"column":8},"end":{"line":251,"column":22}}],"line":249},"26":{"loc":{"start":{"line":257,"column":4},"end":{"line":257,"column":26}},"type":"if","locations":[{"start":{"line":257,"column":4},"end":{"line":257,"column":26}},{"start":{},"end":{}}],"line":257},"27":{"loc":{"start":{"line":265,"column":4},"end":{"line":265,"column":26}},"type":"if","locations":[{"start":{"line":265,"column":4},"end":{"line":265,"column":26}},{"start":{},"end":{}}],"line":265},"28":{"loc":{"start":{"line":268,"column":6},"end":{"line":270,"column":7}},"type":"if","locations":[{"start":{"line":268,"column":6},"end":{"line":270,"column":7}},{"start":{},"end":{}}],"line":268},"29":{"loc":{"start":{"line":283,"column":4},"end":{"line":283,"column":62}},"type":"if","locations":[{"start":{"line":283,"column":4},"end":{"line":283,"column":62}},{"start":{},"end":{}}],"line":283},"30":{"loc":{"start":{"line":283,"column":8},"end":{"line":283,"column":53}},"type":"binary-expr","locations":[{"start":{"line":283,"column":8},"end":{"line":283,"column":29}},{"start":{"line":283,"column":33},"end":{"line":283,"column":53}}],"line":283},"31":{"loc":{"start":{"line":310,"column":4},"end":{"line":310,"column":20}},"type":"if","locations":[{"start":{"line":310,"column":4},"end":{"line":310,"column":20}},{"start":{},"end":{}}],"line":310},"32":{"loc":{"start":{"line":329,"column":6},"end":{"line":329,"column":46}},"type":"if","locations":[{"start":{"line":329,"column":6},"end":{"line":329,"column":46}},{"start":{},"end":{}}],"line":329},"33":{"loc":{"start":{"line":329,"column":10},"end":{"line":329,"column":37}},"type":"binary-expr","locations":[{"start":{"line":329,"column":10},"end":{"line":329,"column":13}},{"start":{"line":329,"column":17},"end":{"line":329,"column":37}}],"line":329},"34":{"loc":{"start":{"line":362,"column":4},"end":{"line":362,"column":20}},"type":"if","locations":[{"start":{"line":362,"column":4},"end":{"line":362,"column":20}},{"start":{},"end":{}}],"line":362},"35":{"loc":{"start":{"line":369,"column":21},"end":{"line":369,"column":51}},"type":"cond-expr","locations":[{"start":{"line":369,"column":36},"end":{"line":369,"column":40}},{"start":{"line":369,"column":43},"end":{"line":369,"column":51}}],"line":369},"36":{"loc":{"start":{"line":384,"column":4},"end":{"line":384,"column":69}},"type":"if","locations":[{"start":{"line":384,"column":4},"end":{"line":384,"column":69}},{"start":{},"end":{}}],"line":384},"37":{"loc":{"start":{"line":385,"column":4},"end":{"line":385,"column":69}},"type":"if","locations":[{"start":{"line":385,"column":4},"end":{"line":385,"column":69}},{"start":{},"end":{}}],"line":385},"38":{"loc":{"start":{"line":407,"column":38},"end":{"line":407,"column":70}},"type":"cond-expr","locations":[{"start":{"line":407,"column":52},"end":{"line":407,"column":66}},{"start":{"line":407,"column":69},"end":{"line":407,"column":70}}],"line":407},"39":{"loc":{"start":{"line":411,"column":37},"end":{"line":411,"column":92}},"type":"cond-expr","locations":[{"start":{"line":411,"column":51},"end":{"line":411,"column":88}},{"start":{"line":411,"column":91},"end":{"line":411,"column":92}}],"line":411},"40":{"loc":{"start":{"line":411,"column":65},"end":{"line":411,"column":86}},"type":"binary-expr","locations":[{"start":{"line":411,"column":65},"end":{"line":411,"column":76}},{"start":{"line":411,"column":80},"end":{"line":411,"column":86}}],"line":411},"41":{"loc":{"start":{"line":417,"column":6},"end":{"line":417,"column":37}},"type":"if","locations":[{"start":{"line":417,"column":6},"end":{"line":417,"column":37}},{"start":{},"end":{}}],"line":417},"42":{"loc":{"start":{"line":418,"column":55},"end":{"line":418,"column":143}},"type":"cond-expr","locations":[{"start":{"line":418,"column":73},"end":{"line":418,"column":74}},{"start":{"line":418,"column":77},"end":{"line":418,"column":143}}],"line":418},"43":{"loc":{"start":{"line":418,"column":91},"end":{"line":418,"column":112}},"type":"binary-expr","locations":[{"start":{"line":418,"column":91},"end":{"line":418,"column":102}},{"start":{"line":418,"column":106},"end":{"line":418,"column":112}}],"line":418},"44":{"loc":{"start":{"line":418,"column":120},"end":{"line":418,"column":141}},"type":"binary-expr","locations":[{"start":{"line":418,"column":120},"end":{"line":418,"column":131}},{"start":{"line":418,"column":135},"end":{"line":418,"column":141}}],"line":418},"45":{"loc":{"start":{"line":425,"column":37},"end":{"line":425,"column":108}},"type":"cond-expr","locations":[{"start":{"line":425,"column":56},"end":{"line":425,"column":57}},{"start":{"line":425,"column":60},"end":{"line":425,"column":108}}],"line":425},"46":{"loc":{"start":{"line":430,"column":37},"end":{"line":430,"column":123}},"type":"cond-expr","locations":[{"start":{"line":430,"column":56},"end":{"line":430,"column":57}},{"start":{"line":430,"column":60},"end":{"line":430,"column":123}}],"line":430},"47":{"loc":{"start":{"line":433,"column":2},"end":{"line":439,"column":3}},"type":"if","locations":[{"start":{"line":433,"column":2},"end":{"line":439,"column":3}},{"start":{},"end":{}}],"line":433},"48":{"loc":{"start":{"line":448,"column":16},"end":{"line":448,"column":48}},"type":"cond-expr","locations":[{"start":{"line":448,"column":26},"end":{"line":448,"column":36}},{"start":{"line":448,"column":39},"end":{"line":448,"column":48}}],"line":448},"49":{"loc":{"start":{"line":499,"column":10},"end":{"line":499,"column":40}},"type":"if","locations":[{"start":{"line":499,"column":10},"end":{"line":499,"column":40}},{"start":{},"end":{}}],"line":499},"50":{"loc":{"start":{"line":499,"column":14},"end":{"line":499,"column":26}},"type":"binary-expr","locations":[{"start":{"line":499,"column":14},"end":{"line":499,"column":18}},{"start":{"line":499,"column":22},"end":{"line":499,"column":26}}],"line":499},"51":{"loc":{"start":{"line":506,"column":63},"end":{"line":506,"column":85}},"type":"binary-expr","locations":[{"start":{"line":506,"column":63},"end":{"line":506,"column":80}},{"start":{"line":506,"column":84},"end":{"line":506,"column":85}}],"line":506},"52":{"loc":{"start":{"line":506,"column":87},"end":{"line":506,"column":109}},"type":"binary-expr","locations":[{"start":{"line":506,"column":87},"end":{"line":506,"column":104}},{"start":{"line":506,"column":108},"end":{"line":506,"column":109}}],"line":506},"53":{"loc":{"start":{"line":509,"column":107},"end":{"line":509,"column":138}},"type":"cond-expr","locations":[{"start":{"line":509,"column":125},"end":{"line":509,"column":129}},{"start":{"line":509,"column":132},"end":{"line":509,"column":138}}],"line":509},"54":{"loc":{"start":{"line":533,"column":16},"end":{"line":533,"column":54}},"type":"cond-expr","locations":[{"start":{"line":533,"column":43},"end":{"line":533,"column":47}},{"start":{"line":533,"column":50},"end":{"line":533,"column":54}}],"line":533},"55":{"loc":{"start":{"line":593,"column":4},"end":{"line":593,"column":62}},"type":"if","locations":[{"start":{"line":593,"column":4},"end":{"line":593,"column":62}},{"start":{},"end":{}}],"line":593},"56":{"loc":{"start":{"line":597,"column":6},"end":{"line":597,"column":35}},"type":"if","locations":[{"start":{"line":597,"column":6},"end":{"line":597,"column":35}},{"start":{},"end":{}}],"line":597},"57":{"loc":{"start":{"line":613,"column":28},"end":{"line":613,"column":61}},"type":"binary-expr","locations":[{"start":{"line":613,"column":28},"end":{"line":613,"column":42}},{"start":{"line":613,"column":46},"end":{"line":613,"column":61}}],"line":613},"58":{"loc":{"start":{"line":614,"column":16},"end":{"line":614,"column":53}},"type":"cond-expr","locations":[{"start":{"line":614,"column":36},"end":{"line":614,"column":44}},{"start":{"line":614,"column":47},"end":{"line":614,"column":53}}],"line":614},"59":{"loc":{"start":{"line":650,"column":9},"end":{"line":654,"column":9}},"type":"binary-expr","locations":[{"start":{"line":650,"column":9},"end":{"line":650,"column":26}},{"start":{"line":651,"column":10},"end":{"line":653,"column":17}}],"line":650},"60":{"loc":{"start":{"line":652,"column":14},"end":{"line":652,"column":56}},"type":"cond-expr","locations":[{"start":{"line":652,"column":32},"end":{"line":652,"column":43}},{"start":{"line":652,"column":46},"end":{"line":652,"column":56}}],"line":652},"61":{"loc":{"start":{"line":655,"column":9},"end":{"line":681,"column":9}},"type":"cond-expr","locations":[{"start":{"line":656,"column":10},"end":{"line":668,"column":12}},{"start":{"line":670,"column":10},"end":{"line":680,"column":17}}],"line":655},"62":{"loc":{"start":{"line":660,"column":30},"end":{"line":660,"column":74}},"type":"if","locations":[{"start":{"line":660,"column":30},"end":{"line":660,"column":74}},{"start":{},"end":{}}],"line":660},"63":{"loc":{"start":{"line":660,"column":75},"end":{"line":660,"column":114}},"type":"if","locations":[{"start":{"line":660,"column":75},"end":{"line":660,"column":114}},{"start":{},"end":{}}],"line":660},"64":{"loc":{"start":{"line":675,"column":23},"end":{"line":675,"column":59}},"type":"cond-expr","locations":[{"start":{"line":675,"column":40},"end":{"line":675,"column":48}},{"start":{"line":675,"column":51},"end":{"line":675,"column":59}}],"line":675},"65":{"loc":{"start":{"line":690,"column":21},"end":{"line":690,"column":83}},"type":"cond-expr","locations":[{"start":{"line":690,"column":72},"end":{"line":690,"column":76}},{"start":{"line":690,"column":79},"end":{"line":690,"column":83}}],"line":690},"66":{"loc":{"start":{"line":690,"column":21},"end":{"line":690,"column":69}},"type":"binary-expr","locations":[{"start":{"line":690,"column":21},"end":{"line":690,"column":42}},{"start":{"line":690,"column":46},"end":{"line":690,"column":69}}],"line":690},"67":{"loc":{"start":{"line":729,"column":2},"end":{"line":750,"column":3}},"type":"if","locations":[{"start":{"line":729,"column":2},"end":{"line":750,"column":3}},{"start":{},"end":{}}],"line":729},"68":{"loc":{"start":{"line":729,"column":6},"end":{"line":729,"column":40}},"type":"binary-expr","locations":[{"start":{"line":729,"column":6},"end":{"line":729,"column":13}},{"start":{"line":729,"column":17},"end":{"line":729,"column":40}}],"line":729},"69":{"loc":{"start":{"line":737,"column":28},"end":{"line":737,"column":86}},"type":"if","locations":[{"start":{"line":737,"column":28},"end":{"line":737,"column":86}},{"start":{},"end":{}}],"line":737},"70":{"loc":{"start":{"line":737,"column":87},"end":{"line":737,"column":122}},"type":"if","locations":[{"start":{"line":737,"column":87},"end":{"line":737,"column":122}},{"start":{},"end":{}}],"line":737},"71":{"loc":{"start":{"line":737,"column":123},"end":{"line":737,"column":227}},"type":"if","locations":[{"start":{"line":737,"column":123},"end":{"line":737,"column":227}},{"start":{},"end":{}}],"line":737},"72":{"loc":{"start":{"line":744,"column":28},"end":{"line":744,"column":86}},"type":"if","locations":[{"start":{"line":744,"column":28},"end":{"line":744,"column":86}},{"start":{},"end":{}}],"line":744},"73":{"loc":{"start":{"line":744,"column":87},"end":{"line":744,"column":122}},"type":"if","locations":[{"start":{"line":744,"column":87},"end":{"line":744,"column":122}},{"start":{},"end":{}}],"line":744},"74":{"loc":{"start":{"line":762,"column":20},"end":{"line":762,"column":55}},"type":"cond-expr","locations":[{"start":{"line":762,"column":30},"end":{"line":762,"column":39}},{"start":{"line":762,"column":42},"end":{"line":762,"column":55}}],"line":762},"75":{"loc":{"start":{"line":773,"column":7},"end":{"line":775,"column":7}},"type":"binary-expr","locations":[{"start":{"line":773,"column":7},"end":{"line":773,"column":24}},{"start":{"line":774,"column":8},"end":{"line":774,"column":98}}],"line":773},"76":{"loc":{"start":{"line":776,"column":7},"end":{"line":788,"column":7}},"type":"binary-expr","locations":[{"start":{"line":776,"column":7},"end":{"line":776,"column":14}},{"start":{"line":777,"column":8},"end":{"line":787,"column":17}}],"line":776},"77":{"loc":{"start":{"line":809,"column":15},"end":{"line":809,"column":42}},"type":"cond-expr","locations":[{"start":{"line":809,"column":21},"end":{"line":809,"column":30}},{"start":{"line":809,"column":33},"end":{"line":809,"column":42}}],"line":809}},"s":{"0":1,"1":1,"2":1,"3":1,"4":1,"5":1,"6":1,"7":1,"8":1,"9":1,"10":1,"11":88,"12":88,"13":88,"14":18,"15":1,"16":17,"17":34,"18":17,"19":34,"20":17,"21":34,"22":17,"23":34,"24":17,"25":50,"26":50,"27":50,"28":50,"29":50,"30":0,"31":50,"32":50,"33":50,"34":50,"35":1,"36":1,"37":1,"38":2,"39":2,"40":2,"41":2,"42":2,"43":2,"44":2,"45":2,"46":2,"47":2,"48":2,"49":25,"50":2,"51":23,"52":0,"53":23,"54":1,"55":1,"56":21,"57":21,"58":20,"59":1,"60":1,"61":0,"62":0,"63":0,"64":25,"65":25,"66":0,"67":0,"68":0,"69":0,"70":0,"71":0,"72":1,"73":21,"74":21,"75":21,"76":21,"77":21,"78":21,"79":21,"80":21,"81":42,"82":40,"83":2,"84":2,"85":1,"86":26,"87":15,"88":26,"89":15,"90":26,"91":15,"92":26,"93":26,"94":26,"95":26,"96":26,"97":26,"98":15,"99":15,"100":26,"101":18,"102":13,"103":5,"104":0,"105":5,"106":5,"107":26,"108":15,"109":12,"110":3,"111":3,"112":3,"113":3,"114":26,"115":26,"116":26,"117":15,"118":26,"119":15,"120":1,"121":14,"122":0,"123":0,"124":14,"125":14,"126":26,"127":26,"128":26,"129":26,"130":26,"131":26,"132":18,"133":26,"134":26,"135":26,"136":0,"137":0,"138":0,"139":26,"140":2,"141":2,"142":0,"143":2,"144":2,"145":2,"146":2,"147":2,"148":2,"149":2,"150":2,"151":2,"152":2,"153":2,"154":26,"155":1,"156":1,"157":1,"158":1,"159":1,"160":0,"161":1,"162":1,"163":4,"164":1,"165":1,"166":1,"167":1,"168":1,"169":1,"170":1,"171":1,"172":1,"173":1,"174":1,"175":1,"176":1,"177":1,"178":1,"179":26,"180":15,"181":26,"182":15,"183":15,"184":1,"185":14,"186":0,"187":0,"188":0,"189":0,"190":0,"191":0,"192":0,"193":0,"194":0,"195":0,"196":0,"197":0,"198":0,"199":0,"200":14,"201":14,"202":14,"203":26,"204":1,"205":0,"206":1,"207":0,"208":1,"209":1,"210":1,"211":1,"212":1,"213":1,"214":0,"215":0,"216":0,"217":0,"218":0,"219":1,"220":1,"221":1,"222":1,"223":1,"224":1,"225":26,"226":0,"227":0,"228":0,"229":26,"230":0,"231":0,"232":0,"233":0,"234":26,"235":0,"236":0,"237":0,"238":0,"239":0,"240":0,"241":0,"242":26,"243":1,"244":1,"245":1,"246":2,"247":1,"248":26,"249":0,"250":0,"251":0,"252":0,"253":26,"254":1,"255":25,"256":0,"257":25,"258":49,"259":25,"260":26,"261":25,"262":0,"263":25,"264":25,"265":25,"266":25,"267":25,"268":25,"269":25,"270":25,"271":25,"272":25,"273":25,"274":1,"275":1,"276":1,"277":25,"278":0,"279":0,"280":50,"281":1,"282":0,"283":0,"284":0,"285":0,"286":0,"287":0,"288":1,"289":0,"290":1,"291":1,"292":42,"293":42,"294":42,"295":0,"296":0,"297":0,"298":0,"299":0,"300":0,"301":0,"302":0,"303":0,"304":0,"305":0,"306":0,"307":0,"308":0,"309":42,"310":42,"311":42,"312":1,"313":1,"314":0,"315":0,"316":0,"317":0,"318":0,"319":0,"320":0,"321":21,"322":0,"323":0,"324":0,"325":0,"326":0,"327":0,"328":1,"329":21,"330":1,"331":0,"332":0,"333":0,"334":0,"335":0,"336":0,"337":0,"338":0,"339":0,"340":0,"341":0,"342":0,"343":0,"344":0,"345":20,"346":0,"347":0,"348":1,"349":42,"350":42,"351":0,"352":0},"f":{"0":88,"1":18,"2":34,"3":34,"4":34,"5":34,"6":50,"7":2,"8":25,"9":21,"10":21,"11":25,"12":21,"13":42,"14":26,"15":15,"16":15,"17":15,"18":15,"19":18,"20":0,"21":5,"22":15,"23":3,"24":15,"25":15,"26":0,"27":14,"28":18,"29":0,"30":2,"31":1,"32":1,"33":1,"34":1,"35":4,"36":15,"37":15,"38":0,"39":14,"40":1,"41":0,"42":1,"43":0,"44":0,"45":0,"46":0,"47":0,"48":0,"49":0,"50":0,"51":0,"52":0,"53":1,"54":1,"55":2,"56":0,"57":0,"58":0,"59":0,"60":0,"61":25,"62":49,"63":26,"64":1,"65":1,"66":0,"67":0,"68":50,"69":1,"70":0,"71":0,"72":0,"73":0,"74":0,"75":1,"76":0,"77":42,"78":0,"79":0,"80":0,"81":1,"82":0,"83":0,"84":0,"85":0,"86":21,"87":0,"88":0,"89":0,"90":0,"91":0,"92":0,"93":21,"94":0,"95":0,"96":0,"97":0,"98":0,"99":0,"100":42,"101":0,"102":0},"b":{"0":[0,88],"1":[88,88],"2":[1,17],"3":[0,50],"4":[50,42],"5":[6,44],"6":[1,1],"7":[1,1],"8":[1,1],"9":[2,23],"10":[0,23],"11":[20,1],"12":[0,1],"13":[20,1],"14":[1,0],"15":[0,0],"16":[25,0],"17":[1,20],"18":[1,20],"19":[21,1],"20":[40,2],"21":[1,1],"22":[1,1],"23":[21],"24":[3,12],"25":[3,12],"26":[13,5],"27":[12,3],"28":[3,0],"29":[1,14],"30":[15,15],"31":[0,2],"32":[0,1],"33":[1,1],"34":[1,14],"35":[0,0],"36":[0,1],"37":[0,1],"38":[0,0],"39":[0,0],"40":[0,0],"41":[0,0],"42":[0,0],"43":[0,0],"44":[0,0],"45":[1,1],"46":[0,0],"47":[1,25],"48":[2,23],"49":[0,25],"50":[25,25],"51":[25,0],"52":[25,0],"53":[0,1],"54":[4,46],"55":[0,0],"56":[0,0],"57":[42,42],"58":[0,42],"59":[42,0],"60":[0,0],"61":[1,41],"62":[0,0],"63":[0,0],"64":[0,41],"65":[1,20],"66":[21,2],"67":[1,20],"68":[21,1],"69":[0,0],"70":[0,0],"71":[0,0],"72":[0,0],"73":[0,0],"74":[0,20],"75":[20,20],"76":[20,0],"77":[0,42]},"_coverageSchema":"1a1c01bbd47fc00a2c39e90264f33305004495a9","hash":"8081501b795112d1686cda8c490e36ecfe61d617"}
,"C:\\Users\\maxoe\\Documents\\Karlsruhe Institut für Technologie\\Studentenjob\\Workspaces\\Methodologist-UI\\Vitruv-UI-Methodologist\\src\\components\\layout\\AppSidebar.tsx": {"path":"C:\\Users\\maxoe\\Documents\\Karlsruhe Institut für Technologie\\Studentenjob\\Workspaces\\Methodologist-UI\\Vitruv-UI-Methodologist\\src\\components\\layout\\AppSidebar.tsx","statementMap":{"0":{"start":{"line":22,"column":17},"end":{"line":27,"column":1}},"1":{"start":{"line":23,"column":2},"end":{"line":26,"column":8}},"2":{"start":{"line":29,"column":20},"end":{"line":34,"column":1}},"3":{"start":{"line":30,"column":2},"end":{"line":33,"column":8}},"4":{"start":{"line":36,"column":21},"end":{"line":41,"column":1}},"5":{"start":{"line":37,"column":2},"end":{"line":40,"column":8}},"6":{"start":{"line":43,"column":17},"end":{"line":48,"column":1}},"7":{"start":{"line":44,"column":2},"end":{"line":47,"column":8}},"8":{"start":{"line":50,"column":17},"end":{"line":55,"column":1}},"9":{"start":{"line":51,"column":2},"end":{"line":54,"column":8}},"10":{"start":{"line":57,"column":17},"end":{"line":62,"column":1}},"11":{"start":{"line":58,"column":2},"end":{"line":61,"column":8}},"12":{"start":{"line":64,"column":17},"end":{"line":70,"column":1}},"13":{"start":{"line":65,"column":2},"end":{"line":69,"column":8}},"14":{"start":{"line":72,"column":19},"end":{"line":76,"column":1}},"15":{"start":{"line":73,"column":2},"end":{"line":75,"column":8}},"16":{"start":{"line":78,"column":19},"end":{"line":84,"column":1}},"17":{"start":{"line":79,"column":2},"end":{"line":83,"column":8}},"18":{"start":{"line":86,"column":22},"end":{"line":90,"column":1}},"19":{"start":{"line":87,"column":2},"end":{"line":89,"column":8}},"20":{"start":{"line":92,"column":24},"end":{"line":96,"column":1}},"21":{"start":{"line":93,"column":2},"end":{"line":95,"column":8}},"22":{"start":{"line":107,"column":40},"end":{"line":128,"column":1}},"23":{"start":{"line":108,"column":32},"end":{"line":108,"column":53}},"24":{"start":{"line":109,"column":2},"end":{"line":127,"column":4}},"25":{"start":{"line":112,"column":26},"end":{"line":112,"column":42}},"26":{"start":{"line":113,"column":26},"end":{"line":113,"column":43}},"27":{"start":{"line":132,"column":20},"end":{"line":134,"column":1}},"28":{"start":{"line":133,"column":2},"end":{"line":133,"column":86}},"29":{"start":{"line":146,"column":42},"end":{"line":176,"column":1}},"30":{"start":{"line":147,"column":24},"end":{"line":147,"column":45}},"31":{"start":{"line":148,"column":2},"end":{"line":175,"column":4}},"32":{"start":{"line":151,"column":26},"end":{"line":151,"column":38}},"33":{"start":{"line":152,"column":26},"end":{"line":152,"column":39}},"34":{"start":{"line":180,"column":53},"end":{"line":339,"column":1}},"35":{"start":{"line":185,"column":34},"end":{"line":185,"column":55}},"36":{"start":{"line":186,"column":40},"end":{"line":186,"column":61}},"37":{"start":{"line":187,"column":18},"end":{"line":187,"column":46}},"38":{"start":{"line":188,"column":25},"end":{"line":188,"column":44}},"39":{"start":{"line":190,"column":2},"end":{"line":190,"column":72}},"40":{"start":{"line":190,"column":52},"end":{"line":190,"column":70}},"41":{"start":{"line":192,"column":2},"end":{"line":338,"column":4}},"42":{"start":{"line":217,"column":25},"end":{"line":217,"column":45}},"43":{"start":{"line":237,"column":104},"end":{"line":237,"column":128}},"44":{"start":{"line":238,"column":111},"end":{"line":238,"column":134}},"45":{"start":{"line":286,"column":114},"end":{"line":286,"column":133}},"46":{"start":{"line":286,"column":134},"end":{"line":286,"column":158}},"47":{"start":{"line":287,"column":83},"end":{"line":287,"column":102}},"48":{"start":{"line":287,"column":103},"end":{"line":287,"column":125}},"49":{"start":{"line":293,"column":84},"end":{"line":293,"column":103}},"50":{"start":{"line":293,"column":104},"end":{"line":293,"column":117}},"51":{"start":{"line":301,"column":27},"end":{"line":301,"column":47}},"52":{"start":{"line":301,"column":44},"end":{"line":301,"column":46}},"53":{"start":{"line":302,"column":32},"end":{"line":302,"column":52}},"54":{"start":{"line":303,"column":32},"end":{"line":303,"column":53}}},"fnMap":{"0":{"name":"(anonymous_0)","decl":{"start":{"line":22,"column":17},"end":{"line":22,"column":18}},"loc":{"start":{"line":23,"column":2},"end":{"line":26,"column":8}},"line":23},"1":{"name":"(anonymous_1)","decl":{"start":{"line":29,"column":20},"end":{"line":29,"column":21}},"loc":{"start":{"line":30,"column":2},"end":{"line":33,"column":8}},"line":30},"2":{"name":"(anonymous_2)","decl":{"start":{"line":36,"column":21},"end":{"line":36,"column":22}},"loc":{"start":{"line":37,"column":2},"end":{"line":40,"column":8}},"line":37},"3":{"name":"(anonymous_3)","decl":{"start":{"line":43,"column":17},"end":{"line":43,"column":18}},"loc":{"start":{"line":44,"column":2},"end":{"line":47,"column":8}},"line":44},"4":{"name":"(anonymous_4)","decl":{"start":{"line":50,"column":17},"end":{"line":50,"column":18}},"loc":{"start":{"line":51,"column":2},"end":{"line":54,"column":8}},"line":51},"5":{"name":"(anonymous_5)","decl":{"start":{"line":57,"column":17},"end":{"line":57,"column":18}},"loc":{"start":{"line":58,"column":2},"end":{"line":61,"column":8}},"line":58},"6":{"name":"(anonymous_6)","decl":{"start":{"line":64,"column":17},"end":{"line":64,"column":18}},"loc":{"start":{"line":65,"column":2},"end":{"line":69,"column":8}},"line":65},"7":{"name":"(anonymous_7)","decl":{"start":{"line":72,"column":19},"end":{"line":72,"column":20}},"loc":{"start":{"line":73,"column":2},"end":{"line":75,"column":8}},"line":73},"8":{"name":"(anonymous_8)","decl":{"start":{"line":78,"column":19},"end":{"line":78,"column":20}},"loc":{"start":{"line":79,"column":2},"end":{"line":83,"column":8}},"line":79},"9":{"name":"(anonymous_9)","decl":{"start":{"line":86,"column":22},"end":{"line":86,"column":23}},"loc":{"start":{"line":87,"column":2},"end":{"line":89,"column":8}},"line":87},"10":{"name":"(anonymous_10)","decl":{"start":{"line":92,"column":24},"end":{"line":92,"column":25}},"loc":{"start":{"line":93,"column":2},"end":{"line":95,"column":8}},"line":93},"11":{"name":"(anonymous_11)","decl":{"start":{"line":107,"column":40},"end":{"line":107,"column":41}},"loc":{"start":{"line":107,"column":78},"end":{"line":128,"column":1}},"line":107},"12":{"name":"(anonymous_12)","decl":{"start":{"line":112,"column":20},"end":{"line":112,"column":21}},"loc":{"start":{"line":112,"column":26},"end":{"line":112,"column":42}},"line":112},"13":{"name":"(anonymous_13)","decl":{"start":{"line":113,"column":20},"end":{"line":113,"column":21}},"loc":{"start":{"line":113,"column":26},"end":{"line":113,"column":43}},"line":113},"14":{"name":"(anonymous_14)","decl":{"start":{"line":132,"column":20},"end":{"line":132,"column":21}},"loc":{"start":{"line":133,"column":2},"end":{"line":133,"column":86}},"line":133},"15":{"name":"(anonymous_15)","decl":{"start":{"line":146,"column":42},"end":{"line":146,"column":43}},"loc":{"start":{"line":146,"column":98},"end":{"line":176,"column":1}},"line":146},"16":{"name":"(anonymous_16)","decl":{"start":{"line":151,"column":20},"end":{"line":151,"column":21}},"loc":{"start":{"line":151,"column":26},"end":{"line":151,"column":38}},"line":151},"17":{"name":"(anonymous_17)","decl":{"start":{"line":152,"column":20},"end":{"line":152,"column":21}},"loc":{"start":{"line":152,"column":26},"end":{"line":152,"column":39}},"line":152},"18":{"name":"(anonymous_18)","decl":{"start":{"line":180,"column":53},"end":{"line":180,"column":54}},"loc":{"start":{"line":184,"column":6},"end":{"line":339,"column":1}},"line":184},"19":{"name":"(anonymous_19)","decl":{"start":{"line":190,"column":46},"end":{"line":190,"column":47}},"loc":{"start":{"line":190,"column":52},"end":{"line":190,"column":70}},"line":190},"20":{"name":"(anonymous_20)","decl":{"start":{"line":217,"column":19},"end":{"line":217,"column":20}},"loc":{"start":{"line":217,"column":25},"end":{"line":217,"column":45}},"line":217},"21":{"name":"(anonymous_21)","decl":{"start":{"line":237,"column":98},"end":{"line":237,"column":99}},"loc":{"start":{"line":237,"column":104},"end":{"line":237,"column":128}},"line":237},"22":{"name":"(anonymous_22)","decl":{"start":{"line":238,"column":105},"end":{"line":238,"column":106}},"loc":{"start":{"line":238,"column":111},"end":{"line":238,"column":134}},"line":238},"23":{"name":"(anonymous_23)","decl":{"start":{"line":286,"column":106},"end":{"line":286,"column":107}},"loc":{"start":{"line":286,"column":112},"end":{"line":286,"column":160}},"line":286},"24":{"name":"(anonymous_24)","decl":{"start":{"line":287,"column":75},"end":{"line":287,"column":76}},"loc":{"start":{"line":287,"column":81},"end":{"line":287,"column":127}},"line":287},"25":{"name":"(anonymous_25)","decl":{"start":{"line":293,"column":76},"end":{"line":293,"column":77}},"loc":{"start":{"line":293,"column":82},"end":{"line":293,"column":119}},"line":293},"26":{"name":"(anonymous_26)","decl":{"start":{"line":301,"column":21},"end":{"line":301,"column":22}},"loc":{"start":{"line":301,"column":27},"end":{"line":301,"column":47}},"line":301},"27":{"name":"(anonymous_27)","decl":{"start":{"line":301,"column":39},"end":{"line":301,"column":40}},"loc":{"start":{"line":301,"column":44},"end":{"line":301,"column":46}},"line":301},"28":{"name":"(anonymous_28)","decl":{"start":{"line":302,"column":26},"end":{"line":302,"column":27}},"loc":{"start":{"line":302,"column":32},"end":{"line":302,"column":52}},"line":302},"29":{"name":"(anonymous_29)","decl":{"start":{"line":303,"column":26},"end":{"line":303,"column":27}},"loc":{"start":{"line":303,"column":32},"end":{"line":303,"column":53}},"line":303}},"branchMap":{"0":{"loc":{"start":{"line":117,"column":20},"end":{"line":117,"column":104}},"type":"cond-expr","locations":[{"start":{"line":117,"column":29},"end":{"line":117,"column":51}},{"start":{"line":117,"column":54},"end":{"line":117,"column":104}}],"line":117},"1":{"loc":{"start":{"line":117,"column":54},"end":{"line":117,"column":104}},"type":"cond-expr","locations":[{"start":{"line":117,"column":64},"end":{"line":117,"column":88}},{"start":{"line":117,"column":91},"end":{"line":117,"column":104}}],"line":117},"2":{"loc":{"start":{"line":118,"column":15},"end":{"line":118,"column":97}},"type":"cond-expr","locations":[{"start":{"line":118,"column":24},"end":{"line":118,"column":33}},{"start":{"line":118,"column":36},"end":{"line":118,"column":97}}],"line":118},"3":{"loc":{"start":{"line":118,"column":36},"end":{"line":118,"column":97}},"type":"cond-expr","locations":[{"start":{"line":118,"column":46},"end":{"line":118,"column":70}},{"start":{"line":118,"column":73},"end":{"line":118,"column":97}}],"line":118},"4":{"loc":{"start":{"line":119,"column":34},"end":{"line":119,"column":52}},"type":"cond-expr","locations":[{"start":{"line":119,"column":43},"end":{"line":119,"column":46}},{"start":{"line":119,"column":49},"end":{"line":119,"column":52}}],"line":119},"5":{"loc":{"start":{"line":124,"column":28},"end":{"line":124,"column":58}},"type":"cond-expr","locations":[{"start":{"line":124,"column":37},"end":{"line":124,"column":46}},{"start":{"line":124,"column":49},"end":{"line":124,"column":58}}],"line":124},"6":{"loc":{"start":{"line":146,"column":68},"end":{"line":146,"column":82}},"type":"default-arg","locations":[{"start":{"line":146,"column":77},"end":{"line":146,"column":82}}],"line":146},"7":{"loc":{"start":{"line":157,"column":20},"end":{"line":159,"column":25}},"type":"cond-expr","locations":[{"start":{"line":158,"column":12},"end":{"line":158,"column":70}},{"start":{"line":159,"column":12},"end":{"line":159,"column":25}}],"line":157},"8":{"loc":{"start":{"line":158,"column":12},"end":{"line":158,"column":70}},"type":"cond-expr","locations":[{"start":{"line":158,"column":21},"end":{"line":158,"column":43}},{"start":{"line":158,"column":46},"end":{"line":158,"column":70}}],"line":158},"9":{"loc":{"start":{"line":160,"column":15},"end":{"line":162,"column":53}},"type":"cond-expr","locations":[{"start":{"line":161,"column":12},"end":{"line":161,"column":54}},{"start":{"line":162,"column":12},"end":{"line":162,"column":53}}],"line":160},"10":{"loc":{"start":{"line":161,"column":12},"end":{"line":161,"column":54}},"type":"cond-expr","locations":[{"start":{"line":161,"column":18},"end":{"line":161,"column":27}},{"start":{"line":161,"column":30},"end":{"line":161,"column":54}}],"line":161},"11":{"loc":{"start":{"line":162,"column":12},"end":{"li
[...]
4},"end":{"line":575,"column":3}},"line":568},"32":{"name":"(anonymous_32)","decl":{"start":{"line":580,"column":2},"end":{"line":580,"column":3}},"loc":{"start":{"line":583,"column":34},"end":{"line":589,"column":3}},"line":583},"33":{"name":"(anonymous_33)","decl":{"start":{"line":595,"column":2},"end":{"line":595,"column":3}},"loc":{"start":{"line":595,"column":84},"end":{"line":599,"column":3}},"line":595},"34":{"name":"(anonymous_34)","decl":{"start":{"line":606,"column":2},"end":{"line":606,"column":3}},"loc":{"start":{"line":606,"column":65},"end":{"line":650,"column":3}},"line":606},"35":{"name":"(anonymous_35)","decl":{"start":{"line":655,"column":2},"end":{"line":655,"column":3}},"loc":{"start":{"line":655,"column":93},"end":{"line":660,"column":3}},"line":655},"36":{"name":"(anonymous_36)","decl":{"start":{"line":665,"column":2},"end":{"line":665,"column":3}},"loc":{"start":{"line":668,"column":31},"end":{"line":673,"column":3}},"line":668},"37":{"name":"(anonymous_37)","decl":{"start":{"line":676,"column":2},"end":{"line":676,"column":3}},"loc":{"start":{"line":676,"column":91},"end":{"line":681,"column":3}},"line":676},"38":{"name":"(anonymous_38)","decl":{"start":{"line":686,"column":2},"end":{"line":686,"column":3}},"loc":{"start":{"line":689,"column":31},"end":{"line":691,"column":3}},"line":689},"39":{"name":"(anonymous_39)","decl":{"start":{"line":696,"column":2},"end":{"line":696,"column":3}},"loc":{"start":{"line":696,"column":79},"end":{"line":698,"column":3}},"line":696},"40":{"name":"(anonymous_40)","decl":{"start":{"line":703,"column":2},"end":{"line":703,"column":3}},"loc":{"start":{"line":703,"column":65},"end":{"line":705,"column":3}},"line":703},"41":{"name":"(anonymous_41)","decl":{"start":{"line":711,"column":2},"end":{"line":711,"column":3}},"loc":{"start":{"line":711,"column":113},"end":{"line":713,"column":3}},"line":711},"42":{"name":"(anonymous_42)","decl":{"start":{"line":718,"column":2},"end":{"line":718,"column":3}},"loc":{"start":{"line":718,"column":85},"end":{"line":722,"column":3}},"line":718},"43":{"name":"(anonymous_43)","decl":{"start":{"line":727,"column":2},"end":{"line":727,"column":3}},"loc":{"start":{"line":727,"column":86},"end":{"line":731,"column":3}},"line":727},"44":{"name":"(anonymous_44)","decl":{"start":{"line":737,"column":2},"end":{"line":737,"column":3}},"loc":{"start":{"line":737,"column":125},"end":{"line":741,"column":3}},"line":737},"45":{"name":"(anonymous_45)","decl":{"start":{"line":747,"column":2},"end":{"line":747,"column":3}},"loc":{"start":{"line":747,"column":90},"end":{"line":749,"column":3}},"line":747},"46":{"name":"(anonymous_46)","decl":{"start":{"line":756,"column":2},"end":{"line":756,"column":3}},"loc":{"start":{"line":756,"column":106},"end":{"line":765,"column":3}},"line":756},"47":{"name":"(anonymous_47)","decl":{"start":{"line":771,"column":2},"end":{"line":771,"column":3}},"loc":{"start":{"line":771,"column":74},"end":{"line":775,"column":3}},"line":771},"48":{"name":"(anonymous_48)","decl":{"start":{"line":783,"column":2},"end":{"line":783,"column":3}},"loc":{"start":{"line":784,"column":45},"end":{"line":788,"column":3}},"line":784},"49":{"name":"(anonymous_49)","decl":{"start":{"line":790,"column":2},"end":{"line":790,"column":3}},"loc":{"start":{"line":793,"column":48},"end":{"line":851,"column":3}},"line":793},"50":{"name":"(anonymous_50)","decl":{"start":{"line":805,"column":22},"end":{"line":805,"column":23}},"loc":{"start":{"line":805,"column":52},"end":{"line":831,"column":5}},"line":805}},"branchMap":{"0":{"loc":{"start":{"line":13,"column":4},"end":{"line":13,"column":30}},"type":"if","locations":[{"start":{"line":13,"column":4},"end":{"line":13,"column":30}},{"start":{},"end":{}}],"line":13},"1":{"loc":{"start":{"line":16,"column":13},"end":{"line":16,"column":63}},"type":"cond-expr","locations":[{"start":{"line":16,"column":52},"end":{"line":16,"column":58}},{"start":{"line":16,"column":61},"end":{"line":16,"column":63}}],"line":16},"2":{"loc":{"start":{"line":16,"column":13},"end":{"line":16,"column":49}},"type":"binary-expr","locations":[{"start":{"line":16,"column":13},"end":{"line":16,"column":19}},{"start":{"line":16,"column":23},"end":{"line":16,"column":49}}],"line":16},"3":{"loc":{"start":{"line":28,"column":13},"end":{"line":28,"column":58}},"type":"binary-expr","locations":[{"start":{"line":28,"column":13},"end":{"line":28,"column":28}},{"start":{"line":28,"column":32},"end":{"line":28,"column":45}},{"start":{"line":28,"column":49},"end":{"line":28,"column":58}}],"line":28},"4":{"loc":{"start":{"line":40,"column":6},"end":{"line":43,"column":21}},"type":"binary-expr","locations":[{"start":{"line":40,"column":7},"end":{"line":40,"column":42}},{"start":{"line":40,"column":46},"end":{"line":40,"column":60}},{"start":{"line":41,"column":7},"end":{"line":41,"column":40}},{"start":{"line":41,"column":44},"end":{"line":41,"column":56}},{"start":{"line":42,"column":6},"end":{"line":42,"column":41}},{"start":{"line":43,"column":6},"end":{"line":43,"column":21}}],"line":40},"5":{"loc":{"start":{"line":47,"column":12},"end":{"line":52,"column":9}},"type":"cond-expr","locations":[{"start":{"line":48,"column":10},"end":{"line":48,"column":16}},{"start":{"line":49,"column":10},"end":{"line":52,"column":9}}],"line":47},"6":{"loc":{"start":{"line":51,"column":19},"end":{"line":51,"column":45}},"type":"binary-expr","locations":[{"start":{"line":51,"column":19},"end":{"line":51,"column":26}},{"start":{"line":51,"column":30},"end":{"line":51,"column":45}}],"line":51},"7":{"loc":{"start":{"line":61,"column":24},"end":{"line":61,"column":81}},"type":"binary-expr","locations":[{"start":{"line":61,"column":24},"end":{"line":61,"column":75}},{"start":{"line":61,"column":79},"end":{"line":61,"column":81}}],"line":61},"8":{"loc":{"start":{"line":62,"column":4},"end":{"line":65,"column":5}},"type":"if","locations":[{"start":{"line":62,"column":4},"end":{"line":65,"column":5}},{"start":{},"end":{}}],"line":62},"9":{"loc":{"start":{"line":69,"column":4},"end":{"line":71,"column":5}},"type":"if","locations":[{"start":{"line":69,"column":4},"end":{"line":71,"column":5}},{"start":{},"end":{}}],"line":69},"10":{"loc":{"start":{"line":73,"column":4},"end":{"line":75,"column":5}},"type":"if","locations":[{"start":{"line":73,"column":4},"end":{"line":75,"column":5}},{"start":{},"end":{}}],"line":73},"11":{"loc":{"start":{"line":78,"column":4},"end":{"line":81,"column":5}},"type":"if","locations":[{"start":{"line":78,"column":4},"end":{"line":81,"column":5}},{"start":{},"end":{}}],"line":78},"12":{"loc":{"start":{"line":78,"column":8},"end":{"line":78,"column":48}},"type":"binary-expr","locations":[{"start":{"line":78,"column":8},"end":{"line":78,"column":26}},{"start":{"line":78,"column":30},"end":{"line":78,"column":48}}],"line":78},"13":{"loc":{"start":{"line":122,"column":6},"end":{"line":124,"column":7}},"type":"if","locations":[{"start":{"line":122,"column":6},"end":{"line":124,"column":7}},{"start":{},"end":{}}],"line":122},"14":{"loc":{"start":{"line":134,"column":6},"end":{"line":136,"column":7}},"type":"if","locations":[{"start":{"line":134,"column":6},"end":{"line":136,"column":7}},{"start":{},"end":{}}],"line":134},"15":{"loc":{"start":{"line":135,"column":60},"end":{"line":135,"column":83}},"type":"binary-expr","locations":[{"start":{"line":135,"column":60},"end":{"line":135,"column":74}},{"start":{"line":135,"column":78},"end":{"line":135,"column":83}}],"line":135},"16":{"loc":{"start":{"line":150,"column":4},"end":{"line":150,"column":29}},"type":"default-arg","locations":[{"start":{"line":150,"column":27},"end":{"line":150,"column":29}}],"line":150},"17":{"loc":{"start":{"line":154,"column":4},"end":{"line":156,"column":5}},"type":"if","locations":[{"start":{"line":154,"column":4},"end":{"line":156,"column":5}},{"start":{},"end":{}}],"line":154},"18":{"loc":{"start":{"line":170,"column":4},"end":{"line":175,"column":5}},"type":"if","locations":[{"start":{"line":170,"column":4},"end":{"line":175,"column":5}},{"start":{},"end":{}}],"line":170},"19":{"loc":{"start":{"line":172,"column":6},"end":{"line":172,"column":52}},"type":"if","locations":[{"start":{"line":172,"column":6},"end":{"line":172,"column":52}},{"start":{},"end":{}}],"line":172},"20":{"loc":{"start":{"line":174,"column":13},"end":{"line":174,"column":53}},"type":"cond-expr","locations":[{"start":{"line":174,"column":20},"end":{"line":174,"column":41}},{"start":{"line":174,"column":44},"end":{"line":174,"column":53}}],"line":174},"21":{"loc":{"start":{"line":177,"column":26},"end":{"line":177,"column":94}},"type":"binary-expr","locations":[{"start":{"line":177,"column":26},"end":{"line":177,"column":58}},{"start":{"line":177,"column":62},"end":{"line":177,"column":94}}],"line":177},"22":{"loc":{"start":{"line":181,"column":4},"end":{"line":186,"column":5}},"type":"if","locations":[{"start":{"line":181,"column":4},"end":{"line":186,"column":5}},{"start":{},"end":{}}],"line":181},"23":{"loc":{"start":{"line":181,"column":8},"end":{"line":181,"column":49}},"type":"binary-expr","locations":[{"start":{"line":181,"column":8},"end":{"line":181,"column":31}},{"start":{"line":181,"column":35},"end":{"line":181,"column":49}}],"line":181},"24":{"loc":{"start":{"line":183,"column":6},"end":{"line":185,"column":7}},"type":"if","locations":[{"start":{"line":183,"column":6},"end":{"line":185,"column":7}},{"start":{},"end":{}}],"line":183},"25":{"loc":{"start":{"line":188,"column":52},"end":{"line":188,"column":75}},"type":"binary-expr","locations":[{"start":{"line":188,"column":52},"end":{"line":188,"column":66}},{"start":{"line":188,"column":70},"end":{"line":188,"column":75}}],"line":188},"26":{"loc":{"start":{"line":196,"column":4},"end":{"line":196,"column":29}},"type":"default-arg","locations":[{"start":{"line":196,"column":27},"end":{"line":196,"column":29}}],"line":196},"27":{"loc":{"start":{"line":209,"column":4},"end":{"line":216,"column":5}},"type":"if","locations":[{"start":{"line":209,"column":4},"end":{"line":216,"column":5}},{"start":{},"end":{}}],"line":209},"28":{"loc":{"start":{"line":291,"column":21},"end":{"line":291,"column":73}},"type":"cond-expr","locations":[{"start":{"line":291,"column":30},"end":{"line":291,"column":55}},{"start":{"line":291,"column":58},"end":{"line":291,"column":73}}],"line":291},"29":{"loc":{"start":{"line":292,"column":19},"end":{"line":292,"column":42}},"type":"cond-expr","locations":[{"start":{"line":292,"column":28},"end":{"line":292,"column":33}},{"start":{"line":292,"column":36},"end":{"line":292,"column":42}}],"line":292},"30":{"loc":{"start":{"line":329,"column":4},"end":{"line":331,"column":5}},"type":"if","locations":[{"start":{"line":329,"column":4},"end":{"line":331,"column":5}},{"start":{},"end":{}}],"line":329},"31":{"loc":{"start":{"line":343,"column":4},"end":{"line":367,"column":5}},"type":"if","locations":[{"start":{"line":343,"column":4},"end":{"line":367,"column":5}},{"start":{},"end":{}}],"line":343},"32":{"loc":{"start":{"line":344,"column":6},"end":{"line":365,"column":7}},"type":"if","locations":[{"start":{"line":344,"column":6},"end":{"line":365,"column":7}},{"start":{},"end":{}}],"line":344},"33":{"loc":{"start":{"line":348,"column":10},"end":{"line":361,"column":11}},"type":"if","locations":[{"start":{"line":348,"column":10},"end":{"line":361,"column":11}},{"start":{},"end":{}}],"line":348},"34":{"loc":{"start":{"line":356,"column":12},"end":{"line":358,"column":13}},"type":"if","locations":[{"start":{"line":356,"column":12},"end":{"line":358,"column":13}},{"start":{},"end":{}}],"line":356},"35":{"loc":{"start":{"line":400,"column":6},"end":{"line":402,"column":7}},"type":"if","locations":[{"start":{"line":400,"column":6},"end":{"line":402,"column":7}},{"start":{},"end":{}}],"line":400},"36":{"loc":{"start":{"line":412,"column":6},"end":{"line":414,"column":7}},"type":"if","locations":[{"start":{"line":412,"column":6},"end":{"line":414,"column":7}},{"start":{},"end":{}}],"line":412},"37":{"loc":{"start":{"line":426,"column":4},"end":{"line":428,"column":5}},"type":"if","locations":[{"start":{"line":426,"column":4},"end":{"line":428,"column":5}},{"start":{},"end":{}}],"line":426},"38":{"loc":{"start":{"line":441,"column":4},"end":{"line":443,"column":5}},"type":"if","locations":[{"start":{"line":441,"column":4},"end":{"line":443,"column":5}},{"start":{},"end":{}}],"line":441},"39":{"loc":{"start":{"line":445,"column":4},"end":{"line":450,"column":5}},"type":"if","locations":[{"start":{"line":445,"column":4},"end":{"line":450,"column":5}},{"start":{},"end":{}}],"line":445},"40":{"loc":{"start":{"line":447,"column":6},"end":{"line":449,"column":7}},"type":"if","locations":[{"start":{"line":447,"column":6},"end":{"line":449,"column":7}},{"start":{},"end":{}}],"line":447},"41":{"loc":{"start":{"line":470,"column":26},"end":{"line":470,"column":58}},"type":"binary-expr","locations":[{"start":{"line":470,"column":26},"end":{"line":470,"column":49}},{"start":{"line":470,"column":53},"end":{"line":470,"column":58}}],"line":470},"42":{"loc":{"start":{"line":502,"column":23},"end":{"line":502,"column":46}},"type":"binary-expr","locations":[{"start":{"line":502,"column":23},"end":{"line":502,"column":41}},{"start":{"line":502,"column":45},"end":{"line":502,"column":46}}],"line":502},"43":{"loc":{"start":{"line":503,"column":21},"end":{"line":503,"column":43}},"type":"binary-expr","locations":[{"start":{"line":503,"column":21},"end":{"line":503,"column":37}},{"start":{"line":503,"column":41},"end":{"line":503,"column":43}}],"line":503},"44":{"loc":{"start":{"line":565,"column":4},"end":{"line":565,"column":21}},"type":"default-arg","locations":[{"start":{"line":565,"column":19},"end":{"line":565,"column":21}}],"line":565},"45":{"loc":{"start":{"line":566,"column":4},"end":{"line":566,"column":26}},"type":"default-arg","locations":[{"start":{"line":566,"column":25},"end":{"line":566,"column":26}}],"line":566},"46":{"loc":{"start":{"line":567,"column":4},"end":{"line":567,"column":25}},"type":"default-arg","locations":[{"start":{"line":567,"column":23},"end":{"line":567,"column":25}}],"line":567},"47":{"loc":{"start":{"line":581,"column":4},"end":{"line":581,"column":26}},"type":"default-arg","locations":[{"start":{"line":581,"column":25},"end":{"line":581,"column":26}}],"line":581},"48":{"loc":{"start":{"line":582,"column":4},"end":{"line":582,"column":25}},"type":"default-arg","locations":[{"start":{"line":582,"column":23},"end":{"line":582,"column":25}}],"line":582},"49":{"loc":{"start":{"line":609,"column":4},"end":{"line":611,"column":5}},"type":"if","locations":[{"start":{"line":609,"column":4},"end":{"line":611,"column":5}},{"start":{},"end":{}}],"line":609},"50":{"loc":{"start":{"line":624,"column":4},"end":{"line":641,"column":5}},"type":"if","locations":[{"start":{"line":624,"column":4},"end":{"line":641,"column":5}},{"start":{},"end":{}}],"line":624},"51":{"loc":{"start":{"line":632,"column":6},"end":{"line":640,"column":7}},"type":"if","locations":[{"start":{"line":632,"column":6},"end":{"line":640,"column":7}},{"start":{},"end":{}}],"line":632},"52":{"loc":{"start":{"line":643,"column":4},"end":{"line":647,"column":5}},"type":"if","locations":[{"start":{"line":643,"column":4},"end":{"line":647,"column":5}},{"start":{},"end":{}}],"line":643},"53":{"loc":{"start":{"line":785,"column":23},"end":{"line":785,"column":45}},"type":"binary-expr","locations":[{"start":{"line":785,"column":23},"end":{"line":785,"column":40}},{"start":{"line":785,"column":44},"end":{"line":785,"column":45}}],"line":785},"54":{"loc":{"start":{"line":786,"column":21},"end":{"line":786,"column":42}},"type":"binary-expr","locations":[{"start":{"line":786,"column":21},"end":{"line":786,"column":36}},{"start":{"line":786,"column":40},"end":{"line":786,"column":42}}],"line":786},"55":{"loc":{"start":{"line":796,"column":4},"end":{"line":798,"column":5}},"type":"if","locations":[{"start":{"line":796,"column":4},"end":{"line":798,"column":5}},{"start":{},"end":{}}],"line":796},"56":{"loc":{"start":{"line":814,"column":6},"end":{"line":828,"column":7}},"type":"if","locations":[{"start":{"line":814,"column":6},"end":{"line":828,"column":7}},{"start":{},"end":{}}],"line":814},"57":{"loc":{"start":{"line":822,"column":25},"end":{"line":822,"column":70}},"type":"binary-expr","locations":[{"start":{"line":822,"column":25},"end":{"line":822,"column":40}},{"start":{"line":822,"column":44},"end":{"line":822,"column":57}},{"start":{"line":822,"column":61},"end":{"line":822,"column":70}}],"line":822},"58":{"loc":{"start":{"line":838,"column":6},"end":{"line":848,"column":7}},"type":"if","locations":[{"start":{"line":838,"column":6},"end":{"line":848,"column":7}},{"start":{},"end":{}}],"line":838},"59":{"loc":{"start":{"line":838,"column":10},"end":{"line":838,"column":57}},"type":"binary-expr","locations":[{"start":{"line":838,"column":10},"end":{"line":838,"column":30}},{"start":{"line":838,"column":34},"end":{"line":838,"column":57}}],"line":838},"60":{"loc":{"start":{"line":842,"column":10},"end":{"line":844,"column":11}},"type":"if","locations":[{"start":{"line":842,"column":10},"end":{"line":844,"column":11}},{"start":{},"end":{}}],"line":842}},"s":{"0":1,"1":7,"2":0,"3":7,"4":7,"5":7,"6":0,"7":1,"8":1,"9":1,"10":0,"11":7,"12":7,"13":7,"14":7,"15":7,"16":2,"17":2,"18":1,"19":1,"20":1,"21":1,"22":0,"23":1,"24":0,"25":1,"26":1,"27":0,"28":0,"29":1,"30":5,"31":5,"32":0,"33":3,"34":3,"35":3,"36":1,"37":1,"38":1,"39":1,"40":0,"41":1,"42":1,"43":0,"44":1,"45":0,"46":0,"47":13,"48":13,"49":1,"50":12,"51":12,"52":12,"53":12,"54":8,"55":2,"56":6,"57":6,"58":4,"59":4,"60":1,"61":1,"62":1,"63":3,"64":3,"65":3,"66":3,"67":3,"68":2,"69":2,"70":2,"71":2,"72":2,"73":1,"74":0,"75":3,"76":0,"77":0,"78":0,"79":0,"80":0,"81":0,"82":0,"83":0,"84":0,"85":0,"86":0,"87":0,"88":0,"89":0,"90":0,"91":0,"92":0,"93":0,"94":0,"95":0,"96":0,"97":0,"98":0,"99":0,"100":0,"101":0,"102":0,"103":0,"104":0,"105":0,"106":1,"107":1,"108":1,"109":0,"110":0,"111":0,"112":0,"113":0,"114":0,"115":0,"116":0,"117":0,"118":0,"119":0,"120":3,"121":3,"122":1,"123":2,"124":2,"125":2,"126":2,"127":2,"128":1,"129":1,"130":0,"131":0,"132":0,"133":1,"134":1,"135":1,"136":0,"137":2,"138":2,"139":2,"140":2,"141":2,"142":0,"143":0,"144":0,"145":2,"146":0,"147":0,"148":0,"149":0,"150":0,"151":3,"152":3,"153":0,"154":3,"155":3,"156":3,"157":3,"158":0,"159":0,"160":0,"161":0,"162":0,"163":0,"164":3,"165":1,"166":1,"167":1,"168":2,"169":0,"170":0,"171":0,"172":0,"173":0,"174":0,"175":0,"176":0,"177":0,"178":0,"179":0,"180":0,"181":0,"182":0,"183":0,"184":0,"185":0,"186":0,"187":0,"188":0,"189":0,"190":0,"191":0,"192":0,"193":0,"194":0,"195":0,"196":0,"197":0,"198":0,"199":0,"200":0,"201":0,"202":0,"203":0,"204":0,"205":0,"206":0,"207":0,"208":0,"209":0,"210":0,"211":0,"212":0,"213":0,"214":0,"215":1},"f":{"0":7,"1":1,"2":7,"3":2,"4":5,"5":3,"6":1,"7":13,"8":3,"9":0,"10":3,"11":0,"12":0,"13":0,"14":0,"15":0,"16":0,"17":0,"18":0,"19":0,"20":0,"21":1,"22":0,"23":3,"24":1,"25":0,"26":2,"27":0,"28":0,"29":0,"30":2,"31":0,"32":0,"33":0,"34":3,"35":0,"36":0,"37":0,"38":0,"39":0,"40":0,"41":0,"42":0,"43":0,"44":0,"45":0,"46":0,"47":0,"48":0,"49":0,"50":0},"b":{"0":[0,7],"1":[7,0],"2":[7,7],"3":[1,0,0],"4":[7,7,0,0,0,0],"5":[7,0],"6":[0,0],"7":[2,0],"8":[1,1],"9":[0,1],"10":[0,1],"11":[0,1],"12":[1,1],"13":[0,1],"14":[0,1],"15":[0,0],"16":[4],"17":[1,12],"18":[8,4],"19":[2,6],"20":[6,0],"21":[4,4],"22":[1,3],"23":[4,1],"24":[1,0],"25":[3,1],"26":[3],"27":[2,1],"28":[0,0],"29":[0,0],"30":[0,0],"31":[0,0],"32":[0,0],"33":[0,0],"34":[0,0],"35":[0,0],"36":[0,0],"37":[1,2],"38":[1,1],"39":[0,1],"40":[0,0],"41":[1,1],"42":[2,2],"43":[2,2],"44":[0],"45":[0],"46":[0],"47":[0],"48":[0],"49":[0,3],"50":[0,3],"51":[0,0],"52":[1,2],"53":[0,0],"54":[0,0],"55":[0,0],"56":[0,0],"57":[0,0,0],"58":[0,0],"59":[0,0],"60":[0,0]},"_coverageSchema":"1a1c01bbd47fc00a2c39e90264f33305004495a9","hash":"13cf4470cbffd150d070abe7543139b50bb5a8b5"}
}
