{"C:\\Users\\maxoe\\Documents\\Karlsruhe Institut für Technologie\\Studentenjob\\Workspaces\\Methodologist-UI\\Vitruv-UI-Methodologist\\src\\components\\canvas\\ModelDrawer.tsx": {"path":"C:\\Users\\maxoe\\Documents\\Karlsruhe Institut für Technologie\\Studentenjob\\Workspaces\\Methodologist-UI\\Vitruv-UI-Methodologist\\src\\components\\canvas\\ModelDrawer.tsx","statementMap":{"0":{"start":{"line":4,"column":13},"end":{"line":4,"column":86}},"1":{"start":{"line":5,"column":13},"end":{"line":5,"column":22}},"2":{"start":{"line":40,"column":44},"end":{"line":49,"column":1}},"3":{"start":{"line":51,"column":40},"end":{"line":56,"column":1}},"4":{"start":{"line":59,"column":14},"end":{"line":59,"column":55}},"5":{"start":{"line":60,"column":2},"end":{"line":60,"column":38}},"6":{"start":{"line":60,"column":19},"end":{"line":60,"column":38}},"7":{"start":{"line":61,"column":10},"end":{"line":61,"column":11}},"8":{"start":{"line":62,"column":2},"end":{"line":62,"column":78}},"9":{"start":{"line":62,"column":15},"end":{"line":62,"column":16}},"10":{"start":{"line":62,"column":39},"end":{"line":62,"column":78}},"11":{"start":{"line":63,"column":2},"end":{"line":63,"column":65}},"12":{"start":{"line":66,"column":19},"end":{"line":70,"column":1}},"13":{"start":{"line":67,"column":2},"end":{"line":67,"column":24}},"14":{"start":{"line":67,"column":12},"end":{"line":67,"column":24}},"15":{"start":{"line":68,"column":12},"end":{"line":68,"column":25}},"16":{"start":{"line":69,"column":2},"end":{"line":69,"column":94}},"17":{"start":{"line":75,"column":55},"end":{"line":176,"column":1}},"18":{"start":{"line":79,"column":30},"end":{"line":79,"column":61}},"19":{"start":{"line":80,"column":30},"end":{"line":80,"column":42}},"20":{"start":{"line":81,"column":36},"end":{"line":81,"column":65}},"21":{"start":{"line":82,"column":35},"end":{"line":82,"column":69}},"22":{"start":{"line":84,"column":19},"end":{"line":84,"column":62}},"23":{"start":{"line":84,"column":38},"end":{"line":84,"column":61}},"24":{"start":{"line":85,"column":17},"end":{"line":85,"column":72}},"25":{"start":{"line":87,"column":18},"end":{"line":89,"column":38}},"26":{"start":{"line":88,"column":31},"end":{"line":88,"column":67}},"27":{"start":{"line":88,"column":78},"end":{"line":88,"column":87}},"28":{"start":{"line":89,"column":19},"end":{"line":89,"column":37}},"29":{"start":{"line":91,"column":22},"end":{"line":94,"column":60}},"30":{"start":{"line":92,"column":17},"end":{"line":92,"column":41}},"31":{"start":{"line":93,"column":17},"end":{"line":93,"column":79}},"32":{"start":{"line":94,"column":17},"end":{"line":94,"column":59}},"33":{"start":{"line":96,"column":20},"end":{"line":100,"column":3}},"34":{"start":{"line":97,"column":4},"end":{"line":97,"column":19}},"35":{"start":{"line":98,"column":4},"end":{"line":98,"column":18}},"36":{"start":{"line":99,"column":4},"end":{"line":99,"column":20}},"37":{"start":{"line":102,"column":21},"end":{"line":102,"column":61}},"38":{"start":{"line":102,"column":45},"end":{"line":102,"column":61}},"39":{"start":{"line":103,"column":22},"end":{"line":103,"column":43}},"40":{"start":{"line":103,"column":28},"end":{"line":103,"column":43}},"41":{"start":{"line":105,"column":2},"end":{"line":175,"column":4}},"42":{"start":{"line":145,"column":31},"end":{"line":145,"column":99}},"43":{"start":{"line":145,"column":100},"end":{"line":145,"column":163}},"44":{"start":{"line":146,"column":31},"end":{"line":146,"column":103}},"45":{"start":{"line":146,"column":104},"end":{"line":146,"column":167}},"46":{"start":{"line":195,"column":48},"end":{"line":312,"column":1}},"47":{"start":{"line":199,"column":2},"end":{"line":311,"column":8}},"48":{"start":{"line":217,"column":16},"end":{"line":217,"column":106}},"49":{"start":{"line":229,"column":16},"end":{"line":237,"column":25}},"50":{"start":{"line":229,"column":49},"end":{"line":229,"column":63}},"51":{"start":{"line":251,"column":31},"end":{"line":251,"column":56}},"52":{"start":{"line":259,"column":31},"end":{"line":259,"column":71}},"53":{"start":{"line":260,"column":30},"end":{"line":260,"column":75}},"54":{"start":{"line":263,"column":39},"end":{"line":263,"column":52}},"55":{"start":{"line":275,"column":33},"end":{"line":275,"column":56}},"56":{"start":{"line":276,"column":32},"end":{"line":276,"column":48}},"57":{"start":{"line":277,"column":18},"end":{"line":288,"column":20}},"58":{"start":{"line":278,"column":56},"end":{"line":278,"column":89}},"59":{"start":{"line":303,"column":18},"end":{"line":303,"column":116}},"60":{"start":{"line":323,"column":46},"end":{"line":505,"column":1}},"61":{"start":{"line":324,"column":42},"end":{"line":324,"column":93}},"62":{"start":{"line":325,"column":38},"end":{"line":325,"column":53}},"63":{"start":{"line":326,"column":40},"end":{"line":326,"column":55}},"64":{"start":{"line":327,"column":21},"end":{"line":327,"column":51}},"65":{"start":{"line":328,"column":16},"end":{"line":328,"column":38}},"66":{"start":{"line":329,"column":21},"end":{"line":329,"column":48}},"67":{"start":{"line":331,"column":2},"end":{"line":338,"column":53}},"68":{"start":{"line":332,"column":4},"end":{"line":332,"column":67}},"69":{"start":{"line":332,"column":60},"end":{"line":332,"column":67}},"70":{"start":{"line":333,"column":4},"end":{"line":333,"column":25}},"71":{"start":{"line":334,"column":4},"end":{"line":337,"column":44}},"72":{"start":{"line":335,"column":17},"end":{"line":335,"column":35}},"73":{"start":{"line":336,"column":19},"end":{"line":336,"column":38}},"74":{"start":{"line":337,"column":21},"end":{"line":337,"column":42}},"75":{"start":{"line":341,"column":2},"end":{"line":345,"column":21}},"76":{"start":{"line":342,"column":4},"end":{"line":342,"column":30}},"77":{"start":{"line":342,"column":23},"end":{"line":342,"column":30}},"78":{"start":{"line":343,"column":14},"end":{"line":343,"column":68}},"79":{"start":{"line":343,"column":31},"end":{"line":343,"column":62}},"80":{"start":{"line":344,"column":4},"end":{"line":344,"column":33}},"81":{"start":{"line":344,"column":17},"end":{"line":344,"column":32}},"82":{"start":{"line":347,"column":2},"end":{"line":504,"column":4}},"83":{"start":{"line":389,"column":18},"end":{"line":393,"column":32}},"84":{"start":{"line":432,"column":31},"end":{"line":432,"column":48}},"85":{"start":{"line":439,"column":36},"end":{"line":439,"column":80}},"86":{"start":{"line":440,"column":36},"end":{"line":440,"column":75}},"87":{"start":{"line":459,"column":59},"end":{"line":459,"column":87}},"88":{"start":{"line":464,"column":60},"end":{"line":464,"column":89}},"89":{"start":{"line":469,"column":63},"end":{"line":469,"column":94}},"90":{"start":{"line":509,"column":60},"end":{"line":516,"column":1}},"91":{"start":{"line":510,"column":2},"end":{"line":515,"column":8}},"92":{"start":{"line":518,"column":96},"end":{"line":534,"column":1}},"93":{"start":{"line":519,"column":24},"end":{"line":519,"column":45}},"94":{"start":{"line":520,"column":2},"end":{"line":533,"column":4}},"95":{"start":{"line":523,"column":26},"end":{"line":523,"column":38}},"96":{"start":{"line":523,"column":60},"end":{"line":523,"column":73}},"97":{"start":{"line":538,"column":62},"end":{"line":546,"column":1}},"98":{"start":{"line":539,"column":2},"end":{"line":545,"column":8}},"99":{"start":{"line":557,"column":44},"end":{"line":666,"column":1}},"100":{"start":{"line":558,"column":32},"end":{"line":558,"column":53}},"101":{"start":{"line":559,"column":16},"end":{"line":559,"column":38}},"102":{"start":{"line":561,"column":28},"end":{"line":564,"column":3}},"103":{"start":{"line":562,"column":4},"end":{"line":562,"column":23}},"104":{"start":{"line":563,"column":4},"end":{"line":563,"column":24}},"105":{"start":{"line":566,"column":2},"end":{"line":616,"column":3}},"106":{"start":{"line":567,"column":4},"end":{"line":615,"column":6}},"107":{"start":{"line":618,"column":2},"end":{"line":665,"column":4}},"108":{"start":{"line":620,"column":21},"end":{"line":620,"column":33}},"109":{"start":{"line":622,"column":26},"end":{"line":622,"column":42}},"110":{"start":{"line":623,"column":26},"end":{"line":623,"column":43}},"111":{"start":{"line":672,"column":60},"end":{"line":679,"column":1}},"112":{"start":{"line":673,"column":2},"end":{"line":678,"column":8}},"113":{"start":{"line":684,"column":2},"end":{"line":690,"column":25}},"114":{"start":{"line":685,"column":14},"end":{"line":685,"column":43}},"115":{"start":{"line":686,"column":14},"end":{"line":686,"column":43}},"116":{"start":{"line":687,"column":14},"end":{"line":687,"column":43}},"117":{"start":{"line":688,"column":14},"end":{"line":688,"column":78}},"118":{"start":{"line":688,"column":29},"end":{"line":688,"column":78}},"119":{"start":{"line":689,"column":4},"end":{"line":689,"column":36}},"120":{"start":{"line":690,"column":12},"end":{"line":690,"column":23}}},"fnMap":{"0":{"name":"getTheme","decl":{"start":{"line":58,"column":9},"end":{"line":58,"column":17}},"loc":{"start":{"line":58,"column":48},"end":{"line":64,"column":1}},"line":58},"1":{"name":"(anonymous_1)","decl":{"start":{"line":66,"column":19},"end":{"line":66,"column":20}},"loc":{"start":{"line":66,"column":37},"end":{"line":70,"column":1}},"line":66},"2":{"name":"(anonymous_2)","decl":{"start":{"line":75,"column":55},"end":{"line":75,"column":56}},"loc":{"start":{"line":78,"column":6},"end":{"line":176,"column":1}},"line":78},"3":{"name":"(anonymous_3)","decl":{"start":{"line":84,"column":33},"end":{"line":84,"column":34}},"loc":{"start":{"line":84,"column":38},"end":{"line":84,"column":61}},"line":84},"4":{"name":"(anonymous_4)","decl":{"start":{"line":88,"column":26},"end":{"line":88,"column":27}},"loc":{"start":{"line":88,"column":31},"end":{"line":88,"column":67}},"line":88},"5":{"name":"(anonymous_5)","decl":{"start":{"line":88,"column":73},"end":{"line":88,"column":74}},"loc":{"start":{"line":88,"column":78},"end":{"line":88,"column":87}},"line":88},"6":{"name":"(anonymous_6)","decl":{"start":{"line":89,"column":9},"end":{"line":89,"column":10}},"loc":{"start":{"line":89,"column":19},"end":{"line":89,"column":37}},"line":89},"7":{"name":"(anonymous_7)","decl":{"start":{"line":92,"column":12},"end":{"line":92,"column":13}},"loc":{"start":{"line":92,"column":17},"end":{"line":92,"column":41}},"line":92},"8":{"name":"(anonymous_8)","decl":{"start":{"line":93,"column":12},"end":{"line":93,"column":13}},"loc":{"start":{"line":93,"column":17},"end":{"line":93,"column":79}},"line":93},"9":{"name":"(anonymous_9)","decl":{"start":{"line":94,"column":12},"end":{"line":94,"column":13}},"loc":{"start":{"line":94,"column":17},"end":{"line":94,"column":59}},"line":94},"10":{"name":"(anonymous_10)","decl":{"start":{"line":96,"column":20},"end":{"line":96,"column":21}},"loc":{"start":{"line":96,"column":46},"end":{"line":100,"column":3}},"line":96},"11":{"name":"(anonymous_11)","decl":{"start":{"line":102,"column":21},"end":{"line":102,"column":22}},"loc":{"start":{"line":102,"column":45},"end":{"line":102,"column":61}},"line":102},"12":{"name":"(anonymous_12)","decl":{"start":{"line":103,"column":22},"end":{"line":103,"column":23}},"loc":{"start":{"line":103,"column":28},"end":{"line":103,"column":43}},"line":103},"13":{"name":"(anonymous_13)","decl":{"start":{"line":145,"column":24},"end":{"line":145,"column":25}},"loc":{"start":{"line":145,"column":29},"end":{"line":145,"column":165}},"line":145},"14":{"name":"(anonymous_14)","decl":{"start":{"line":146,"column":24},"end":{"line":146,"column":25}},"loc":{"start":{"line":146,"column":29},"end":{"line":146,"column":169}},"line":146},"15":{"name":"(anonymous_15)","decl":{"start":{"line":195,"column":48},"end":{"line":195,"column":49}},"loc":{"start":{"line":199,"column":2},"end":{"line":311,"column":8}},"line":199},"16":{"name":"(anonymous_16)","decl":{"start":{"line":216,"column":27},"end":{"line":216,"column":28}},"loc":{"start":{"line":217,"column":16},"end":{"line":217,"column":106}},"line":217},"17":{"name":"(anonymous_17)","decl":{"start":{"line":228,"column":47},"end":{"line":228,"column":48}},"loc":{"start":{"line":229,"column":16},"end":{"line":237,"column":25}},"line":229},"18":{"name":"(anonymous_18)","decl":{"start":{"line":229,"column":43},"end":{"line":229,"column":44}},"loc":{"start":{"line":229,"column":49},"end":{"line":229,"column":63}},"line":229},"19":{"name":"(anonymous_19)","decl":{"start":{"line":251,"column":26},"end":{"line":251,"column":27}},"loc":{"start":{"line":251,"column":31},"end":{"line":251,"column":56}},"line":251},"20":{"name":"(anonymous_20)","decl":{"start":{"line":259,"column":25},"end":{"line":259,"column":26}},"loc":{"start":{"line":259,"column":31},"end":{"line":259,"column":71}},"line":259},"21":{"name":"(anonymous_21)","decl":{"start":{"line":260,"column":24},"end":{"line":260,"column":25}},"loc":{"start":{"line":260,"column":30},"end":{"line":260,"column":75}},"line":260},"22":{"name":"(anonymous_22)","decl":{"start":{"line":263,"column":33},"end":{"line":263,"column":34}},"loc":{"start":{"line":263,"column":39},"end":{"line":263,"column":52}},"line":263},"23":{"name":"(anonymous_23)","decl":{"start":{"line":274,"column":29},"end":{"line":274,"column":30}},"loc":{"start":{"line":274,"column":39},"end":{"line":289,"column":17}},"line":274},"24":{"name":"(anonymous_24)","decl":{"start":{"line":278,"column":50},"end":{"line":278,"column":51}},"loc":{"start":{"line":278,"column":56},"end":{"line":278,"column":89}},"line":278},"25":{"name":"(anonymous_25)","decl":{"start":{"line":302,"column":33},"end":{"line":302,"column":34}},"loc":{"start":{"line":303,"column":18},"end":{"line":303,"column":116}},"line":303},"26":{"name":"(anonymous_26)","decl":{"start":{"line":323,"column":46},"end":{"line":323,"column":47}},"loc":{"start":{"line":323,"column":101},"end":{"line":505,"column":1}},"line":323},"27":{"name":"(anonymous_27)","decl":{"start":{"line":331,"column":12},"end":{"line":331,"column":13}},"loc":{"start":{"line":331,"column":18},"end":{"line":338,"column":3}},"line":331},"28":{"name":"(anonymous_28)","decl":{"start":{"line":335,"column":12},"end":{"line":335,"column":13}},"loc":{"start":{"line":335,"column":17},"end":{"line":335,"column":35}},"line":335},"29":{"name":"(anonymous_29)","decl":{"start":{"line":336,"column":13},"end":{"line":336,"column":14}},"loc":{"start":{"line":336,"column":19},"end":{"line":336,"column":38}},"line":336},"30":{"name":"(anonymous_30)","decl":{"start":{"line":337,"column":15},"end":{"line":337,"column":16}},"loc":{"start":{"line":337,"column":21},"end":{"line":337,"column":42}},"line":337},"31":{"name":"(anonymous_31)","decl":{"start":{"line":341,"column":12},"end":{"line":341,"column":13}},"loc":{"start":{"line":341,"column":18},"end":{"line":345,"column":3}},"line":341},"32":{"name":"(anonymous_32)","decl":{"start":{"line":343,"column":25},"end":{"line":343,"column":26}},"loc":{"start":{"line":343,"column":31},"end":{"line":343,"column":62}},"line":343},"33":{"name":"(anonymous_33)","decl":{"start":{"line":344,"column":11},"end":{"line":344,"column":12}},"loc":{"start":{"line":344,"column":17},"end":{"line":344,"column":32}},"line":344},"34":{"name":"(anonymous_34)","decl":{"start":{"line":388,"column":35},"end":{"line":388,"column":36}},"loc":{"start":{"line":389,"column":18},"end":{"line":393,"column":32}},"line":389},"35":{"name":"(anonymous_35)","decl":{"start":{"line":432,"column":25},"end":{"line":432,"column":26}},"loc":{"start":{"line":432,"column":31},"end":{"line":432,"column":48}},"line":432},"36":{"name":"(anonymous_36)","decl":{"start":{"line":439,"column":30},"end":{"line":439,"column":31}},"loc":{"start":{"line":439,"column":36},"end":{"line":439,"column":80}},"line":439},"37":{"name":"(anonymous_37)","decl":{"start":{"line":440,"column":30},"end":{"line":440,"column":31}},"loc":{"start":{"line":440,"column":36},"end":{"line":440,"column":75}},"line":440},"38":{"name":"(anonymous_38)","decl":{"start":{"line":459,"column":53},"end":{"line":459,"column":54}},"loc":{"start":{"line":459,"column":59},"end":{"line":459,"column":87}},"line":459},"39":{"name":"(anonymous_39)","decl":{"start":{"line":464,"column":54},"end":{"line":464,"column":55}},"loc":{"start":{"line":464,"column":60},"end":{"line":464,"column":89}},"line":464},"40":{"name":"(anonymous_40)","decl":{"start":{"line":469,"column":57},"end":{"line":469,"column":58}},"loc":{"start":{"line":469,"column":63},"end":{"line":469,"column":94}},"line":469},"41":{"name":"(anonymous_41)","decl":{"start":{"line":509,"column":60},"end":{"line":509,"column":61}},"loc":{"start":{"line":510,"column":2},"end":{"line":515,"column":8}},"line":510},"42":{"name":"(anonymous_42)","decl":{"start":{"line":518,"column":96},"end":{"line":518,"column":97}},"loc":{"start":{"line":518,"column":130},"end":{"line":534,"column":1}},"line":518},"43":{"name":"(anonymous_43)","decl":{"start":{"line":523,"column":20},"end":{"line":523,"column":21}},"loc":{"start":{"line":523,"column":26},"end":{"line":523,"column":38}},"line":523},"44":{"name":"(anonymous_44)","decl":{"start":{"line":523,"column":54},"end":{"line":523,"column":55}},"loc":{"start":{"line":523,"column":60},"end":{"line":523,"column":73}},"line":523},"45":{"name":"(anonymous_45)","decl":{"start":{"line":538,"column":62},"end":{"line":538,"column":63}},"loc":{"start":{"line":539,"column":2},"end":{"line":545,"column":8}},"line":539},"46":{"name":"(anonymous_46)","decl":{"start":{"line":557,"column":44},"end":{"line":557,"column":45}},"loc":{"start":{"line":557,"column":90},"end":{"line":666,"column":1}},"line":557},"47":{"name":"(anonymous_47)","decl":{"start":{"line":561,"column":28},"end":{"line":561,"column":29}},"loc":{"start":{"line":561,"column":53},"end":{"line":564,"column":3}},"line":561},"48":{"name":"(anonymous_48)","decl":{"start":{"line":620,"column":15},"end":{"line":620,"column":16}},"loc":{"start":{"line":620,"column":21},"end":{"line":620,"column":33}},"line":620},"49":{"name":"(anonymous_49)","decl":{"start":{"line":622,"column":20},"end":{"line":622,"column":21}},"loc":{"start":{"line":622,"column":26},"end":{"line":622,"column":42}},"line":622},"50":{"name":"(anonymous_50)","decl":{"start":{"line":623,"column":20},"end":{"line":623,"column":21}},"loc":{"start":{"line":623,"column":26},"end":{"line":623,"column":43}},"line":623},"51":{"name":"(anonymous_51)","decl":{"start":{"line":672,"column":60},"end":{"line":672,"column":61}},"loc":{"start":{"line":673,"column":2},"end":{"line":678,"column":8}},"line":673},"52":{"name":"shadeDown","decl":{"start":{"line":683,"column":9},"end":{"line":683,"column":18}},"loc":{"start":{"line":683,"column":40},"end":{"line":691,"column":1}},"line":683},"53":{"name":"(anonymous_53)","decl":{"start":{"line":688,"column":14},"end":{"line":688,"column":15}},"loc":{"start":{"line":688,"column":29},"end":{"line":688,"column":78}},"line":688}},"branchMap":{"0":{"loc":{"start":{"line":59,"column":14},"end":{"line":59,"column":55}},"type":"binary-expr","locations":[{"start":{"line":59,"column":14},"end":{"line":59,"column":42}},{"start":{"line":59,"column":46},"end":{"line":59,"column":55}}],"line":59},"1":{"loc":{"start":{"line":60,"column":2},"end":{"line":60,"column":38}},"type":"if","locations":[{"start":{"line":60,"column":2},"end":{"line":60,"column":38}},{"start":{},"end":{}}],"line":60},"2":{"loc":{"start":{"line":67,"column":2},"end":{"line":67,"column":24}},"type":"if","locations":[{"start":{"line":67,"column":2},"end":{"line":67,"column":24}},{"start":{},"end":{}}],"line":67},"3":{"loc":{"start":{"line":76,"column":10},"end":{"line":76,"column":35}},"type":"default-arg","locations":[{"start":{"line":76,"column":26},"end":{"line":76,"column":35}}],"line":76},"4":{"loc":{"start":{"line":77,"column":2},"end":{"line":77,"column":22}},"type":"default-arg","locations":[{"start":{"line":77,"column":20},"end":{"line":77,"column":22}}],"line":77},"5":{"loc":{"start":{"line":77,"column":24},"end":{"line":77,"column":48}},"type":"default-arg","locations":[{"start":{"line":77,"column":46},"end":{"line":77,"column":48}}],"line":77},"6":{"loc":{"start":{"line":85,"column":17},"end":{"line":85,"column":72}},"type":"cond-expr","locations":[{"start":{"line":85,"column":35},"end":{"line":85,"column":50}},{"start":{"line":85,"column":53},"end":{"line":85,"column":72}}],"line":85},"7":{"loc":{"start":{"line":88,"column":31},"end":{"line":88,"column":67}},"type":"binary-expr","locations":[{"start":{"line":88,"column":31},"end":{"line":88,"column":55}},{"start":{"line":88,"column":59},"end":{"line":88,"column":67}}],"line":88},"8":{"loc":{"start":{"line":93,"column":17},"end":{"line":93,"column":79}},"type":"binary-expr","locations":[{"start":{"line":93,"column":17},"end":{"line":93,"column":24}},{"start":{"line":93,"column":28},"end":{"line":93,"column":79}}],"line":93},"9":{"loc":{"start":{"line":94,"column":17},"end":{"line":94,"column":59}},"type":"binary-expr","locations":[{"start":{"line":94,"column":17},"end":{"line":94,"column":30}},{"start":{"line":94,"column":34},"end":{"line":94,"column":59}}],"line":94},"10":{"loc":{"start":{"line":118,"column":9},"end":{"line":136,"column":9}},"type":"cond-expr","locations":[{"start":{"line":119,"column":10},"end":{"line":131,"column":19}},{"start":{"line":133,"column":10},"end":{"line":135,"column":17}}],"line":118},"11":{"loc":{"start":{"line":155,"column":9},"end":{"line":172,"column":9}},"type":"cond-expr","locations":[{"start":{"line":156,"column":10},"end":{"line":156,"column":124}},{"start":{"line":158,"column":10},"end":{"line":171,"column":12}}],"line":155},"12":{"loc":{"start":{"line":200,"column":5},"end":{"line":310,"column":5}},"type":"cond-expr","locations":[{"start":{"line":201,"column":6},"end":{"line":204,"column":12}},{"start":{"line":206,"column":6},"end":{"line":309,"column":9}}],"line":200},"13":{"loc":{"start":{"line":211,"column":13},"end":{"line":219,"column":13}},"type":"cond-expr","locations":[{"start":{"line":212,"column":14},"end":{"line":214,"column":20}},{"start":{"line":216,"column":14},"end":{"line":218,"column":16}}],"line":211},"14":{"loc":{"start":{"line":232,"column":30},"end":{"line":232,"column":63}},"type":"cond-expr","locations":[{"start":{"line":232,"column":47},"end":{"line":232,"column":51}},{"start":{"line":232,"column":54},"end":{"line":232,"column":63}}],"line":232},"15":{"loc":{"start":{"line":233,"column":25},"end":{"line":233,"column":60}},"type":"cond-expr","locations":[{"start":{"line":233,"column":42},"end":{"line":233,"column":48}},{"start":{"line":233,"column":51},"end":{"line":233,"column":60}}],"line":233},"16":{"loc":{"start":{"line":236,"column":19},"end":{"line":236,"column":65}},"type":"cond-expr","locations":[{"start":{"line":236,"column":34},"end":{"line":236,"column":46}},{"start":{"line":236,"column":49},"end":{"line":236,"column":65}}],"line":236},"17":{"loc":{"start":{"line":262,"column":15},"end":{"line":268,"column":15}},"type":"binary-expr","locations":[{"start":{"line":262,"column":15},"end":{"line":262,"column":21}},{"start":{"line":263,"column":16},"end":{"line":267,"column":29}}],"line":262},"18":{"loc":{"start":{"line":272,"column":13},"end":{"line":291,"column":13}},"type":"binary-expr","locations":[{"start":{"line":272,"column":13},"end":{"line":272,"column":31}},{"start":{"line":273,"column":14},"end":{"line":290,"column":20}}],"line":272},"19":{"loc":{"start":{"line":278,"column":66},"end":{"line":278,"column":88}},"type":"cond-expr","locations":[{"start":{"line":278,"column":75},"end":{"line":278,"column":79}},{"start":{"line":278,"column":82},"end":{"line":278,"column":88}}],"line":278},"20":{"loc":{"start":{"line":281,"column":34},"end":{"line":281,"column":66}},"type":"cond-expr","locations":[{"start":{"line":281,"column":43},"end":{"line":281,"column":54}},{"start":{"line":281,"column":57},"end":{"line":281,"column":66}}],"line":281},"21":{"loc":{"start":{"line":282,"column":29},"end":{"line":282,"column":65}},"type":"cond-expr","locations":[{"start":{"line":282,"column":38},"end":{"line":282,"column":53}},{"start":{"line":282,"column":56},"end":{"line":282,"column":65}}],"line":282},"22":{"loc":{"start":{"line":284,"column":31},"end":{"line":284,"column":78}},"type":"cond-expr","locations":[{"start":{"line":284,"column":40},"end":{"line":284,"column":69}},{"start":{"line":284,"column":72},"end":{"line":284,"column":78}}],"line":284},"23":{"loc":{"start":{"line":296,"column":13},"end":{"line":306,"column":13}},"type":"cond-expr","locations":[{"start":{"line":297,"column":14},"end":{"line":299,"column":20}},{"start":{"line":301,"column":14},"end":{"line":305,"column":20}}],"line":296},"24":{"loc":{"start":{"line":298,"column":17},"end":{"line":298,"column":95}},"type":"cond-expr","locations":[{"start":{"line":298,"column":42},"end":{"line":298,"column":71}},{"start":{"line":298,"column":74},"end":{"line":298,"column":95}}],"line":298},"25":{"loc":{"start":{"line":298,"column":17},"end":{"line":298,"column":39}},"type":"binary-expr","locations":[{"start":{"line":298,"column":17},"end":{"line":298,"column":23}},{"start":{"line":298,"column":27},"end":{"line":298,"column":39}}],"line":298},"26":{"loc":{"start":{"line":324,"column":66},"end":{"line":324,"column":92}},"type":"binary-expr","locations":[{"start":{"line":324,"column":66},"end":{"line":324,"column":84}},{"start":{"line":324,"column":88},"end":{"line":324,"column":92}}],"line":324},"27":{"loc":{"start":{"line":332,"column":4},"end":{"line":332,"column":67}},"type":"if","locations":[{"start":{"line":332,"column":4},"end":{"line":332,"column":67}},{"start":{},"end":{}}],"line":332},"28":{"loc":{"start":{"line":332,"column":8},"end":{"line":332,"column":58}},"type":"binary-expr","locations":[{"start":{"line":332,"column":8},"end":{"line":332,"column":20}},{"start":{"line":332,"column":24},"end":{"line":332,"column":42}},{"start":{"line":332,"column":46},"end":{"line":332,"column":58}}],"line":332},"29":{"loc":{"start":{"line":342,"column":4},"end":{"line":342,"column":30}},"type":"if","locations":[{"start":{"line":342,"column":4},"end":{"line":342,"column":30}},{"start":{},"end":{}}],"line":342},"30":{"loc":{"start":{"line":384,"column":11},"end":{"line":397,"column":11}},"type":"binary-expr","locations":[{"start":{"line":384,"column":11},"end":{"line":384,"column":24}},{"start":{"line":384,"column":28},"end":{"line":384,"column":52}},{"start":{"line":385,"column":12},"end":{"line":396,"column":18}}],"line":384},"31":{"loc":{"start":{"line":403,"column":15},"end":{"line":403,"column":79}},"type":"binary-expr","locations":[{"start":{"line":403,"column":15},"end":{"line":403,"column":32}},{"start":{"line":403,"column":36},"end":{"line":403,"column":79}}],"line":403},"32":{"loc":{"start":{"line":408,"column":11},"end":{"line":413,"column":11}},"type":"binary-expr","locations":[{"start":{"line":408,"column":11},"end":{"line":408,"column":26}},{"start":{"line":409,"column":12},"end":{"line":412,"column":18}}],"line":408},"33":{"loc":{"start":{"line":416,"column":36},"end":{"line":416,"column":59}},"type":"cond-expr","locations":[{"start":{"line":416,"column":54},"end":{"line":416,"column":55}},{"start":{"line":416,"column":58},"end":{"line":416,"column":59}}],"line":416},"34":{"loc":{"start":{"line":417,"column":13},"end":{"line":447,"column":13}},"type":"cond-expr","locations":[{"start":{"line":418,"column":14},"end":{"line":429,"column":20}},{"start":{"line":431,"column":14},"end":{"line":446,"column":23}}],"line":417},"35":{"loc":{"start":{"line":457,"column":13},"end":{"line":476,"column":13}},"type":"binary-expr","locations":[{"start":{"line":457,"column":13},"end":{"line":457,"column":25}},{"start":{"line":458,"column":14},"end":{"line":475,"column":20}}],"line":457},"36":{"loc":{"start":{"line":482,"column":15},"end":{"line":487,"column":15}},"type":"binary-expr","locations":[{"start":{"line":482,"column":15},"end":{"line":482,"column":26}},{"start":{"line":483,"column":16},"end":{"line":486,"column":22}}],"line":482},"37":{"loc":{"start":{"line":488,"column":15},"end":{"line":492,"column":15}},"type":"binary-expr","locations":[{"start":{"line":488,"column":15},"end":{"line":488,"column":27}},{"start":{"line":488,"column":31},"end":{"line":488,"column":41}},{"start":{"line":489,"column":16},"end":{"line":491,"column":22}}],"line":488},"38":{"loc":{"start":{"line":493,"column":15},"end":{"line":497,"column":15}},"type":"binary-expr","locations":[{"start":{"line":493,"column":15},"end":{"line":493,"column":27}},{"start":{"line":493,"column":31},"end":{"line":493,"column":42}},{"start":{"line":493,"column":46},"end":{"line":493,"column":59}},{"start":{"line":494,"column":16},"end":{"line":496,"column":22}}],"line":493},"39":{"loc":{"start":{"line":498,"column":15},"end":{"line":498,"column":90}},"type":"binary-expr","locations":[{"start":{"line":498,"column":15},"end":{"line":498,"column":27}},{"start":{"line":498,"column":31},"end":{"line":498,"column":90}}],"line":498},"40":{"loc":{"start":{"line":526,"column":20},"end":{"line":526,"column":44}},"type":"cond-expr","locations":[{"start":{"line":526,"column":26},"end":{"line":526,"column":35}},{"start":{"line":526,"column":38},"end":{"line":526,"column":44}}],"line":526},"41":{"loc":{"start":{"line":526,"column":53},"end":{"line":526,"column":80}},"type":"cond-expr","locations":[{"start":{"line":526,"column":59},"end":{"line":526,"column":68}},{"start":{"line":526,"column":71},"end":{"line":526,"column":80}}],"line":526},"42":{"loc":{"start":{"line":566,"column":2},"end":{"line":616,"column":3}},"type":"if","locations":[{"start":{"line":566,"column":2},"end":{"line":616,"column":3}},{"start":{},"end":{}}],"line":566},"43":{"loc":{"start":{"line":590,"column":11},"end":{"line":596,"column":57}},"type":"cond-expr","locations":[{"start":{"line":591,"column":12},"end":{"line":595,"column":36}},{"start":{"line":596,"column":14},"end":{"line":596,"column":57}}],"line":590},"44":{"loc":{"start":{"line":601,"column":11},"end":{"line":601,"column":45}},"type":"binary-expr","locations":[{"start":{"line":601,"column":11},"end":{"line":601,"column":38}},{"start":{"line":601,"column":42},"end":{"line":601,"column":45}}],"line":601},"45":{"loc":{"start":{"line":606,"column":11},"end":{"line":606,"column":89}},"type":"cond-expr","locations":[{"start":{"line":606,"column":55},"end":{"line":606,"column":83}},{"start":{"line":606,"column":86},"end":{"line":606,"column":89}}],"line":606},"46":{"loc":{"start":{"line":606,"column":11},"end":{"line":606,"column":52}},"type":"binary-expr","locations":[{"start":{"line":606,"column":11},"end":{"line":606,"column":24}},{"start":{"line":606,"column":28},"end":{"line":606,"column":52}}],"line":606},"47":{"loc":{"start":{"line":628,"column":20},"end":{"line":628,"column":60}},"type":"cond-expr","locations":[{"start":{"line":628,"column":30},"end":{"line":628,"column":49}},{"start":{"line":628,"column":52},"end":{"line":628,"column":60}}],"line":628},"48":{"loc":{"start":{"line":630,"column":19},"end":{"line":630,"column":89}},"type":"cond-expr","locations":[{"start":{"line":630,"column":29},"end":{"line":630,"column":58}},{"start":{"line":630,"column":61},"end":{"line":630,"column":89}}],"line":630},"49":{"loc":{"start":{"line":646,"column":9},"end":{"line":652,"column":69}},"type":"cond-expr","locations":[{"start":{"line":647,"column":10},"end":{"line":651,"column":34}},{"start":{"line":652,"column":12},"end":{"line":652,"column":69}}],"line":646},"50":{"loc":{"start":{"line":657,"column":9},"end":{"line":657,"column":43}},"type":"binary-expr","locations":[{"start":{"line":657,"column":9},"end":{"line":657,"column":36}},{"start":{"line":657,"column":40},"end":{"line":657,"column":43}}],"line":657},"51":{"loc":{"start":{"line":662,"column":9},"end":{"line":662,"column":87}},"type":"cond-expr","locations":[{"start":{"line":662,"column":53},"end":{"line":662,"column":81}},{"start":{"line":662,"column":84},"end":{"line":662,"column":87}}],"line":662},"52":{"loc":{"start":{"line":662,"column":9},"end":{"line":662,"column":50}},"type":"binary-expr","locations":[{"start":{"line":662,"column":9},"end":{"line":662,"column":22}},{"start":{"line":662,"column":26},"end":{"line":662,"column":50}}],"line":662},"53":{"loc":{"start":{"line":672,"column":70},"end":{"line":672,"column":79}},"type":"default-arg","locations":[{"start":{"line":672,"column":77},"end":{"line":672,"column":79}}],"line":672}},"s":{"0":2,"1":2,"2":2,"3":2,"4":53,"5":53,"6":0,"7":53,"8":53,"9":53,"10":322,"11":53,"12":2,"13":25,"14":25,"15":0,"16":0,"17":2,"18":17,"19":17,"20":17,"21":17,"22":17,"23":0,"24":17,"25":17,"26":31,"27":30,"28":14,"29":17,"30":31,"31":30,"32":28,"33":17,"34":1,"35":1,"36":1,"37":17,"38":0,"39":17,"40":0,"41":17,"42":0,"43":0,"44":0,"45":0,"46":2,"47":17,"48":0,"49":32,"50":1,"51":3,"52":0,"53":0,"54":0,"55":28,"56":28,"57":28,"58":1,"59":25,"60":2,"61":0,"62":0,"63":0,"64":0,"65":0,"66":0,"67":0,"68":0,"69":0,"70":0,"71":0,"72":0,"73":0,"74":0,"75":0,"76":0,"77":0,"78":0,"79":0,"80":0,"81":0,"82":0,"83":0,"84":0,"85":0,"86":0,"87":0,"88":0,"89":0,"90":2,"91":0,"92":2,"93":0,"94":0,"95":0,"96":0,"97":2,"98":16,"99":2,"100":25,"101":25,"102":25,"103":0,"104":0,"105":25,"106":0,"107":25,"108":1,"109":0,"110":0,"111":2,"112":25,"113":0,"114":0,"115":0,"116":0,"117":0,"118":0,"119":0,"120":0},"f":{"0":53,"1":25,"2":17,"3":0,"4":31,"5":30,"6":14,"7":31,"8":30,"9":28,"10":1,"11":0,"12":0,"13":0,"14":0,"15":17,"16":0,"17":32,"18":1,"19":3,"20":0,"21":0,"22":0,"23":28,"24":1,"25":25,"26":0,"27":0,"28":0,"29":0,"30":0,"31":0,"32":0,"33":0,"34":0,"35":0,"36":0,"37":0,"38":0,"39":0,"40":0,"41":0,"42":0,"43":0,"44":0,"45":16,"46":25,"47":0,"48":1,"49":0,"50":0,"51":25,"52":0,"53":0},"b":{"0":[53,0],"1":[0,53],"2":[25,0],"3":[16],"4":[0],"5":[0],"6":[16,1],"7":[31,30],"8":[30,4],"9":[28,2],"10":[0,17],"11":[0,17],"12":[1,16],"13":[16,0],"14":[16,16],"15":[16,16],"16":[16,16],"17":[16,2],"18":[16,15],"19":[0,1],"20":[1,27],"21":[1,27],"22":[1,27],"23":[1,15],"24":[0,1],"25":[1,1],"26":[0,0],"27":[0,0],"28":[0,0,0],"29":[0,0],"30":[0,0,0],"31":[0,0],"32":[0,0],"33":[0,0],"34":[0,0],"35":[0,0],"36":[0,0],"37":[0,0,0],"38":[0,0,0,0],"39":[0,0],"40":[0,0],"41":[0,0],"42":[0,25],"43":[0,0],"44":[0,0],"45":[0,0],"46":[0,0],"47":[0,25],"48":[0,25],"49":[25,0],"50":[25,25],"51":[0,25],"52":[25,0],"53":[0]},"_coverageSchema":"1a1c01bbd47fc00a2c39e90264f33305004495a9","hash":"60d3c2e04932e1b22c7813c362238b7536543454"}
,"C:\\Users\\maxoe\\Documents\\Karlsruhe Institut für Technologie\\Studentenjob\\Workspaces\\Methodologist-UI\\Vitruv-UI-Methodologist\\src\\components\\canvas\\UMLDiagram.tsx": {"path":"C:\\Users\\maxoe\\Documents\\Karlsruhe Institut für Technologie\\Studentenjob\\Workspaces\\Methodologist-UI\\Vitruv-UI-Methodologist\\src\\components\\canvas\\UMLDiagram.tsx","statementMap":{"0":{"start":{"line":6,"column":11},"end":{"line":6,"column":14}},"1":{"start":{"line":7,"column":15},"end":{"line":7,"column":17}},"2":{"start":{"line":8,"column":17},"end":{"line":8,"column":19}},"3":{"start":{"line":9,"column":17},"end":{"line":9,"column":19}},"4":{"start":{"line":10,"column":17},"end":{"line":10,"column":19}},"5":{"start":{"line":11,"column":18},"end":{"line":11,"column":20}},"6":{"start":{"line":12,"column":15},"end":{"line":12,"column":17}},"7":{"start":{"line":17,"column":13},"end":{"line":17,"column":62}},"8":{"start":{"line":18,"column":13},"end":{"line":18,"column":66}},"9":{"start":{"line":19,"column":2},"end":{"line":19,"column":34}},"10":{"start":{"line":23,"column":13},"end":{"line":23,"column":24}},"11":{"start":{"line":23,"column":31},"end":{"line":23,"column":41}},"12":{"start":{"line":24,"column":13},"end":{"line":24,"column":20}},"13":{"start":{"line":24,"column":27},"end":{"line":24,"column":34}},"14":{"start":{"line":25,"column":2},"end":{"line":25,"column":42}},"15":{"start":{"line":25,"column":18},"end":{"line":25,"column":42}},"16":{"start":{"line":26,"column":13},"end":{"line":26,"column":19}},"17":{"start":{"line":26,"column":26},"end":{"line":26,"column":31}},"18":{"start":{"line":27,"column":12},"end":{"line":27,"column":89}},"19":{"start":{"line":28,"column":2},"end":{"line":28,"column":44}},"20":{"start":{"line":67,"column":26},"end":{"line":305,"column":2}},"21":{"start":{"line":68,"column":17},"end":{"line":68,"column":41}},"22":{"start":{"line":69,"column":32},"end":{"line":69,"column":63}},"23":{"start":{"line":70,"column":17},"end":{"line":70,"column":54}},"24":{"start":{"line":71,"column":26},"end":{"line":71,"column":58}},"25":{"start":{"line":74,"column":22},"end":{"line":74,"column":34}},"26":{"start":{"line":75,"column":22},"end":{"line":75,"column":34}},"27":{"start":{"line":76,"column":30},"end":{"line":76,"column":41}},"28":{"start":{"line":77,"column":32},"end":{"line":77,"column":47}},"29":{"start":{"line":78,"column":18},"end":{"line":78,"column":52}},"30":{"start":{"line":79,"column":23},"end":{"line":79,"column":51}},"31":{"start":{"line":81,"column":20},"end":{"line":93,"column":8}},"32":{"start":{"line":82,"column":15},"end":{"line":82,"column":35}},"33":{"start":{"line":83,"column":4},"end":{"line":83,"column":20}},"34":{"start":{"line":83,"column":13},"end":{"line":83,"column":20}},"35":{"start":{"line":84,"column":28},"end":{"line":84,"column":43}},"36":{"start":{"line":85,"column":15},"end":{"line":85,"column":33}},"37":{"start":{"line":86,"column":15},"end":{"line":86,"column":34}},"38":{"start":{"line":87,"column":15},"end":{"line":87,"column":58}},"39":{"start":{"line":88,"column":18},"end":{"line":88,"column":28}},"40":{"start":{"line":89,"column":15},"end":{"line":89,"column":36}},"41":{"start":{"line":90,"column":15},"end":{"line":90,"column":36}},"42":{"start":{"line":91,"column":4},"end":{"line":91,"column":50}},"43":{"start":{"line":92,"column":4},"end":{"line":92,"column":14}},"44":{"start":{"line":92,"column":15},"end":{"line":92,"column":25}},"45":{"start":{"line":92,"column":26},"end":{"line":92,"column":40}},"46":{"start":{"line":96,"column":2},"end":{"line":120,"column":28}},"47":{"start":{"line":96,"column":34},"end":{"line":120,"column":3}},"48":{"start":{"line":97,"column":18},"end":{"line":97,"column":32}},"49":{"start":{"line":98,"column":19},"end":{"line":98,"column":37}},"50":{"start":{"line":100,"column":17},"end":{"line":100,"column":37}},"51":{"start":{"line":101,"column":6},"end":{"line":101,"column":46}},"52":{"start":{"line":101,"column":39},"end":{"line":101,"column":46}},"53":{"start":{"line":102,"column":18},"end":{"line":102,"column":20}},"54":{"start":{"line":103,"column":19},"end":{"line":103,"column":53}},"55":{"start":{"line":103,"column":48},"end":{"line":103,"column":51}},"56":{"start":{"line":104,"column":19},"end":{"line":104,"column":53}},"57":{"start":{"line":104,"column":48},"end":{"line":104,"column":51}},"58":{"start":{"line":105,"column":19},"end":{"line":105,"column":58}},"59":{"start":{"line":105,"column":48},"end":{"line":105,"column":56}},"60":{"start":{"line":106,"column":19},"end":{"line":106,"column":63}},"61":{"start":{"line":106,"column":48},"end":{"line":106,"column":61}},"62":{"start":{"line":107,"column":23},"end":{"line":107,"column":34}},"63":{"start":{"line":108,"column":23},"end":{"line":108,"column":34}},"64":{"start":{"line":109,"column":52},"end":{"line":109,"column":54}},"65":{"start":{"line":110,"column":20},"end":{"line":114,"column":7}},"66":{"start":{"line":115,"column":17},"end":{"line":115,"column":59}},"67":{"start":{"line":116,"column":17},"end":{"line":116,"column":59}},"68":{"start":{"line":117,"column":6},"end":{"line":117,"column":48}},"69":{"start":{"line":118,"column":6},"end":{"line":118,"column":16}},"70":{"start":{"line":118,"column":17},"end":{"line":118,"column":27}},"71":{"start":{"line":118,"column":28},"end":{"line":118,"column":45}},"72":{"start":{"line":122,"column":2},"end":{"line":122,"column":92}},"73":{"start":{"line":122,"column":20},"end":{"line":122,"column":70}},"74":{"start":{"line":125,"column":2},"end":{"line":146,"column":9}},"75":{"start":{"line":126,"column":15},"end":{"line":126,"column":35}},"76":{"start":{"line":127,"column":4},"end":{"line":127,"column":20}},"77":{"start":{"line":127,"column":13},"end":{"line":127,"column":20}},"78":{"start":{"line":128,"column":20},"end":{"line":143,"column":5}},"79":{"start":{"line":129,"column":6},"end":{"line":129,"column":25}},"80":{"start":{"line":130,"column":19},"end":{"line":130,"column":45}},"81":{"start":{"line":131,"column":30},"end":{"line":131,"column":45}},"82":{"start":{"line":132,"column":17},"end":{"line":132,"column":38}},"83":{"start":{"line":133,"column":17},"end":{"line":133,"column":37}},"84":{"start":{"line":134,"column":21},"end":{"line":134,"column":51}},"85":{"start":{"line":135,"column":17},"end":{"line":135,"column":60}},"86":{"start":{"line":136,"column":20},"end":{"line":136,"column":30}},"87":{"start":{"line":137,"column":17},"end":{"line":137,"column":38}},"88":{"start":{"line":138,"column":17},"end":{"line":138,"column":38}},"89":{"start":{"line":139,"column":6},"end":{"line":139,"column":52}},"90":{"start":{"line":140,"column":6},"end":{"line":140,"column":20}},"91":{"start":{"line":141,"column":6},"end":{"line":141,"column":16}},"92":{"start":{"line":142,"column":6},"end":{"line":142,"column":16}},"93":{"start":{"line":144,"column":4},"end":{"line":144,"column":62}},"94":{"start":{"line":145,"column":4},"end":{"line":145,"column":58}},"95":{"start":{"line":145,"column":17},"end":{"line":145,"column":57}},"96":{"start":{"line":148,"column":25},"end":{"line":168,"column":8}},"97":{"start":{"line":149,"column":4},"end":{"line":149,"column":69}},"98":{"start":{"line":149,"column":62},"end":{"line":149,"column":69}},"99":{"start":{"line":150,"column":4},"end":{"line":150,"column":23}},"100":{"start":{"line":151,"column":4},"end":{"line":151,"column":21}},"101":{"start":{"line":152,"column":21},"end":{"line":152,"column":36}},"102":{"start":{"line":153,"column":15},"end":{"line":153,"column":24}},"103":{"start":{"line":153,"column":31},"end":{"line":153,"column":40}},"104":{"start":{"line":154,"column":19},"end":{"line":160,"column":5}},"105":{"start":{"line":155,"column":17},"end":{"line":155,"column":36}},"106":{"start":{"line":156,"column":17},"end":{"line":156,"column":36}},"107":{"start":{"line":157,"column":6},"end":{"line":157,"column":61}},"108":{"start":{"line":158,"column":6},"end":{"line":158,"column":16}},"109":{"start":{"line":159,"column":6},"end":{"line":159,"column":16}},"110":{"start":{"line":161,"column":17},"end":{"line":165,"column":5}},"111":{"start":{"line":162,"column":6},"end":{"line":162,"column":24}},"112":{"start":{"line":163,"column":6},"end":{"line":163,"column":54}},"113":{"start":{"line":164,"column":6},"end":{"line":164,"column":50}},"114":{"start":{"line":166,"column":4},"end":{"line":166,"column":49}},"115":{"start":{"line":167,"column":4},"end":{"line":167,"column":45}},"116":{"start":{"line":170,"column":17},"end":{"line":170,"column":66}},"117":{"start":{"line":170,"column":51},"end":{"line":170,"column":64}},"118":{"start":{"line":171,"column":17},"end":{"line":171,"column":71}},"119":{"start":{"line":171,"column":51},"end":{"line":171,"column":69}},"120":{"start":{"line":173,"column":20},"end":{"line":175,"column":8}},"121":{"start":{"line":174,"column":4},"end":{"line":174,"column":104}},"122":{"start":{"line":174,"column":23},"end":{"line":174,"column":102}},"123":{"start":{"line":174,"column":37},"end":{"line":174,"column":101}},"124":{"start":{"line":177,"column":19},"end":{"line":180,"column":8}},"125":{"start":{"line":178,"column":4},"end":{"line":178,"column":95}},"126":{"start":{"line":178,"column":23},"end":{"line":178,"column":93}},"127":{"start":{"line":178,"column":37},"end":{"line":178,"column":92}},"128":{"start":{"line":179,"column":4},"end":{"line":179,"column":18}},"129":{"start":{"line":182,"column":19},"end":{"line":188,"column":8}},"130":{"start":{"line":183,"column":4},"end":{"line":186,"column":8}},"131":{"start":{"line":183,"column":23},"end":{"line":186,"column":6}},"132":{"start":{"line":184,"column":6},"end":{"line":184,"column":37}},"133":{"start":{"line":184,"column":28},"end":{"line":184,"column":37}},"134":{"start":{"line":185,"column":6},"end":{"line":185,"column":147}},"135":{"start":{"line":185,"column":55},"end":{"line":185,"column":143}},"136":{"start":{"line":187,"column":4},"end":{"line":187,"column":18}},"137":{"start":{"line":190,"column":18},"end":{"line":194,"column":8}},"138":{"start":{"line":191,"column":34},"end":{"line":191,"column":120}},"139":{"start":{"line":192,"column":4},"end":{"line":192,"column":111}},"140":{"start":{"line":192,"column":23},"end":{"line":192,"column":109}},"141":{"start":{"line":192,"column":37},"end":{"line":192,"column":108}},"142":{"start":{"line":193,"column":4},"end":{"line":193,"column":99}},"143":{"start":{"line":196,"column":21},"end":{"line":198,"column":8}},"144":{"start":{"line":197,"column":4},"end":{"line":197,"column":126}},"145":{"start":{"line":197,"column":23},"end":{"line":197,"column":124}},"146":{"start":{"line":197,"column":37},"end":{"line":197,"column":123}},"147":{"start":{"line":197,"column":105},"end":{"line":197,"column":120}},"148":{"start":{"line":200,"column":2},"end":{"line":206,"column":3}},"149":{"start":{"line":201,"column":4},"end":{"line":205,"column":6}},"150":{"start":{"line":208,"column":2},"end":{"line":304,"column":4}},"151":{"start":{"line":248,"column":22},"end":{"line":248,"column":62}},"152":{"start":{"line":248,"column":40},"end":{"line":248,"column":61}},"153":{"start":{"line":249,"column":22},"end":{"line":249,"column":62}},"154":{"start":{"line":249,"column":40},"end":{"line":249,"column":61}},"155":{"start":{"line":250,"column":10},"end":{"line":250,"column":40}},"156":{"start":{"line":250,"column":28},"end":{"line":250,"column":40}},"157":{"start":{"line":252,"column":21},"end":{"line":252,"column":30}},"158":{"start":{"line":252,"column":37},"end":{"line":252,"column":46}},"159":{"start":{"line":253,"column":22},"end":{"line":253,"column":36}},"160":{"start":{"line":253,"column":44},"end":{"line":253,"column":58}},"161":{"start":{"line":254,"column":22},"end":{"line":254,"column":36}},"162":{"start":{"line":254,"column":44},"end":{"line":254,"column":58}},"163":{"start":{"line":255,"column":21},"end":{"line":255,"column":55}},"164":{"start":{"line":256,"column":21},"end":{"line":256,"column":55}},"165":{"start":{"line":258,"column":23},"end":{"line":258,"column":132}},"166":{"start":{"line":259,"column":25},"end":{"line":259,"column":85}},"167":{"start":{"line":260,"column":21},"end":{"line":260,"column":38}},"168":{"start":{"line":261,"column":21},"end":{"line":261,"column":38}},"169":{"start":{"line":263,"column":10},"end":{"line":276,"column":12}},"170":{"start":{"line":282,"column":8},"end":{"line":299,"column":10}},"171":{"start":{"line":288,"column":33},"end":{"line":288,"column":90}},"172":{"start":{"line":289,"column":30},"end":{"line":289,"column":52}},"173":{"start":{"line":291,"column":22},"end":{"line":291,"column":64}},"174":{"start":{"line":291,"column":47},"end":{"line":291,"column":62}},"175":{"start":{"line":292,"column":12},"end":{"line":292,"column":91}},"176":{"start":{"line":294,"column":40},"end":{"line":294,"column":70}},"177":{"start":{"line":295,"column":30},"end":{"line":295,"column":43}},"178":{"start":{"line":296,"column":27},"end":{"line":296,"column":42}},"179":{"start":{"line":297,"column":34},"end":{"line":297,"column":60}},"180":{"start":{"line":307,"column":0},"end":{"line":307,"column":38}},"181":{"start":{"line":326,"column":42},"end":{"line":449,"column":1}},"182":{"start":{"line":330,"column":18},"end":{"line":330,"column":89}},"183":{"start":{"line":331,"column":40},"end":{"line":331,"column":69}},"184":{"start":{"line":333,"column":26},"end":{"line":352,"column":3}},"185":{"start":{"line":334,"column":4},"end":{"line":334,"column":62}},"186":{"start":{"line":334,"column":55},"end":{"line":334,"column":62}},"187":{"start":{"line":335,"column":4},"end":{"line":335,"column":24}},"188":{"start":{"line":336,"column":4},"end":{"line":336,"column":77}},"189":{"start":{"line":337,"column":20},"end":{"line":344,"column":5}},"190":{"start":{"line":338,"column":6},"end":{"line":338,"column":35}},"191":{"start":{"line":338,"column":28},"end":{"line":338,"column":35}},"192":{"start":{"line":339,"column":6},"end":{"line":343,"column":8}},"193":{"start":{"line":345,"column":17},"end":{"line":349,"column":5}},"194":{"start":{"line":346,"column":6},"end":{"line":346,"column":29}},"195":{"start":{"line":347,"column":6},"end":{"line":347,"column":55}},"196":{"start":{"line":348,"column":6},"end":{"line":348,"column":50}},"197":{"start":{"line":350,"column":4},"end":{"line":350,"column":50}},"198":{"start":{"line":351,"column":4},"end":{"line":351,"column":45}},"199":{"start":{"line":354,"column":28},"end":{"line":354,"column":61}},"200":{"start":{"line":355,"column":16},"end":{"line":355,"column":53}},"201":{"start":{"line":357,"column":2},"end":{"line":448,"column":4}},"202":{"start":{"line":377,"column":30},"end":{"line":377,"column":50}},"203":{"start":{"line":377,"column":51},"end":{"line":377,"column":69}},"204":{"start":{"line":400,"column":27},"end":{"line":400,"column":73}},"205":{"start":{"line":401,"column":30},"end":{"line":401,"column":74}},"206":{"start":{"line":401,"column":53},"end":{"line":401,"column":74}},"207":{"start":{"line":401,"column":75},"end":{"line":401,"column":114}},"208":{"start":{"line":401,"column":99},"end":{"line":401,"column":114}},"209":{"start":{"line":402,"column":26},"end":{"line":402,"column":46}},"210":{"start":{"line":403,"column":26},"end":{"line":403,"column":45}},"211":{"start":{"line":428,"column":10},"end":{"line":440,"column":12}},"212":{"start":{"line":433,"column":32},"end":{"line":433,"column":55}},"213":{"start":{"line":434,"column":32},"end":{"line":434,"column":52}},"214":{"start":{"line":435,"column":33},"end":{"line":435,"column":57}},"215":{"start":{"line":436,"column":30},"end":{"line":436,"column":55}},"216":{"start":{"line":438,"column":28},"end":{"line":438,"column":49}},"217":{"start":{"line":439,"column":36},"end":{"line":439,"column":118}},"218":{"start":{"line":466,"column":40},"end":{"line":532,"column":1}},"219":{"start":{"line":470,"column":2},"end":{"line":491,"column":3}},"220":{"start":{"line":471,"column":4},"end":{"line":490,"column":6}},"221":{"start":{"line":477,"column":25},"end":{"line":477,"column":67}},"222":{"start":{"line":478,"column":28},"end":{"line":478,"column":86}},"223":{"start":{"line":478,"column":51},"end":{"line":478,"column":86}},"224":{"start":{"line":478,"column":87},"end":{"line":478,"column":122}},"225":{"start":{"line":478,"column":111},"end":{"line":478,"column":122}},"226":{"start":{"line":478,"column":123},"end":{"line":478,"column":227}},"227":{"start":{"line":478,"column":146},"end":{"line":478,"column":165}},"228":{"start":{"line":478,"column":166},"end":{"line":478,"column":225}},"229":{"start":{"line":484,"column":25},"end":{"line":484,"column":67}},"230":{"start":{"line":485,"column":28},"end":{"line":485,"column":86}},"231":{"start":{"line":485,"column":51},"end":{"line":485,"column":86}},"232":{"start":{"line":485,"column":87},"end":{"line":485,"column":122}},"233":{"start":{"line":485,"column":111},"end":{"line":485,"column":122}},"234":{"start":{"line":486,"column":24},"end":{"line":486,"column":58}},"235":{"start":{"line":493,"column":2},"end":{"line":531,"column":4}},"236":{"start":{"line":519,"column":26},"end":{"line":519,"column":46}},"237":{"start":{"line":519,"column":47},"end":{"line":519,"column":58}},"238":{"start":{"line":536,"column":54},"end":{"line":559,"column":1}},"239":{"start":{"line":537,"column":24},"end":{"line":537,"column":39}},"240":{"start":{"line":538,"column":2},"end":{"line":558,"column":4}},"241":{"start":{"line":541,"column":26},"end":{"line":541,"column":38}},"242":{"start":{"line":542,"column":26},"end":{"line":542,"column":39}}},"fnMap":{"0":{"name":"boxH","decl":{"start":{"line":16,"column":9},"end":{"line":16,"column":13}},"loc":{"start":{"line":16,"column":30},"end":{"line":20,"column":1}},"line":16},"1":{"name":"edgePt","decl":{"start":{"line":22,"column":9},"end":{"line":22,"column":15}},"loc":{"start":{"line":22,"column":75},"end":{"line":29,"column":1}},"line":22},"2":{"name":"(anonymous_2)","decl":{"start":{"line":67,"column":72},"end":{"line":67,"column":73}},"loc":{"start":{"line":67,"column":99},"end":{"line":305,"column":1}},"line":67},"3":{"name":"(anonymous_3)","decl":{"start":{"line":81,"column":32},"end":{"line":81,"column":33}},"loc":{"start":{"line":81,"column":52},"end":{"line":93,"column":3}},"line":81},"4":{"name":"(anonymous_4)","decl":{"start":{"line":96,"column":27},"end":{"line":96,"column":28}},"loc":{"start":{"line":96,"column":34},"end":{"line":120,"column":3}},"line":96},"5":{"name":"(anonymous_5)","decl":{"start":{"line":97,"column":12},"end":{"line":97,"column":13}},"loc":{"start":{"line":97,"column":18},"end":{"line":97,"column":32}},"line":97},"6":{"name":"(anonymous_6)","decl":{"start":{"line":98,"column":13},"end":{"line":98,"column":14}},"loc":{"start":{"line":98,"column":19},"end":{"line":98,"column":37}},"line":98},"7":{"name":"(anonymous_7)","decl":{"start":{"line":99,"column":15},"end":{"line":99,"column":16}},"loc":{"start":{"line":99,"column":21},"end":{"line":119,"column":5}},"line":99},"8":{"name":"(anonymous_8)","decl":{"start":{"line":103,"column":43},"end":{"line":103,"column":44}},"loc":{"start":{"line":103,"column":48},"end":{"line":103,"column":51}},"line":103},"9":{"name":"(anonymous_9)","decl":{"start":{"line":104,"column":43},"end":{"line":104,"column":44}},"loc":{"start":{"line":104,"column":48},"end":{"line":104,"column":51}},"line":104},"10":{"name":"(anonymous_10)","decl":{"start":{"line":105,"column":43},"end":{"line":105,"column":44}},"loc":{"start":{"line":105,"column":48},"end":{"line":105,"column":56}},"line":105},"11":{"name":"(anonymous_11)","decl":{"start":{"line":106,"column":43},"end":{"line":106,"column":44}},"loc":{"start":{"line":106,"column":48},"end":{"line":106,"column":61}},"line":106},"12":{"name":"(anonymous_12)","decl":{"start":{"line":122,"column":12},"end":{"line":122,"column":13}},"loc":{"start":{"line":122,"column":18},"end":{"line":122,"column":72}},"line":122},"13":{"name":"(anonymous_13)","decl":{"start":{"line":125,"column":12},"end":{"line":125,"column":13}},"loc":{"start":{"line":125,"column":18},"end":{"line":146,"column":3}},"line":125},"14":{"name":"(anonymous_14)","decl":{"start":{"line":128,"column":20},"end":{"line":128,"column":21}},"loc":{"start":{"line":128,"column":39},"end":{"line":143,"column":5}},"line":128},"15":{"name":"(anonymous_15)","decl":{"start":{"line":145,"column":11},"end":{"line":145,"column":12}},"loc":{"start":{"line":145,"column":17},"end":{"line":145,"column":57}},"line":145},"16":{"name":"(anonymous_16)","decl":{"start":{"line":148,"column":37},"end":{"line":148,"column":38}},"loc":{"start":{"line":148,"column":62},"end":{"line":168,"column":3}},"line":148},"17":{"name":"(anonymous_17)","decl":{"start":{"line":154,"column":19},"end":{"line":154,"column":20}},"loc":{"start":{"line":154,"column":39},"end":{"line":160,"column":5}},"line":154},"18":{"name":"(anonymous_18)","decl":{"start":{"line":161,"column":17},"end":{"line":161,"column":18}},"loc":{"start":{"line":161,"column":23},"end":{"line":165,"column":5}},"line":161},"19":{"name":"(anonymous_19)","decl":{"start":{"line":170,"column":46},"end":{"line":170,"column":47}},"loc":{"start":{"line":170,"column":51},"end":{"line":170,"column":64}},"line":170},"20":{"name":"(anonymous_20)","decl":{"start":{"line":171,"column":46},"end":{"line":171,"column":47}},"loc":{"start":{"line":171,"column":51},"end":{"line":171,"column":69}},"line":171},"21":{"name":"(anonymous_21)","decl":{"start":{"line":173,"column":32},"end":{"line":173,"column":33}},"loc":{"start":{"line":173,"column":70},"end":{"line":175,"column":3}},"line":173},"22":{"name":"(anonymous_22)","decl":{"start":{"line":174,"column":15},"end":{"line":174,"column":16}},"loc":{"start":{"line":174,"column":23},"end":{"line":174,"column":102}},"line":174},"23":{"name":"(anonymous_23)","decl":{"start":{"line":174,"column":32},"end":{"line":174,"column":33}},"loc":{"start":{"line":174,"column":37},"end":{"line":174,"column":101}},"line":174},"24":{"name":"(anonymous_24)","decl":{"start":{"line":177,"column":31},"end":{"line":177,"column":32}},"loc":{"start":{"line":177,"column":61},"end":{"line":180,"column":3}},"line":177},"25":{"name":"(anonymous_25)","decl":{"start":{"line":178,"column":15},"end":{"line":178,"column":16}},"loc":{"start":{"line":178,"column":23},"end":{"line":178,"column":93}},"line":178},"26":{"name":"(anonymous_26)","decl":{"start":{"line":178,"column":32},"end":{"line":178,"column":33}},"loc":{"start":{"line":178,"column":37},"end":{"line":178,"column":92}},"line":178},"27":{"name":"(anonymous_27)","decl":{"start":{"line":182,"column":31},"end":{"line":182,"column":32}},"loc":{"start":{"line":182,"column":96},"end":{"line":188,"column":3}},"line":182},"28":{"name":"(anonymous_28)","decl":{"start":{"line":183,"column":15},"end":{"line":183,"column":16}},"loc":{"start":{"line":183,"column":23},"end":{"line":186,"column":6}},"line":183},"29":{"name":"(anonymous_29)","decl":{"start":{"line":183,"column":32},"end":{"line":183,"column":33}},"loc":{"start":{"line":183,"column":37},"end":{"line":186,"column":5}},"line":183},"30":{"name":"(anonymous_30)","decl":{"start":{"line":185,"column":50},"end":{"line":185,"column":51}},"loc":{"start":{"line":185,"column":55},"end":{"line":185,"column":143}},"line":185},"31":{"name":"(anonymous_31)","decl":{"start":{"line":190,"column":30},"end":{"line":190,"column":31}},"loc":{"start":{"line":190,"column":51},"end":{"line":194,"column":3}},"line":190},"32":{"name":"(anonymous_32)","decl":{"start":{"line":192,"column":15},"end":{"line":192,"column":16}},"loc":{"start":{"line":192,"column":23},"end":{"line":192,"column":109}},"line":192},"33":{"name":"(anonymous_33)","decl":{"start":{"line":192,"column":32},"end":{"line":192,"column":33}},"loc":{"start":{"line":192,"column":37},"end":{"line":192,"column":108}},"line":192},"34":{"name":"(anonymous_34)","decl":{"start":{"line":196,"column":33},"end":{"line":196,"column":34}},"loc":{"start":{"line":196,"column":70},"end":{"line":198,"column":3}},"line":196},"35":{"name":"(anonymous_35)","decl":{"start":{"line":197,"column":15},"end":{"line":197,"column":16}},"loc":{"start":{"line":197,"column":23},"end":{"line":197,"column":124}},"line":197},"36":{"name":"(anonymous_36)","decl":{"start":{"line":197,"column":32},"end":{"line":197,"column":33}},"loc":{"start":{"line":197,"column":37},"end":{"line":197,"column":123}},"line":197},"37":{"name":"(anonymous_37)","decl":{"start":{"line":197,"column":100},"end":{"line":197,"column":101}},"loc":{"start":{"line":197,"column":105},"end":{"line":197,"column":120}},"line":197},"38":{"name":"(anonymous_38)","decl":{"start":{"line":247,"column":18},"end":{"line":247,"column":19}},"loc":{"start":{"line":247,"column":25},"end":{"line":277,"column":9}},"line":247},"39":{"name":"(anonymous_39)","decl":{"start":{"line":248,"column":35},"end":{"line":248,"column":36}},"loc":{"start":{"line":248,"column":40},"end":{"line":248,"column":61}},"line":248},"40":{"name":"(anonymous_40)","decl":{"start":{"line":249,"column":35},"end":{"line":249,"column":36}},"loc":{"start":{"line":249,"column":40},"end":{"line":249,"column":61}},"line":249},"41":{"name":"(anonymous_41)","decl":{"start":{"line":281,"column":19},"end":{"line":281,"column":20}},"loc":{"start":{"line":282,"column":8},"end":{"line":299,"column":10}},"line":282},"42":{"name":"(anonymous_42)","decl":{"start":{"line":288,"column":27},"end":{"line":288,"column":28}},"loc":{"start":{"line":288,"column":33},"end":{"line":288,"column":90}},"line":288},"43":{"name":"(anonymous_43)","decl":{"start":{"line":289,"column":22},"end":{"line":289,"column":23}},"loc":{"start":{"line":289,"column":30},"end":{"line":289,"column":52}},"line":289},"44":{"name":"(anonymous_44)","decl":{"start":{"line":290,"column":27},"end":{"line":290,"column":28}},"loc":{"start":{"line":290,"column":37},"end":{"line":293,"column":11}},"line":290},"45":{"name":"(anonymous_45)","decl":{"start":{"line":291,"column":42},"end":{"line":291,"column":43}},"loc":{"start":{"line":291,"column":47},"end":{"line":291,"column":62}},"line":291},"46":{"name":"(anonymous_46)","decl":{"start":{"line":294,"column":22},"end":{"line":294,"column":23}},"loc":{"start":{"line":294,"column":40},"end":{"line":294,"column":70}},"line":294},"47":{"name":"(anonymous_47)","decl":{"start":{"line":295,"column":24},"end":{"line":295,"column":25}},"loc":{"start":{"line":295,"column":30},"end":{"line":295,"column":43}},"line":295},"48":{"name":"(anonymous_48)","decl":{"start":{"line":296,"column":21},"end":{"line":296,"column":22}},"loc":{"start":{"line":296,"column":27},"end":{"line":296,"column":42}},"line":296},"49":{"name":"(anonymous_49)","decl":{"start":{"line":297,"column":24},"end":{"line":297,"column":25}},"loc":{"start":{"line":297,"column":34},"end":{"line":297,"column":60}},"line":297},"50":{"name":"(anonymous_50)","decl":{"start":{"line":326,"column":42},"end":{"line":326,"column":43}},"loc":{"start":{"line":329,"column":6},"end":{"line":449,"column":1}},"line":329},"51":{"name":"(anonymous_51)","decl":{"start":{"line":333,"column":26},"end":{"line":333,"column":27}},"loc":{"start":{"line":333,"column":51},"end":{"line":352,"column":3}},"line":333},"52":{"name":"(anonymous_52)","decl":{"start":{"line":337,"column":20},"end":{"line":337,"column":21}},"loc":{"start":{"line":337,"column":40},"end":{"line":344,"column":5}},"line":337},"53":{"name":"(anonymous_53)","decl":{"start":{"line":345,"column":17},"end":{"line":345,"column":18}},"loc":{"start":{"line":345,"column":23},"end":{"line":349,"column":5}},"line":345},"54":{"name":"(anonymous_54)","decl":{"start":{"line":377,"column":23},"end":{"line":377,"column":24}},"loc":{"start":{"line":377,"column":28},"end":{"line":377,"column":71}},"line":377},"55":{"name":"(anonymous_55)","decl":{"start":{"line":400,"column":22},"end":{"line":400,"column":23}},"loc":{"start":{"line":400,"column":27},"end":{"line":400,"column":73}},"line":400},"56":{"name":"(anonymous_56)","decl":{"start":{"line":401,"column":23},"end":{"line":401,"column":24}},"loc":{"start":{"line":401,"column":28},"end":{"line":401,"column":116}},"line":401},"57":{"name":"(anonymous_57)","decl":{"start":{"line":402,"column":20},"end":{"line":402,"column":21}},"loc":{"start":{"line":402,"column":26},"end":{"line":402,"column":46}},"line":402},"58":{"name":"(anonymous_58)","decl":{"start":{"line":403,"column":21},"end":{"line":403,"column":22}},"loc":{"start":{"line":403,"column":26},"end":{"line":403,"column":45}},"line":403},"59":{"name":"(anonymous_59)","decl":{"start":{"line":427,"column":28},"end":{"line":427,"column":29}},"loc":{"start":{"line":428,"column":10},"end":{"line":440,"column":12}},"line":428},"60":{"name":"(anonymous_60)","decl":{"start":{"line":433,"column":26},"end":{"line":433,"column":27}},"loc":{"start":{"line":433,"column":32},"end":{"line":433,"column":55}},"line":433},"61":{"name":"(anonymous_61)","decl":{"start":{"line":434,"column":26},"end":{"line":434,"column":27}},"loc":{"start":{"line":434,"column":32},"end":{"line":434,"column":52}},"line":434},"62":{"name":"(anonymous_62)","decl":{"start":{"line":435,"column":27},"end":{"line":435,"column":28}},"loc":{"start":{"line":435,"column":33},"end":{"line":435,"column":57}},"line":435},"63":{"name":"(anonymous_63)","decl":{"start":{"line":436,"column":20},"end":{"line":436,"column":21}},"loc":{"start":{"line":436,"column":30},"end":{"line":436,"column":55}},"line":436},"64":{"name":"(anonymous_64)","decl":{"start":{"line":438,"column":22},"end":{"line":438,"column":23}},"loc":{"start":{"line":438,"column":28},"end":{"line":438,"column":49}},"line":438},"65":{"name":"(anonymous_65)","decl":{"start":{"line":439,"column":26},"end":{"line":439,"column":27}},"loc":{"start":{"line":439,"column":36},"end":{"line":439,"column":118}},"line":439},"66":{"name":"(anonymous_66)","decl":{"start":{"line":466,"column":40},"end":{"line":466,"column":41}},"loc":{"start":{"line":469,"column":6},"end":{"line":532,"column":1}},"line":469},"67":{"name":"(anonymous_67)","decl":{"start":{"line":477,"column":20},"end":{"line":477,"column":21}},"loc":{"start":{"line":477,"column":25},"end":{"line":477,"column":67}},"line":477},"68":{"name":"(anonymous_68)","decl":{"start":{"line":478,"column":21},"end":{"line":478,"column":22}},"loc":{"start":{"line":478,"column":26},"end":{"line":478,"column":229}},"line":478},"69":{"name":"(anonymous_69)","decl":{"start":{"line":484,"column":20},"end":{"line":484,"column":21}},"loc":{"start":{"line":484,"column":25},"end":{"line":484,"column":67}},"line":484},"70":{"name":"(anonymous_70)","decl":{"start":{"line":485,"column":21},"end":{"line":485,"column":22}},"loc":{"start":{"line":485,"column":26},"end":{"line":485,"column":124}},"line":485},"71":{"name":"(anonymous_71)","decl":{"start":{"line":486,"column":18},"end":{"line":486,"column":19}},"loc":{"start":{"line":486,"column":24},"end":{"line":486,"column":58}},"line":486},"72":{"name":"(anonymous_72)","decl":{"start":{"line":519,"column":19},"end":{"line":519,"column":20}},"loc":{"start":{"line":519,"column":24},"end":{"line":519,"column":60}},"line":519},"73":{"name":"(anonymous_73)","decl":{"start":{"line":536,"column":54},"end":{"line":536,"column":55}},"loc":{"start":{"line":536,"column":71},"end":{"line":559,"column":1}},"line":536},"74":{"name":"(anonymous_74)","decl":{"start":{"line":541,"column":20},"end":{"line":541,"column":21}},"loc":{"start":{"line":541,"column":26},"end":{"line":541,"column":38}},"line":541},"75":{"name":"(anonymous_75)","decl":{"start":{"line":542,"column":20},"end":{"line":542,"column":21}},"loc":{"start":{"line":542,"column":26},"end":{"line":542,"column":39}},"line":542}},"branchMap":{"0":{"loc":{"start":{"line":17,"column":13},"end":{"line":17,"column":62}},"type":"cond-expr","locations":[{"start":{"line":17,"column":45},"end":{"line":17,"column":53}},{"start":{"line":17,"column":56},"end":{"line":17,"column":62}}],"line":17},"1":{"loc":{"start":{"line":17,"column":13},"end":{"line":17,"column":42}},"type":"binary-expr","locations":[{"start":{"line":17,"column":13},"end":{"line":17,"column":25}},{"start":{"line":17,"column":29},"end":{"line":17,"column":42}}],"line":17},"2":{"loc":{"start":{"line":25,"column":2},"end":{"line":25,"column":42}},"type":"if","locations":[{"start":{"line":25,"column":2},"end":{"line":25,"column":42}},{"start":{},"end":{}}],"line":25},"3":{"loc":{"start":{"line":25,"column":6},"end":{"line":25,"column":16}},"type":"binary-expr","locations":[{"start":{"line":25,"column":6},"end":{"line":25,"column":9}},{"start":{"line":25,"column":13},"end":{"line":25,"column":16}}],"line":25},"4":{"loc":{"start":{"line":27,"column":12},"end":{"line":27,"column":89}},"type":"cond-expr","locations":[{"start":{"line":27,"column":52},"end":{"line":27,"column":69}},{"start":{"line":27,"column":72},"end":{"line":27,"column":89}}],"line":27},"5":{"loc":{"start":{"line":83,"column":4},"end":{"line":83,"column":20}},"type":"if","locations":[{"start":{"line":83,"column":4},"end":{"line":83,"column":20}},{"start":{},"end":{}}],"line":83},"6":{"loc":{"start":{"line":101,"column":6},"end":{"line":101,"column":46}},"type":"if","locations":[{"start":{"line":101,"column":6},"end":{"line":101,"column":46}},{"start":{},"end":{}}],"line":101},"7":{"loc":{"start":{"line":101,"column":10},"end":{"line":101,"column":37}},"type":"binary-expr","locations":[{"start":{"line":101,"column":10},"end":{"line":101,"column":13}},{"start":{"line":101,"column":17},"end":{"line":101,"column":37}}],"line":101},"8":{"loc":{"start":{"line":127,"column":4},"end":{"line":127,"column":20}},"type":"if","locations":[{"start":{"line":127,"column":4},"end":{"line":127,"column":20}},{"start":{},"end":{}}],"line":127},"9":{"loc":{"start":{"line":134,"column":21},"end":{"line":134,"column":51}},"type":"cond-expr","locations":[{"start":{"line":134,"column":36},"end":{"line":134,"column":40}},{"start":{"line":134,"column":43},"end":{"line":134,"column":51}}],"line":134},"10":{"loc":{"start":{"line":149,"column":4},"end":{"line":149,"column":69}},"type":"if","locations":[{"start":{"line":149,"column":4},"end":{"line":149,"column":69}},{"start":{},"end":{}}],"line":149},"11":{"loc":{"start":{"line":174,"column":37},"end":{"line":174,"column":101}},"type":"cond-expr","locations":[{"start":{"line":174,"column":51},"end":{"line":174,"column":97}},{"start":{"line":174,"column":100},"end":{"line":174,"column":101}}],"line":174},"12":{"loc":{"start":{"line":178,"column":37},"end":{"line":178,"column":92}},"type":"cond-expr","locations":[{"start":{"line":178,"column":51},"end":{"line":178,"column":88}},{"start":{"line":178,"column":91},"end":{"line":178,"column":92}}],"line":178},"13":{"loc":{"start":{"line":178,"column":65},"end":{"line":178,"column":86}},"type":"binary-expr","locations":[{"start":{"line":178,"column":65},"end":{"line":178,"column":76}},{"start":{"line":178,"column":80},"end":{"line":178,"column":86}}],"line":178},"14":{"loc":{"start":{"line":184,"column":6},"end":{"line":184,"column":37}},"type":"if","locations":[{"start":{"line":184,"column":6},"end":{"line":184,"column":37}},{"start":{},"end":{}}],"line":184},"15":{"loc":{"start":{"line":185,"column":55},"end":{"line":185,"column":143}},"type":"cond-expr","locations":[{"start":{"line":185,"column":73},"end":{"line":185,"column":74}},{"start":{"line":185,"column":77},"end":{"line":185,"column":143}}],"line":185},"16":{"loc":{"start":{"line":185,"column":91},"end":{"line":185,"column":112}},"type":"binary-expr","locations":[{"start":{"line":185,"column":91},"end":{"line":185,"column":102}},{"start":{"line":185,"column":106},"end":{"line":185,"column":112}}],"line":185},"17":{"loc":{"start":{"line":185,"column":120},"end":{"line":185,"column":141}},"type":"binary-expr","locations":[{"start":{"line":185,"column":120},"end":{"line":185,"column":131}},{"start":{"line":185,"column":135},"end":{"line":185,"column":141}}],"line":185},"18":{"loc":{"start":{"line":192,"column":37},"end":{"line":192,"column":108}},"type":"cond-expr","locations":[{"start":{"line":192,"column":56},"end":{"line":192,"column":57}},{"start":{"line":192,"column":60},"end":{"line":192,"column":108}}],"line":192},"19":{"loc":{"start":{"line":197,"column":37},"end":{"line":197,"column":123}},"type":"cond-expr","locations":[{"start":{"line":197,"column":56},"end":{"line":197,"column":57}},{"start":{"line":197,"column":60},"end":{"line":197,"column":123}}],"line":197},"20":{"loc":{"start":{"line":200,"column":2},"end":{"line":206,"column":3}},"type":"if","locations":[{"start":{"line":200,"column":2},"end":{"line":206,"column":3}},{"start":{},"end":{}}],"line":200},"21":{"loc":{"start":{"line":215,"column":16},"end":{"line":215,"column":48}},"type":"cond-expr","locations":[{"start":{"line":215,"column":26},"end":{"line":215,"column":36}},{"start":{"line":215,"column":39},"end":{"line":215,"column":48}}],"line":215},"22":{"loc":{"start":{"line":250,"column":10},"end":{"line":250,"column":40}},"type":"if","locations":[{"start":{"line":250,"column":10},"end":{"line":250,"column":40}},{"start":{},"end":{}}],"line":250},"23":{"loc":{"start":{"line":250,"column":14},"end":{"line":250,"column":26}},"type":"binary-expr","locations":[{"start":{"line":250,"column":14},"end":{"line":250,"column":18}},{"start":{"line":250,"column":22},"end":{"line":250,"column":26}}],"line":250},"24":{"loc":{"start":{"line":258,"column":23},"end":{"line":258,"column":132}},"type":"cond-expr","locations":[{"start":{"line":258,"column":52},"end":{"line":258,"column":71}},{"start":{"line":258,"column":74},"end":{"line":258,"column":132}}],"line":258},"25":{"loc":{"start":{"line":258,"column":74},"end":{"line":258,"column":132}},"type":"cond-expr","locations":[{"start":{"line":258,"column":103},"end":{"line":258,"column":120}},{"start":{"line":258,"column":123},"end":{"line":258,"column":132}}],"line":258},"26":{"loc":{"start":{"line":259,"column":25},"end":{"line":259,"column":85}},"type":"cond-expr","locations":[{"start":{"line":259,"column":54},"end":{"line":259,"column":73}},{"start":{"line":259,"column":76},"end":{"line":259,"column":85}}],"line":259},"27":{"loc":{"start":{"line":269,"column":15},"end":{"line":274,"column":15}},"type":"binary-expr","locations":[{"start":{"line":269,"column":15},"end":{"line":269,"column":24}},{"start":{"line":270,"column":16},"end":{"line":273,"column":23}}],"line":269},"28":{"loc":{"start":{"line":286,"column":16},"end":{"line":286,"column":54}},"type":"cond-expr","locations":[{"start":{"line":286,"column":43},"end":{"line":286,"column":47}},{"start":{"line":286,"column":50},"end":{"line":286,"column":54}}],"line":286},"29":{"loc":{"start":{"line":334,"column":4},"end":{"line":334,"column":62}},"type":"if","locations":[{"start":{"line":334,"column":4},"end":{"line":334,"column":62}},{"start":{},"end":{}}],"line":334},"30":{"loc":{"start":{"line":338,"column":6},"end":{"line":338,"column":35}},"type":"if","locations":[{"start":{"line":338,"column":6},"end":{"line":338,"column":35}},{"start":{},"end":{}}],"line":338},"31":{"loc":{"start":{"line":354,"column":28},"end":{"line":354,"column":61}},"type":"binary-expr","locations":[{"start":{"line":354,"column":28},"end":{"line":354,"column":42}},{"start":{"line":354,"column":46},"end":{"line":354,"column":61}}],"line":354},"32":{"loc":{"start":{"line":355,"column":16},"end":{"line":355,"column":53}},"type":"cond-expr","locations":[{"start":{"line":355,"column":36},"end":{"line":355,"column":44}},{"start":{"line":355,"column":47},"end":{"line":355,"column":53}}],"line":355},"33":{"loc":{"start":{"line":391,"column":9},"end":{"line":395,"column":9}},"type":"binary-expr","locations":[{"start":{"line":391,"column":9},"end":{"line":391,"column":26}},{"start":{"line":392,"column":10},"end":{"line":394,"column":17}}],"line":391},"34":{"loc":{"start":{"line":393,"column":14},"end":{"line":393,"column":56}},"type":"cond-expr","locations":[{"start":{"line":393,"column":32},"end":{"line":393,"column":43}},{"start":{"line":393,"column":46},"end":{"line":393,"column":56}}],"line":393},"35":{"loc":{"start":{"line":396,"column":9},"end":{"line":422,"column":9}},"type":"cond-expr","locations":[{"start":{"line":397,"column":10},"end":{"line":409,"column":12}},{"start":{"line":411,"column":10},"end":{"line":421,"column":17}}],"line":396},"36":{"loc":{"start":{"line":401,"column":30},"end":{"line":401,"column":74}},"type":"if","locations":[{"start":{"line":401,"column":30},"end":{"line":401,"column":74}},{"start":{},"end":{}}],"line":401},"37":{"loc":{"start":{"line":401,"column":75},"end":{"line":401,"column":114}},"type":"if","locations":[{"start":{"line":401,"column":75},"end":{"line":401,"column":114}},{"start":{},"end":{}}],"line":401},"38":{"loc":{"start":{"line":416,"column":23},"end":{"line":416,"column":59}},"type":"cond-expr","locations":[{"start":{"line":416,"column":40},"end":{"line":416,"column":48}},{"start":{"line":416,"column":51},"end":{"line":416,"column":59}}],"line":416},"39":{"loc":{"start":{"line":431,"column":21},"end":{"line":431,"column":83}},"type":"cond-expr","locations":[{"start":{"line":431,"column":72},"end":{"line":431,"column":76}},{"start":{"line":431,"column":79},"end":{"line":431,"column":83}}],"line":431},"40":{"loc":{"start":{"line":431,"column":21},"end":{"line":431,"column":69}},"type":"binary-expr","locations":[{"start":{"line":431,"column":21},"end":{"line":431,"column":42}},{"start":{"line":431,"column":46},"end":{"line":431,"column":69}}],"line":431},"41":{"loc":{"start":{"line":470,"column":2},"end":{"line":491,"column":3}},"type":"if","locations":[{"start":{"line":470,"column":2},"end":{"line":491,"column":3}},{"start":{},"end":{}}],"line":470},"42":{"loc":{"start":{"line":470,"column":6},"end":{"line":470,"column":40}},"type":"binary-expr","locations":[{"start":{"line":470,"column":6},"end":{"line":470,"column":13}},{"start":{"line":470,"column":17},"end":{"line":470,"column":40}}],"line":470},"43":{"loc":{"start":{"line":478,"column":28},"end":{"line":478,"column":86}},"type":"if","locations":[{"start":{"line":478,"column":28},"end":{"line":478,"column":86}},{"start":{},"end":{}}],"line":478},"44":{"loc":{"start":{"line":478,"column":87},"end":{"line":478,"column":122}},"type":"if","locations":[{"start":{"line":478,"column":87},"end":{"line":478,"column":122}},{"start":{},"end":{}}],"line":478},"45":{"loc":{"start":{"line":478,"column":123},"end":{"line":478,"column":227}},"type":"if","locations":[{"start":{"line":478,"column":123},"end":{"line":478,"column":227}},{"start":{},"end":{}}],"line":478},"46":{"loc":{"start":{"line":485,"column":28},"end":{"line":485,"column":86}},"type":"if","locations":[{"start":{"line":485,"column":28},"end":{"line":485,"column":86}},{"start":{},"end":{}}],"line":485},"47":{"loc":{"start":{"line":485,"column":87},"end":{"line":485,"column":122}},"type":"if","locations":[{"start":{"line":485,"column":87},"end":{"line":485,"column":122}},{"start":{},"end":{}}],"line":485},"48":{"loc":{"start":{"line":503,"column":20},"end":{"line":503,"column":55}},"type":"cond-expr","locations":[{"start":{"line":503,"column":30},"end":{"line":503,"column":39}},{"start":{"line":503,"column":42},"end":{"line":503,"column":55}}],"line":503},"49":{"loc":{"start":{"line":514,"column":7},"end":{"line":516,"column":7}},"type":"binary-expr","locations":[{"start":{"line":514,"column":7},"end":{"line":514,"column":24}},{"start":{"line":515,"column":8},"end":{"line":515,"column":98}}],"line":514},"50":{"loc":{"start":{"line":517,"column":7},"end":{"line":529,"column":7}},"type":"binary-expr","locations":[{"start":{"line":517,"column":7},"end":{"line":517,"column":14}},{"start":{"line":518,"column":8},"end":{"line":528,"column":17}}],"line":517},"51":{"loc":{"start":{"line":550,"column":15},"end":{"line":550,"column":42}},"type":"cond-expr","locations":[{"start":{"line":550,"column":21},"end":{"line":550,"column":30}},{"start":{"line":550,"column":33},"end":{"line":550,"column":42}}],"line":550}},"s":{"0":4,"1":4,"2":4,"3":4,"4":4,"5":4,"6":4,"7":50,"8":50,"9":50,"10":24,"11":24,"12":24,"13":24,"14":24,"15":0,"16":24,"17":24,"18":24,"19":24,"20":4,"21":13,"22":13,"23":13,"24":13,"25":13,"26":13,"27":13,"28":13,"29":13,"30":13,"31":13,"32":2,"33":2,"34":0,"35":2,"36":2,"37":2,"38":2,"39":2,"40":2,"41":2,"42":2,"43":2,"44":2,"45":2,"46":13,"47":1,"48":1,"49":1,"50":1,"51":1,"52":0,"53":1,"54":1,"55":2,"56":1,"57":2,"58":1,"59":2,"60":1,"61":2,"62":1,"63":1,"64":1,"65":1,"66":1,"67":1,"68":1,"69":1,"70":1,"71":1,"72":13,"73":9,"74":13,"75":9,"76":9,"77":1,"78":8,"79":0,"80":0,"81":0,"82":0,"83":0,"84":0,"85":0,"86":0,"87":0,"88":0,"89":0,"90":0,"91":0,"92":0,"93":8,"94":8,"95":8,"96":13,"97":1,"98":0,"99":1,"100":1,"101":1,"102":1,"103":1,"104":1,"105":0,"106":0,"107":0,"108":0,"109":0,"110":1,"111":1,"112":1,"113":1,"114":1,"115":1,"116":13,"117":24,"118":13,"119":24,"120":13,"121":0,"122":0,"123":0,"124":13,"125":0,"126":0,"127":0,"128":0,"129":13,"130":0,"131":0,"132":0,"133":0,"134":0,"135":0,"136":0,"137":13,"138":1,"139":1,"140":1,"141":2,"142":1,"143":13,"144":0,"145":0,"146":0,"147":0,"148":13,"149":1,"150":12,"151":12,"152":24,"153":12,"154":12,"155":12,"156":0,"157":12,"158":12,"159":12,"160":12,"161":12,"162":12,"163":12,"164":12,"165":12,"166":12,"167":12,"168":12,"169":12,"170":24,"171":1,"172":0,"173":0,"174":0,"175":0,"176":0,"177":0,"178":1,"179":0,"180":4,"181":4,"182":24,"183":24,"184":24,"185":0,"186":0,"187":0,"188":0,"189":0,"190":0,"191":
[...]
{"name":"(anonymous_23)","decl":{"start":{"line":442,"column":2},"end":{"line":442,"column":3}},"loc":{"start":{"line":442,"column":67},"end":{"line":444,"column":3}},"line":442},"24":{"name":"(anonymous_24)","decl":{"start":{"line":449,"column":2},"end":{"line":449,"column":3}},"loc":{"start":{"line":461,"column":48},"end":{"line":478,"column":3}},"line":461},"25":{"name":"(anonymous_25)","decl":{"start":{"line":483,"column":2},"end":{"line":483,"column":3}},"loc":{"start":{"line":483,"column":74},"end":{"line":485,"column":3}},"line":483},"26":{"name":"(anonymous_26)","decl":{"start":{"line":490,"column":2},"end":{"line":490,"column":3}},"loc":{"start":{"line":497,"column":46},"end":{"line":502,"column":3}},"line":497},"27":{"name":"(anonymous_27)","decl":{"start":{"line":507,"column":2},"end":{"line":507,"column":3}},"loc":{"start":{"line":507,"column":77},"end":{"line":511,"column":3}},"line":507},"28":{"name":"(anonymous_28)","decl":{"start":{"line":516,"column":2},"end":{"line":516,"column":3}},"loc":{"start":{"line":516,"column":72},"end":{"line":520,"column":3}},"line":516},"29":{"name":"(anonymous_29)","decl":{"start":{"line":525,"column":2},"end":{"line":525,"column":3}},"loc":{"start":{"line":529,"column":34},"end":{"line":536,"column":3}},"line":529},"30":{"name":"(anonymous_30)","decl":{"start":{"line":541,"column":2},"end":{"line":541,"column":3}},"loc":{"start":{"line":544,"column":34},"end":{"line":550,"column":3}},"line":544},"31":{"name":"(anonymous_31)","decl":{"start":{"line":556,"column":2},"end":{"line":556,"column":3}},"loc":{"start":{"line":556,"column":84},"end":{"line":560,"column":3}},"line":556},"32":{"name":"(anonymous_32)","decl":{"start":{"line":567,"column":2},"end":{"line":567,"column":3}},"loc":{"start":{"line":567,"column":65},"end":{"line":615,"column":3}},"line":567},"33":{"name":"(anonymous_33)","decl":{"start":{"line":620,"column":2},"end":{"line":620,"column":3}},"loc":{"start":{"line":620,"column":93},"end":{"line":625,"column":3}},"line":620},"34":{"name":"(anonymous_34)","decl":{"start":{"line":630,"column":2},"end":{"line":630,"column":3}},"loc":{"start":{"line":633,"column":31},"end":{"line":638,"column":3}},"line":633},"35":{"name":"(anonymous_35)","decl":{"start":{"line":641,"column":2},"end":{"line":641,"column":3}},"loc":{"start":{"line":641,"column":91},"end":{"line":646,"column":3}},"line":641},"36":{"name":"(anonymous_36)","decl":{"start":{"line":651,"column":2},"end":{"line":651,"column":3}},"loc":{"start":{"line":658,"column":32},"end":{"line":660,"column":3}},"line":658},"37":{"name":"(anonymous_37)","decl":{"start":{"line":665,"column":2},"end":{"line":665,"column":3}},"loc":{"start":{"line":665,"column":79},"end":{"line":667,"column":3}},"line":665},"38":{"name":"(anonymous_38)","decl":{"start":{"line":672,"column":2},"end":{"line":672,"column":3}},"loc":{"start":{"line":672,"column":65},"end":{"line":674,"column":3}},"line":672},"39":{"name":"(anonymous_39)","decl":{"start":{"line":680,"column":2},"end":{"line":680,"column":3}},"loc":{"start":{"line":680,"column":113},"end":{"line":682,"column":3}},"line":680},"40":{"name":"(anonymous_40)","decl":{"start":{"line":687,"column":2},"end":{"line":687,"column":3}},"loc":{"start":{"line":687,"column":85},"end":{"line":691,"column":3}},"line":687},"41":{"name":"(anonymous_41)","decl":{"start":{"line":696,"column":2},"end":{"line":696,"column":3}},"loc":{"start":{"line":696,"column":86},"end":{"line":700,"column":3}},"line":696},"42":{"name":"(anonymous_42)","decl":{"start":{"line":706,"column":2},"end":{"line":706,"column":3}},"loc":{"start":{"line":706,"column":125},"end":{"line":710,"column":3}},"line":706},"43":{"name":"(anonymous_43)","decl":{"start":{"line":716,"column":2},"end":{"line":716,"column":3}},"loc":{"start":{"line":716,"column":90},"end":{"line":718,"column":3}},"line":716},"44":{"name":"(anonymous_44)","decl":{"start":{"line":725,"column":2},"end":{"line":725,"column":3}},"loc":{"start":{"line":725,"column":106},"end":{"line":734,"column":3}},"line":725},"45":{"name":"(anonymous_45)","decl":{"start":{"line":740,"column":2},"end":{"line":740,"column":3}},"loc":{"start":{"line":740,"column":74},"end":{"line":744,"column":3}},"line":740},"46":{"name":"(anonymous_46)","decl":{"start":{"line":752,"column":2},"end":{"line":752,"column":3}},"loc":{"start":{"line":753,"column":45},"end":{"line":757,"column":3}},"line":753},"47":{"name":"(anonymous_47)","decl":{"start":{"line":759,"column":2},"end":{"line":759,"column":3}},"loc":{"start":{"line":762,"column":48},"end":{"line":820,"column":3}},"line":762},"48":{"name":"(anonymous_48)","decl":{"start":{"line":774,"column":22},"end":{"line":774,"column":23}},"loc":{"start":{"line":774,"column":52},"end":{"line":800,"column":5}},"line":774}},"branchMap":{"0":{"loc":{"start":{"line":13,"column":4},"end":{"line":13,"column":30}},"type":"if","locations":[{"start":{"line":13,"column":4},"end":{"line":13,"column":30}},{"start":{},"end":{}}],"line":13},"1":{"loc":{"start":{"line":16,"column":13},"end":{"line":16,"column":63}},"type":"cond-expr","locations":[{"start":{"line":16,"column":52},"end":{"line":16,"column":58}},{"start":{"line":16,"column":61},"end":{"line":16,"column":63}}],"line":16},"2":{"loc":{"start":{"line":16,"column":13},"end":{"line":16,"column":49}},"type":"binary-expr","locations":[{"start":{"line":16,"column":13},"end":{"line":16,"column":19}},{"start":{"line":16,"column":23},"end":{"line":16,"column":49}}],"line":16},"3":{"loc":{"start":{"line":28,"column":13},"end":{"line":28,"column":58}},"type":"binary-expr","locations":[{"start":{"line":28,"column":13},"end":{"line":28,"column":28}},{"start":{"line":28,"column":32},"end":{"line":28,"column":45}},{"start":{"line":28,"column":49},"end":{"line":28,"column":58}}],"line":28},"4":{"loc":{"start":{"line":40,"column":6},"end":{"line":43,"column":21}},"type":"binary-expr","locations":[{"start":{"line":40,"column":7},"end":{"line":40,"column":42}},{"start":{"line":40,"column":46},"end":{"line":40,"column":60}},{"start":{"line":41,"column":7},"end":{"line":41,"column":40}},{"start":{"line":41,"column":44},"end":{"line":41,"column":56}},{"start":{"line":42,"column":6},"end":{"line":42,"column":41}},{"start":{"line":43,"column":6},"end":{"line":43,"column":21}}],"line":40},"5":{"loc":{"start":{"line":47,"column":12},"end":{"line":52,"column":9}},"type":"cond-expr","locations":[{"start":{"line":48,"column":10},"end":{"line":48,"column":16}},{"start":{"line":49,"column":10},"end":{"line":52,"column":9}}],"line":47},"6":{"loc":{"start":{"line":51,"column":19},"end":{"line":51,"column":45}},"type":"binary-expr","locations":[{"start":{"line":51,"column":19},"end":{"line":51,"column":26}},{"start":{"line":51,"column":30},"end":{"line":51,"column":45}}],"line":51},"7":{"loc":{"start":{"line":93,"column":6},"end":{"line":95,"column":7}},"type":"if","locations":[{"start":{"line":93,"column":6},"end":{"line":95,"column":7}},{"start":{},"end":{}}],"line":93},"8":{"loc":{"start":{"line":105,"column":6},"end":{"line":107,"column":7}},"type":"if","locations":[{"start":{"line":105,"column":6},"end":{"line":107,"column":7}},{"start":{},"end":{}}],"line":105},"9":{"loc":{"start":{"line":106,"column":60},"end":{"line":106,"column":83}},"type":"binary-expr","locations":[{"start":{"line":106,"column":60},"end":{"line":106,"column":74}},{"start":{"line":106,"column":78},"end":{"line":106,"column":83}}],"line":106},"10":{"loc":{"start":{"line":121,"column":4},"end":{"line":121,"column":29}},"type":"default-arg","locations":[{"start":{"line":121,"column":27},"end":{"line":121,"column":29}}],"line":121},"11":{"loc":{"start":{"line":125,"column":4},"end":{"line":127,"column":5}},"type":"if","locations":[{"start":{"line":125,"column":4},"end":{"line":127,"column":5}},{"start":{},"end":{}}],"line":125},"12":{"loc":{"start":{"line":141,"column":4},"end":{"line":146,"column":5}},"type":"if","locations":[{"start":{"line":141,"column":4},"end":{"line":146,"column":5}},{"start":{},"end":{}}],"line":141},"13":{"loc":{"start":{"line":143,"column":6},"end":{"line":143,"column":52}},"type":"if","locations":[{"start":{"line":143,"column":6},"end":{"line":143,"column":52}},{"start":{},"end":{}}],"line":143},"14":{"loc":{"start":{"line":145,"column":13},"end":{"line":145,"column":53}},"type":"cond-expr","locations":[{"start":{"line":145,"column":20},"end":{"line":145,"column":41}},{"start":{"line":145,"column":44},"end":{"line":145,"column":53}}],"line":145},"15":{"loc":{"start":{"line":148,"column":26},"end":{"line":148,"column":94}},"type":"binary-expr","locations":[{"start":{"line":148,"column":26},"end":{"line":148,"column":58}},{"start":{"line":148,"column":62},"end":{"line":148,"column":94}}],"line":148},"16":{"loc":{"start":{"line":152,"column":4},"end":{"line":157,"column":5}},"type":"if","locations":[{"start":{"line":152,"column":4},"end":{"line":157,"column":5}},{"start":{},"end":{}}],"line":152},"17":{"loc":{"start":{"line":152,"column":8},"end":{"line":152,"column":49}},"type":"binary-expr","locations":[{"start":{"line":152,"column":8},"end":{"line":152,"column":31}},{"start":{"line":152,"column":35},"end":{"line":152,"column":49}}],"line":152},"18":{"loc":{"start":{"line":154,"column":6},"end":{"line":156,"column":7}},"type":"if","locations":[{"start":{"line":154,"column":6},"end":{"line":156,"column":7}},{"start":{},"end":{}}],"line":154},"19":{"loc":{"start":{"line":159,"column":52},"end":{"line":159,"column":75}},"type":"binary-expr","locations":[{"start":{"line":159,"column":52},"end":{"line":159,"column":66}},{"start":{"line":159,"column":70},"end":{"line":159,"column":75}}],"line":159},"20":{"loc":{"start":{"line":167,"column":4},"end":{"line":167,"column":29}},"type":"default-arg","locations":[{"start":{"line":167,"column":27},"end":{"line":167,"column":29}}],"line":167},"21":{"loc":{"start":{"line":180,"column":4},"end":{"line":187,"column":5}},"type":"if","locations":[{"start":{"line":180,"column":4},"end":{"line":187,"column":5}},{"start":{},"end":{}}],"line":180},"22":{"loc":{"start":{"line":252,"column":21},"end":{"line":252,"column":73}},"type":"cond-expr","locations":[{"start":{"line":252,"column":30},"end":{"line":252,"column":55}},{"start":{"line":252,"column":58},"end":{"line":252,"column":73}}],"line":252},"23":{"loc":{"start":{"line":253,"column":19},"end":{"line":253,"column":42}},"type":"cond-expr","locations":[{"start":{"line":253,"column":28},"end":{"line":253,"column":33}},{"start":{"line":253,"column":36},"end":{"line":253,"column":42}}],"line":253},"24":{"loc":{"start":{"line":290,"column":4},"end":{"line":292,"column":5}},"type":"if","locations":[{"start":{"line":290,"column":4},"end":{"line":292,"column":5}},{"start":{},"end":{}}],"line":290},"25":{"loc":{"start":{"line":304,"column":4},"end":{"line":328,"column":5}},"type":"if","locations":[{"start":{"line":304,"column":4},"end":{"line":328,"column":5}},{"start":{},"end":{}}],"line":304},"26":{"loc":{"start":{"line":305,"column":6},"end":{"line":326,"column":7}},"type":"if","locations":[{"start":{"line":305,"column":6},"end":{"line":326,"column":7}},{"start":{},"end":{}}],"line":305},"27":{"loc":{"start":{"line":309,"column":10},"end":{"line":322,"column":11}},"type":"if","locations":[{"start":{"line":309,"column":10},"end":{"line":322,"column":11}},{"start":{},"end":{}}],"line":309},"28":{"loc":{"start":{"line":317,"column":12},"end":{"line":319,"column":13}},"type":"if","locations":[{"start":{"line":317,"column":12},"end":{"line":319,"column":13}},{"start":{},"end":{}}],"line":317},"29":{"loc":{"start":{"line":361,"column":6},"end":{"line":363,"column":7}},"type":"if","locations":[{"start":{"line":361,"column":6},"end":{"line":363,"column":7}},{"start":{},"end":{}}],"line":361},"30":{"loc":{"start":{"line":373,"column":6},"end":{"line":375,"column":7}},"type":"if","locations":[{"start":{"line":373,"column":6},"end":{"line":375,"column":7}},{"start":{},"end":{}}],"line":373},"31":{"loc":{"start":{"line":387,"column":4},"end":{"line":389,"column":5}},"type":"if","locations":[{"start":{"line":387,"column":4},"end":{"line":389,"column":5}},{"start":{},"end":{}}],"line":387},"32":{"loc":{"start":{"line":402,"column":4},"end":{"line":404,"column":5}},"type":"if","locations":[{"start":{"line":402,"column":4},"end":{"line":404,"column":5}},{"start":{},"end":{}}],"line":402},"33":{"loc":{"start":{"line":406,"column":4},"end":{"line":411,"column":5}},"type":"if","locations":[{"start":{"line":406,"column":4},"end":{"line":411,"column":5}},{"start":{},"end":{}}],"line":406},"34":{"loc":{"start":{"line":408,"column":6},"end":{"line":410,"column":7}},"type":"if","locations":[{"start":{"line":408,"column":6},"end":{"line":410,"column":7}},{"start":{},"end":{}}],"line":408},"35":{"loc":{"start":{"line":431,"column":26},"end":{"line":431,"column":58}},"type":"binary-expr","locations":[{"start":{"line":431,"column":26},"end":{"line":431,"column":49}},{"start":{"line":431,"column":53},"end":{"line":431,"column":58}}],"line":431},"36":{"loc":{"start":{"line":463,"column":23},"end":{"line":463,"column":46}},"type":"binary-expr","locations":[{"start":{"line":463,"column":23},"end":{"line":463,"column":41}},{"start":{"line":463,"column":45},"end":{"line":463,"column":46}}],"line":463},"37":{"loc":{"start":{"line":464,"column":21},"end":{"line":464,"column":43}},"type":"binary-expr","locations":[{"start":{"line":464,"column":21},"end":{"line":464,"column":37}},{"start":{"line":464,"column":41},"end":{"line":464,"column":43}}],"line":464},"38":{"loc":{"start":{"line":526,"column":4},"end":{"line":526,"column":21}},"type":"default-arg","locations":[{"start":{"line":526,"column":19},"end":{"line":526,"column":21}}],"line":526},"39":{"loc":{"start":{"line":527,"column":4},"end":{"line":527,"column":26}},"type":"default-arg","locations":[{"start":{"line":527,"column":25},"end":{"line":527,"column":26}}],"line":527},"40":{"loc":{"start":{"line":528,"column":4},"end":{"line":528,"column":25}},"type":"default-arg","locations":[{"start":{"line":528,"column":23},"end":{"line":528,"column":25}}],"line":528},"41":{"loc":{"start":{"line":542,"column":4},"end":{"line":542,"column":26}},"type":"default-arg","locations":[{"start":{"line":542,"column":25},"end":{"line":542,"column":26}}],"line":542},"42":{"loc":{"start":{"line":543,"column":4},"end":{"line":543,"column":25}},"type":"default-arg","locations":[{"start":{"line":543,"column":23},"end":{"line":543,"column":25}}],"line":543},"43":{"loc":{"start":{"line":570,"column":4},"end":{"line":572,"column":5}},"type":"if","locations":[{"start":{"line":570,"column":4},"end":{"line":572,"column":5}},{"start":{},"end":{}}],"line":570},"44":{"loc":{"start":{"line":584,"column":4},"end":{"line":586,"column":5}},"type":"if","locations":[{"start":{"line":584,"column":4},"end":{"line":586,"column":5}},{"start":{},"end":{}}],"line":584},"45":{"loc":{"start":{"line":588,"column":4},"end":{"line":610,"column":5}},"type":"if","locations":[{"start":{"line":588,"column":4},"end":{"line":610,"column":5}},{"start":{},"end":{}}],"line":588},"46":{"loc":{"start":{"line":592,"column":8},"end":{"line":606,"column":9}},"type":"if","locations":[{"start":{"line":592,"column":8},"end":{"line":606,"column":9}},{"start":{},"end":{}}],"line":592},"47":{"loc":{"start":{"line":600,"column":10},"end":{"line":603,"column":11}},"type":"if","locations":[{"start":{"line":600,"column":10},"end":{"line":603,"column":11}},{"start":{},"end":{}}],"line":600},"48":{"loc":{"start":{"line":754,"column":23},"end":{"line":754,"column":45}},"type":"binary-expr","locations":[{"start":{"line":754,"column":23},"end":{"line":754,"column":40}},{"start":{"line":754,"column":44},"end":{"line":754,"column":45}}],"line":754},"49":{"loc":{"start":{"line":755,"column":21},"end":{"line":755,"column":42}},"type":"binary-expr","locations":[{"start":{"line":755,"column":21},"end":{"line":755,"column":36}},{"start":{"line":755,"column":40},"end":{"line":755,"column":42}}],"line":755},"50":{"loc":{"start":{"line":765,"column":4},"end":{"line":767,"column":5}},"type":"if","locations":[{"start":{"line":765,"column":4},"end":{"line":767,"column":5}},{"start":{},"end":{}}],"line":765},"51":{"loc":{"start":{"line":783,"column":6},"end":{"line":797,"column":7}},"type":"if","locations":[{"start":{"line":783,"column":6},"end":{"line":797,"column":7}},{"start":{},"end":{}}],"line":783},"52":{"loc":{"start":{"line":791,"column":25},"end":{"line":791,"column":70}},"type":"binary-expr","locations":[{"start":{"line":791,"column":25},"end":{"line":791,"column":40}},{"start":{"line":791,"column":44},"end":{"line":791,"column":57}},{"start":{"line":791,"column":61},"end":{"line":791,"column":70}}],"line":791},"53":{"loc":{"start":{"line":807,"column":6},"end":{"line":817,"column":7}},"type":"if","locations":[{"start":{"line":807,"column":6},"end":{"line":817,"column":7}},{"start":{},"end":{}}],"line":807},"54":{"loc":{"start":{"line":807,"column":10},"end":{"line":807,"column":57}},"type":"binary-expr","locations":[{"start":{"line":807,"column":10},"end":{"line":807,"column":30}},{"start":{"line":807,"column":34},"end":{"line":807,"column":57}}],"line":807},"55":{"loc":{"start":{"line":811,"column":10},"end":{"line":813,"column":11}},"type":"if","locations":[{"start":{"line":811,"column":10},"end":{"line":813,"column":11}},{"start":{},"end":{}}],"line":811}},"s":{"0":2,"1":4,"2":0,"3":4,"4":4,"5":4,"6":0,"7":1,"8":1,"9":1,"10":0,"11":4,"12":4,"13":4,"14":4,"15":4,"16":3,"17":3,"18":0,"19":2,"20":2,"21":2,"22":1,"23":1,"24":1,"25":1,"26":0,"27":1,"28":1,"29":0,"30":1,"31":0,"32":0,"33":11,"34":11,"35":1,"36":10,"37":10,"38":10,"39":9,"40":6,"41":2,"42":4,"43":4,"44":3,"45":3,"46":1,"47":1,"48":1,"49":2,"50":3,"51":3,"52":3,"53":3,"54":2,"55":2,"56":2,"57":2,"58":2,"59":1,"60":0,"61":0,"62":0,"63":0,"64":0,"65":0,"66":0,"67":0,"68":0,"69":0,"70":0,"71":0,"72":0,"73":0,"74":0,"75":0,"76":0,"77":0,"78":0,"79":0,"80":0,"81":0,"82":0,"83":0,"84":0,"85":0,"86":0,"87":0,"88":0,"89":0,"90":0,"91":1,"92":1,"93":1,"94":0,"95":0,"96":0,"97":0,"98":0,"99":0,"100":0,"101":0,"102":0,"103":0,"104":0,"105":3,"106":3,"107":1,"108":2,"109":2,"110":2,"111":2,"112":2,"113":1,"114":1,"115":0,"116":0,"117":0,"118":1,"119":1,"120":1,"121":0,"122":3,"123":3,"124":3,"125":3,"126":3,"127":0,"128":0,"129":0,"130":2,"131":0,"132":0,"133":0,"134":0,"135":0,"136":0,"137":0,"138":0,"139":0,"140":0,"141":0,"142":0,"143":0,"144":0,"145":0,"146":0,"147":0,"148":0,"149":0,"150":0,"151":0,"152":0,"153":0,"154":0,"155":0,"156":0,"157":0,"158":0,"159":0,"160":0,"161":0,"162":0,"163":0,"164":0,"165":0,"166":0,"167":0,"168":0,"169":0,"170":0,"171":0,"172":0,"173":0,"174":0,"175":0,"176":0,"177":0,"178":0,"179":0,"180":0,"181":0,"182":0,"183":0,"184":0,"185":0,"186":0,"187":0,"188":0,"189":0,"190":0,"191":0,"192":0,"193":0,"194":0,"195":0,"196":0,"197":0,"198":0,"199":0,"200":0,"201":0,"202":0,"203":0,"204":2},"f":{"0":4,"1":1,"2":4,"3":3,"4":2,"5":1,"6":11,"7":3,"8":0,"9":0,"10":0,"11":0,"12":0,"13":0,"14":0,"15":0,"16":0,"17":0,"18":0,"19":1,"20":0,"21":3,"22":1,"23":0,"24":3,"25":0,"26":0,"27":0,"28":2,"29":0,"30":0,"31":0,"32":0,"33":0,"34":0,"35":0,"36":0,"37":0,"38":0,"39":0,"40":0,"41":0,"42":0,"43":0,"44":0,"45":0,"46":0,"47":0,"48":0},"b":{"0":[0,4],"1":[4,0],"2":[4,4],"3":[1,0,0],"4":[4,4,0,0,0,0],"5":[4,0],"6":[0,0],"7":[0,1],"8":[0,1],"9":[0,0],"10":[4],"11":[1,10],"12":[6,3],"13":[2,4],"14":[4,0],"15":[3,3],"16":[1,2],"17":[3,1],"18":[1,0],"19":[2,1],"20":[3],"21":[2,1],"22":[0,0],"23":[0,0],"24":[0,0],"25":[0,0],"26":[0,0],"27":[0,0],"28":[0,0],"29":[0,0],"30":[0,0],"31":[1,2],"32":[1,1],"33":[0,1],"34":[0,0],"35":[1,1],"36":[3,3],"37":[3,3],"38":[0],"39":[0],"40":[0],"41":[0],"42":[0],"43":[0,0],"44":[0,0],"45":[0,0],"46":[0,0],"47":[0,0],"48":[0,0],"49":[0,0],"50":[0,0],"51":[0,0],"52":[0,0,0],"53":[0,0],"54":[0,0],"55":[0,0]},"_coverageSchema":"1a1c01bbd47fc00a2c39e90264f33305004495a9","hash":"40412b715073202020ec8873c80222802e4a2610"}
}
