TN:
SF:src\components\canvas\ModelDrawer.tsx
FN:58,getTheme
FN:66,(anonymous_1)
FN:75,(anonymous_2)
FN:84,(anonymous_3)
FN:88,(anonymous_4)
FN:88,(anonymous_5)
FN:89,(anonymous_6)
FN:92,(anonymous_7)
FN:93,(anonymous_8)
FN:94,(anonymous_9)
FN:96,(anonymous_10)
FN:102,(anonymous_11)
FN:103,(anonymous_12)
FN:145,(anonymous_13)
FN:146,(anonymous_14)
FN:195,(anonymous_15)
FN:216,(anonymous_16)
FN:228,(anonymous_17)
FN:229,(anonymous_18)
FN:251,(anonymous_19)
FN:259,(anonymous_20)
FN:260,(anonymous_21)
FN:263,(anonymous_22)
FN:274,(anonymous_23)
FN:278,(anonymous_24)
FN:302,(anonymous_25)
FN:323,(anonymous_26)
FN:331,(anonymous_27)
FN:335,(anonymous_28)
FN:336,(anonymous_29)
FN:337,(anonymous_30)
FN:341,(anonymous_31)
FN:343,(anonymous_32)
FN:344,(anonymous_33)
FN:388,(anonymous_34)
FN:432,(anonymous_35)
FN:439,(anonymous_36)
FN:440,(anonymous_37)
FN:459,(anonymous_38)
FN:464,(anonymous_39)
FN:469,(anonymous_40)
FN:509,(anonymous_41)
FN:518,(anonymous_42)
FN:523,(anonymous_43)
FN:523,(anonymous_44)
FN:538,(anonymous_45)
FN:557,(anonymous_46)
FN:561,(anonymous_47)
FN:620,(anonymous_48)
FN:622,(anonymous_49)
FN:623,(anonymous_50)
FN:672,(anonymous_51)
FN:683,shadeDown
FN:688,(anonymous_53)
FNF:54
FNH:21
FNDA:53,getTheme
FNDA:25,(anonymous_1)
FNDA:17,(anonymous_2)
FNDA:0,(anonymous_3)
FNDA:31,(anonymous_4)
FNDA:30,(anonymous_5)
FNDA:14,(anonymous_6)
FNDA:31,(anonymous_7)
FNDA:30,(anonymous_8)
FNDA:28,(anonymous_9)
FNDA:1,(anonymous_10)
FNDA:0,(anonymous_11)
FNDA:0,(anonymous_12)
FNDA:0,(anonymous_13)
FNDA:0,(anonymous_14)
FNDA:17,(anonymous_15)
FNDA:0,(anonymous_16)
FNDA:32,(anonymous_17)
FNDA:1,(anonymous_18)
FNDA:3,(anonymous_19)
FNDA:0,(anonymous_20)
FNDA:0,(anonymous_21)
FNDA:0,(anonymous_22)
FNDA:28,(anonymous_23)
FNDA:1,(anonymous_24)
FNDA:25,(anonymous_25)
FNDA:0,(anonymous_26)
FNDA:0,(anonymous_27)
FNDA:0,(anonymous_28)
FNDA:0,(anonymous_29)
FNDA:0,(anonymous_30)
FNDA:0,(anonymous_31)
FNDA:0,(anonymous_32)
FNDA:0,(anonymous_33)
FNDA:0,(anonymous_34)
FNDA:0,(anonymous_35)
FNDA:0,(anonymous_36)
FNDA:0,(anonymous_37)
FNDA:0,(anonymous_38)
FNDA:0,(anonymous_39)
FNDA:0,(anonymous_40)
FNDA:0,(anonymous_41)
FNDA:0,(anonymous_42)
FNDA:0,(anonymous_43)
FNDA:0,(anonymous_44)
FNDA:16,(anonymous_45)
FNDA:25,(anonymous_46)
FNDA:0,(anonymous_47)
FNDA:1,(anonymous_48)
FNDA:0,(anonymous_49)
FNDA:0,(anonymous_50)
FNDA:25,(anonymous_51)
FNDA:0,shadeDown
FNDA:0,(anonymous_53)
DA:4,2
DA:5,2
DA:40,2
DA:51,2
DA:59,53
DA:60,53
DA:61,53
DA:62,322
DA:63,53
DA:66,2
DA:67,25
DA:68,0
DA:69,0
DA:75,2
DA:79,17
DA:80,17
DA:81,17
DA:82,17
DA:84,17
DA:85,17
DA:87,17
DA:88,31
DA:89,14
DA:91,17
DA:92,31
DA:93,30
DA:94,28
DA:96,17
DA:97,1
DA:98,1
DA:99,1
DA:102,17
DA:103,17
DA:105,17
DA:145,0
DA:146,0
DA:195,2
DA:199,17
DA:217,0
DA:229,32
DA:251,3
DA:259,0
DA:260,0
DA:263,0
DA:275,28
DA:276,28
DA:277,28
DA:278,1
DA:303,25
DA:323,2
DA:324,0
DA:325,0
DA:326,0
DA:327,0
DA:328,0
DA:329,0
DA:331,0
DA:332,0
DA:333,0
DA:334,0
DA:335,0
DA:336,0
DA:337,0
DA:341,0
DA:342,0
DA:343,0
DA:344,0
DA:347,0
DA:389,0
DA:432,0
DA:439,0
DA:440,0
DA:459,0
DA:464,0
DA:469,0
DA:509,2
DA:510,0
DA:518,2
DA:519,0
DA:520,0
DA:523,0
DA:538,2
DA:539,16
DA:557,2
DA:558,25
DA:559,25
DA:561,25
DA:562,0
DA:563,0
DA:566,25
DA:567,0
DA:618,25
DA:620,1
DA:622,0
DA:623,0
DA:672,2
DA:673,25
DA:684,0
DA:685,0
DA:686,0
DA:687,0
DA:688,0
DA:689,0
DA:690,0
LF:104
LH:55
BRDA:59,0,0,53
BRDA:59,0,1,0
BRDA:60,1,0,0
BRDA:60,1,1,53
BRDA:67,2,0,25
BRDA:67,2,1,0
BRDA:76,3,0,16
BRDA:77,4,0,0
BRDA:77,5,0,0
BRDA:85,6,0,16
BRDA:85,6,1,1
BRDA:88,7,0,31
BRDA:88,7,1,30
BRDA:93,8,0,30
BRDA:93,8,1,4
BRDA:94,9,0,28
BRDA:94,9,1,2
BRDA:118,10,0,0
BRDA:118,10,1,17
BRDA:155,11,0,0
BRDA:155,11,1,17
BRDA:200,12,0,1
BRDA:200,12,1,16
BRDA:211,13,0,16
BRDA:211,13,1,0
BRDA:232,14,0,16
BRDA:232,14,1,16
BRDA:233,15,0,16
BRDA:233,15,1,16
BRDA:236,16,0,16
BRDA:236,16,1,16
BRDA:262,17,0,16
BRDA:262,17,1,2
BRDA:272,18,0,16
BRDA:272,18,1,15
BRDA:278,19,0,0
BRDA:278,19,1,1
BRDA:281,20,0,1
BRDA:281,20,1,27
BRDA:282,21,0,1
BRDA:282,21,1,27
BRDA:284,22,0,1
BRDA:284,22,1,27
BRDA:296,23,0,1
BRDA:296,23,1,15
BRDA:298,24,0,0
BRDA:298,24,1,1
BRDA:298,25,0,1
BRDA:298,25,1,1
BRDA:324,26,0,0
BRDA:324,26,1,0
BRDA:332,27,0,0
BRDA:332,27,1,0
BRDA:332,28,0,0
BRDA:332,28,1,0
BRDA:332,28,2,0
BRDA:342,29,0,0
BRDA:342,29,1,0
BRDA:384,30,0,0
BRDA:384,30,1,0
BRDA:384,30,2,0
BRDA:403,31,0,0
BRDA:403,31,1,0
BRDA:408,32,0,0
BRDA:408,32,1,0
BRDA:416,33,0,0
BRDA:416,33,1,0
BRDA:417,34,0,0
BRDA:417,34,1,0
BRDA:457,35,0,0
BRDA:457,35,1,0
BRDA:482,36,0,0
BRDA:482,36,1,0
BRDA:488,37,0,0
BRDA:488,37,1,0
BRDA:488,37,2,0
BRDA:493,38,0,0
BRDA:493,38,1,0
BRDA:493,38,2,0
BRDA:493,38,3,0
BRDA:498,39,0,0
BRDA:498,39,1,0
BRDA:526,40,0,0
BRDA:526,40,1,0
BRDA:526,41,0,0
BRDA:526,41,1,0
BRDA:566,42,0,0
BRDA:566,42,1,25
BRDA:590,43,0,0
BRDA:590,43,1,0
BRDA:601,44,0,0
BRDA:601,44,1,0
BRDA:606,45,0,0
BRDA:606,45,1,0
BRDA:606,46,0,0
BRDA:606,46,1,0
BRDA:628,47,0,0
BRDA:628,47,1,25
BRDA:630,48,0,0
BRDA:630,48,1,25
BRDA:646,49,0,25
BRDA:646,49,1,0
BRDA:657,50,0,25
BRDA:657,50,1,25
BRDA:662,51,0,0
BRDA:662,51,1,25
BRDA:662,52,0,25
BRDA:662,52,1,0
BRDA:672,53,0,0
BRF:109
BRH:47
end_of_record
TN:
SF:src\components\canvas\UMLDiagram.tsx
FN:16,boxH
FN:22,edgePt
FN:67,(anonymous_2)
FN:81,(anonymous_3)
FN:96,(anonymous_4)
FN:97,(anonymous_5)
FN:98,(anonymous_6)
FN:99,(anonymous_7)
FN:103,(anonymous_8)
FN:104,(anonymous_9)
FN:105,(anonymous_10)
FN:106,(anonymous_11)
FN:122,(anonymous_12)
FN:125,(anonymous_13)
FN:128,(anonymous_14)
FN:145,(anonymous_15)
FN:148,(anonymous_16)
FN:154,(anonymous_17)
FN:161,(anonymous_18)
FN:170,(anonymous_19)
FN:171,(anonymous_20)
FN:173,(anonymous_21)
FN:174,(anonymous_22)
FN:174,(anonymous_23)
FN:177,(anonymous_24)
FN:178,(anonymous_25)
FN:178,(anonymous_26)
FN:182,(anonymous_27)
FN:183,(anonymous_28)
FN:183,(anonymous_29)
FN:185,(anonymous_30)
FN:190,(anonymous_31)
FN:192,(anonymous_32)
FN:192,(anonymous_33)
FN:196,(anonymous_34)
FN:197,(anonymous_35)
FN:197,(anonymous_36)
FN:197,(anonymous_37)
FN:247,(anonymous_38)
FN:248,(anonymous_39)
FN:249,(anonymous_40)
FN:281,(anonymous_41)
FN:288,(anonymous_42)
FN:289,(anonymous_43)
FN:290,(anonymous_44)
FN:291,(anonymous_45)
FN:294,(anonymous_46)
FN:295,(anonymous_47)
FN:296,(anonymous_48)
FN:297,(anonymous_49)
FN:326,(anonymous_50)
FN:333,(anonymous_51)
FN:337,(anonymous_52)
FN:345,(anonymous_53)
FN:377,(anonymous_54)
FN:400,(anonymous_55)
FN:401,(anonymous_56)
FN:402,(anonymous_57)
FN:403,(anonymous_58)
FN:427,(anonymous_59)
FN:433,(anonymous_60)
FN:434,(anonymous_61)
FN:435,(anonymous_62)
FN:436,(anonymous_63)
FN:438,(anonymous_64)
FN:439,(anonymous_65)
FN:466,(anonymous_66)
FN:477,(anonymous_67)
FN:478,(anonymous_68)
FN:484,(anonymous_69)
FN:485,(anonymous_70)
FN:486,(anonymous_71)
FN:519,(anonymous_72)
FN:536,(anonymous_73)
FN:541,(anonymous_74)
FN:542,(anonymous_75)
FNF:76
FNH:33
FNDA:50,boxH
FNDA:24,edgePt
FNDA:13,(anonymous_2)
FNDA:2,(anonymous_3)
FNDA:1,(anonymous_4)
FNDA:1,(anonymous_5)
FNDA:1,(anonymous_6)
FNDA:1,(anonymous_7)
FNDA:2,(anonymous_8)
FNDA:2,(anonymous_9)
FNDA:2,(anonymous_10)
FNDA:2,(anonymous_11)
FNDA:9,(anonymous_12)
FNDA:9,(anonymous_13)
FNDA:0,(anonymous_14)
FNDA:8,(anonymous_15)
FNDA:1,(anonymous_16)
FNDA:0,(anonymous_17)
FNDA:1,(anonymous_18)
FNDA:24,(anonymous_19)
FNDA:24,(anonymous_20)
FNDA:0,(anonymous_21)
FNDA:0,(anonymous_22)
FNDA:0,(anonymous_23)
FNDA:0,(anonymous_24)
FNDA:0,(anonymous_25)
FNDA:0,(anonymous_26)
FNDA:0,(anonymous_27)
FNDA:0,(anonymous_28)
FNDA:0,(anonymous_29)
FNDA:0,(anonymous_30)
FNDA:1,(anonymous_31)
FNDA:1,(anonymous_32)
FNDA:2,(anonymous_33)
FNDA:0,(anonymous_34)
FNDA:0,(anonymous_35)
FNDA:0,(anonymous_36)
FNDA:0,(anonymous_37)
FNDA:12,(anonymous_38)
FNDA:24,(anonymous_39)
FNDA:12,(anonymous_40)
FNDA:24,(anonymous_41)
FNDA:1,(anonymous_42)
FNDA:0,(anonymous_43)
FNDA:0,(anonymous_44)
FNDA:0,(anonymous_45)
FNDA:0,(anonymous_46)
FNDA:0,(anonymous_47)
FNDA:1,(anonymous_48)
FNDA:0,(anonymous_49)
FNDA:24,(anonymous_50)
FNDA:0,(anonymous_51)
FNDA:0,(anonymous_52)
FNDA:0,(anonymous_53)
FNDA:1,(anonymous_54)
FNDA:0,(anonymous_55)
FNDA:0,(anonymous_56)
FNDA:0,(anonymous_57)
FNDA:0,(anonymous_58)
FNDA:13,(anonymous_59)
FNDA:0,(anonymous_60)
FNDA:0,(anonymous_61)
FNDA:0,(anonymous_62)
FNDA:0,(anonymous_63)
FNDA:0,(anonymous_64)
FNDA:0,(anonymous_65)
FNDA:13,(anonymous_66)
FNDA:0,(anonymous_67)
FNDA:0,(anonymous_68)
FNDA:0,(anonymous_69)
FNDA:0,(anonymous_70)
FNDA:0,(anonymous_71)
FNDA:0,(anonymous_72)
FNDA:24,(anonymous_73)
FNDA:0,(anonymous_74)
FNDA:0,(anonymous_75)
DA:6,4
DA:7,4
DA:8,4
DA:9,4
DA:10,4
DA:11,4
DA:12,4
DA:17,50
DA:18,50
DA:19,50
DA:23,24
DA:24,24
DA:25,24
DA:26,24
DA:27,24
DA:28,24
DA:67,4
DA:68,13
DA:69,13
DA:70,13
DA:71,13
DA:74,13
DA:75,13
DA:76,13
DA:77,13
DA:78,13
DA:79,13
DA:81,13
DA:82,2
DA:83,2
DA:84,2
DA:85,2
DA:86,2
DA:87,2
DA:88,2
DA:89,2
DA:90,2
DA:91,2
DA:92,2
DA:96,13
DA:97,1
DA:98,1
DA:100,1
DA:101,1
DA:102,1
DA:103,2
DA:104,2
DA:105,2
DA:106,2
DA:107,1
DA:108,1
DA:109,1
DA:110,1
DA:115,1
DA:116,1
DA:117,1
DA:118,1
DA:122,13
DA:125,13
DA:126,9
DA:127,9
DA:128,8
DA:129,0
DA:130,0
DA:131,0
DA:132,0
DA:133,0
DA:134,0
DA:135,0
DA:136,0
DA:137,0
DA:138,0
DA:139,0
DA:140,0
DA:141,0
DA:142,0
DA:144,8
DA:145,8
DA:148,13
DA:149,1
DA:150,1
DA:151,1
DA:152,1
DA:153,1
DA:154,1
DA:155,0
DA:156,0
DA:157,0
DA:158,0
DA:159,0
DA:161,1
DA:162,1
DA:163,1
DA:164,1
DA:166,1
DA:167,1
DA:170,24
DA:171,24
DA:173,13
DA:174,0
DA:177,13
DA:178,0
DA:179,0
DA:182,13
DA:183,0
DA:184,0
DA:185,0
DA:187,0
DA:190,13
DA:191,1
DA:192,2
DA:193,1
DA:196,13
DA:197,0
DA:200,13
DA:201,1
DA:208,12
DA:248,24
DA:249,12
DA:250,12
DA:252,12
DA:253,12
DA:254,12
DA:255,12
DA:256,12
DA:258,12
DA:259,12
DA:260,12
DA:261,12
DA:263,12
DA:282,24
DA:288,1
DA:289,0
DA:291,0
DA:292,0
DA:294,0
DA:295,0
DA:296,1
DA:297,0
DA:307,4
DA:326,4
DA:330,24
DA:331,24
DA:333,24
DA:334,0
DA:335,0
DA:336,0
DA:337,0
DA:338,0
DA:339,0
DA:345,0
DA:346,0
DA:347,0
DA:348,0
DA:350,0
DA:351,0
DA:354,24
DA:355,24
DA:357,24
DA:377,1
DA:400,0
DA:401,0
DA:402,0
DA:403,0
DA:428,13
DA:433,0
DA:434,0
DA:435,0
DA:436,0
DA:438,0
DA:439,0
DA:466,4
DA:470,13
DA:471,1
DA:477,0
DA:478,0
DA:484,0
DA:485,0
DA:486,0
DA:493,12
DA:519,0
DA:536,4
DA:537,24
DA:538,24
DA:541,0
DA:542,0
LF:186
LH:123
BRDA:17,0,0,0
BRDA:17,0,1,50
BRDA:17,1,0,50
BRDA:17,1,1,50
BRDA:25,2,0,0
BRDA:25,2,1,24
BRDA:25,3,0,24
BRDA:25,3,1,0
BRDA:27,4,0,24
BRDA:27,4,1,0
BRDA:83,5,0,0
BRDA:83,5,1,2
BRDA:101,6,0,0
BRDA:101,6,1,1
BRDA:101,7,0,1
BRDA:101,7,1,1
BRDA:127,8,0,1
BRDA:127,8,1,8
BRDA:134,9,0,0
BRDA:134,9,1,0
BRDA:149,10,0,0
BRDA:149,10,1,1
BRDA:174,11,0,0
BRDA:174,11,1,0
BRDA:178,12,0,0
BRDA:178,12,1,0
BRDA:178,13,0,0
BRDA:178,13,1,0
BRDA:184,14,0,0
BRDA:184,14,1,0
BRDA:185,15,0,0
BRDA:185,15,1,0
BRDA:185,16,0,0
BRDA:185,16,1,0
BRDA:185,17,0,0
BRDA:185,17,1,0
BRDA:192,18,0,1
BRDA:192,18,1,1
BRDA:197,19,0,0
BRDA:197,19,1,0
BRDA:200,20,0,1
BRDA:200,20,1,12
BRDA:215,21,0,1
BRDA:215,21,1,11
BRDA:250,22,0,0
BRDA:250,22,1,12
BRDA:250,23,0,12
BRDA:250,23,1,12
BRDA:258,24,0,12
BRDA:258,24,1,0
BRDA:258,25,0,0
BRDA:258,25,1,0
BRDA:259,26,0,0
BRDA:259,26,1,12
BRDA:269,27,0,12
BRDA:269,27,1,0
BRDA:286,28,0,2
BRDA:286,28,1,22
BRDA:334,29,0,0
BRDA:334,29,1,0
BRDA:338,30,0,0
BRDA:338,30,1,0
BRDA:354,31,0,24
BRDA:354,31,1,24
BRDA:355,32,0,0
BRDA:355,32,1,24
BRDA:391,33,0,24
BRDA:391,33,1,0
BRDA:393,34,0,0
BRDA:393,34,1,0
BRDA:396,35,0,1
BRDA:396,35,1,23
BRDA:401,36,0,0
BRDA:401,36,1,0
BRDA:401,37,0,0
BRDA:401,37,1,0
BRDA:416,38,0,0
BRDA:416,38,1,23
BRDA:431,39,0,1
BRDA:431,39,1,12
BRDA:431,40,0,13
BRDA:431,40,1,2
BRDA:470,41,0,1
BRDA:470,41,1,12
BRDA:470,42,0,13
BRDA:470,42,1,1
BRDA:478,43,0,0
BRDA:478,43,1,0
BRDA:478,44,0,0
BRDA:478,44,1,0
BRDA:478,45,0,0
BRDA:478,45,1,0
BRDA:485,46,0,0
BRDA:485,46,1,0
BRDA:485,47,0,0
BRDA:485,47,1,0
BRDA:503,48,0,0
BRDA:503,48,1,12
BRDA:514,49,0,12
BRDA:514,49,1,12
BRDA:517,50,0,12
BRDA:517,50,1,0
BRDA:550,51,0,0
BRDA:550,51,1,24
BRF:104
BRH:47
end_of_record
TN:
SF:src\components\ui\ProjectsView.tsx
FN:11,(anonymous_0)
FN:17,(anonymous_1)
FN:23,(anonymous_2)
FN:31,(anonymous_3)
FN:36,(anonymous_4)
FN:44,(anonymous_5)
FN:68,(anonymous_6)
FN:72,(anonymous_7)
FN:73,(anonymous_8)
FN:75,(anonymous_9)
FN:81,(anonymous_10)
FN:81,(anonymous_11)
FN:83,(anonymous_12)
FN:84,(anonymous_13)
FN:90,(anonymous_14)
FN:91,(anonymous_15)
FN:93,(anonymous_16)
FN:100,(anonymous_17)
FN:104,(anonymous_18)
FN:105,(anonymous_19)
FN:121,(anonymous_20)
FN:127,(anonymous_21)
FN:133,(anonymous_22)
FN:134,(anonymous_23)
FN:164,(anonymous_24)
FN:189,(anonymous_25)
FN:194,(anonymous_26)
FN:195,(anonymous_27)
FN:215,(anonymous_28)
FN:237,(anonymous_29)
FN:261,(anonymous_30)
FN:271,(anonymous_31)
FN:272,(anonymous_32)
FN:282,(anonymous_33)
FN:285,(anonymous_34)
FN:288,(anonymous_35)
FN:290,(anonymous_36)
FN:296,(anonymous_37)
FN:301,(anonymous_38)
FN:313,(anonymous_39)
FN:330,(anonymous_40)
FN:331,(anonymous_41)
FN:332,(anonymous_42)
FN:351,(anonymous_43)
FN:353,(anonymous_44)
FN:354,(anonymous_45)
FN:370,(anonymous_46)
FN:371,(anonymous_47)
FN:374,(anonymous_48)
FN:375,(anonymous_49)
FN:384,(anonymous_50)
FN:387,(anonymous_51)
FN:420,(anonymous_52)
FN:443,(anonymous_53)
FN:448,(anonymous_54)
FN:449,(anonymous_55)
FN:450,(anonymous_56)
FN:472,(anonymous_57)
FN:473,(anonymous_58)
FN:478,(anonymous_59)
FN:479,(anonymous_60)
FN:489,(anonymous_61)
FN:499,(anonymous_62)
FNF:63
FNH:24
FNDA:45,(anonymous_0)
FNDA:2,(anonymous_1)
FNDA:29,(anonymous_2)
FNDA:2,(anonymous_3)
FNDA:0,(anonymous_4)
FNDA:0,(anonymous_5)
FNDA:2,(anonymous_6)
FNDA:2,(anonymous_7)
FNDA:0,(anonymous_8)
FNDA:2,(anonymous_9)
FNDA:0,(anonymous_10)
FNDA:0,(anonymous_11)
FNDA:0,(anonymous_12)
FNDA:0,(anonymous_13)
FNDA:0,(anonymous_14)
FNDA:0,(anonymous_15)
FNDA:0,(anonymous_16)
FNDA:0,(anonymous_17)
FNDA:0,(anonymous_18)
FNDA:0,(anonymous_19)
FNDA:2,(anonymous_20)
FNDA:0,(anonymous_21)
FNDA:0,(anonymous_22)
FNDA:0,(anonymous_23)
FNDA:0,(anonymous_24)
FNDA:0,(anonymous_25)
FNDA:0,(anonymous_26)
FNDA:0,(anonymous_27)
FNDA:45,(anonymous_28)
FNDA:15,(anonymous_29)
FNDA:0,(anonymous_30)
FNDA:0,(anonymous_31)
FNDA:0,(anonymous_32)
FNDA:14,(anonymous_33)
FNDA:42,(anonymous_34)
FNDA:0,(anonymous_35)
FNDA:0,(anonymous_36)
FNDA:42,(anonymous_37)
FNDA:0,(anonymous_38)
FNDA:0,(anonymous_39)
FNDA:2,(anonymous_40)
FNDA:1,(anonymous_41)
FNDA:2,(anonymous_42)
FNDA:2,(anonymous_43)
FNDA:0,(anonymous_44)
FNDA:0,(anonymous_45)
FNDA:1,(anonymous_46)
FNDA:1,(anonymous_47)
FNDA:0,(anonymous_48)
FNDA:0,(anonymous_49)
FNDA:90,(anonymous_50)
FNDA:1,(anonymous_51)
FNDA:180,(anonymous_52)
FNDA:2,(anonymous_53)
FNDA:0,(anonymous_54)
FNDA:0,(anonymous_55)
FNDA:0,(anonymous_56)
FNDA:1,(anonymous_57)
FNDA:0,(anonymous_58)
FNDA:0,(anonymous_59)
FNDA:0,(anonymous_60)
FNDA:0,(anonymous_61)
FNDA:0,(anonymous_62)
DA:11,2
DA:12,45
DA:17,2
DA:18,2
DA:23,2
DA:24,29
DA:31,2
DA:32,2
DA:33,2
DA:36,2
DA:37,0
DA:38,0
DA:39,0
DA:44,2
DA:45,0
DA:46,0
DA:47,0
DA:48,0
DA:51,2
DA:68,2
DA:69,2
DA:70,2
DA:72,2
DA:73,2
DA:74,2
DA:75,2
DA:78,2
DA:81,0
DA:83,0
DA:84,0
DA:90,0
DA:91,0
DA:93,0
DA:100,2
DA:101,0
DA:104,0
DA:105,0
DA:121,2
DA:122,2
DA:123,2
DA:124,2
DA:126,2
DA:127,2
DA:128,0
DA:131,2
DA:133,0
DA:134,0
DA:165,0
DA:166,0
DA:167,0
DA:168,0
DA:189,0
DA:194,0
DA:195,0
DA:215,2
DA:216,45
DA:217,45
DA:218,45
DA:219,45
DA:220,45
DA:221,45
DA:222,45
DA:223,45
DA:224,45
DA:225,45
DA:226,45
DA:227,45
DA:228,45
DA:230,45
DA:231,45
DA:232,45
DA:233,45
DA:237,45
DA:238,15
DA:239,15
DA:240,15
DA:241,15
DA:242,15
DA:243,15
DA:244,15
DA:245,15
DA:248,14
DA:249,14
DA:250,14
DA:251,14
DA:252,14
DA:254,1
DA:255,1
DA:257,15
DA:261,45
DA:262,0
DA:263,0
DA:264,0
DA:265,0
DA:266,0
DA:269,0
DA:270,0
DA:271,0
DA:272,0
DA:273,0
DA:275,0
DA:276,0
DA:278,0
DA:282,45
DA:285,45
DA:286,42
DA:287,42
DA:288,42
DA:289,0
DA:290,0
DA:291,0
DA:292,0
DA:295,42
DA:296,42
DA:301,45
DA:302,0
DA:303,0
DA:304,0
DA:305,0
DA:306,0
DA:307,0
DA:309,0
DA:313,45
DA:314,0
DA:315,0
DA:316,0
DA:317,0
DA:318,0
DA:319,0
DA:320,0
DA:322,0
DA:324,0
DA:329,45
DA:330,2
DA:332,2
DA:335,1
DA:340,45
DA:351,2
DA:353,0
DA:354,0
DA:370,1
DA:371,1
DA:374,0
DA:375,0
DA:385,90
DA:387,1
DA:421,180
DA:444,2
DA:448,0
DA:449,0
DA:450,0
DA:472,1
DA:473,0
DA:478,0
DA:479,0
DA:489,0
DA:499,0
LF:157
LH:86
BRDA:32,0,0,0
BRDA:32,0,1,2
BRDA:37,1,0,0
BRDA:37,1,1,0
BRDA:45,2,0,0
BRDA:45,2,1,0
BRDA:46,3,0,0
BRDA:46,3,1,0
BRDA:47,4,0,0
BRDA:47,4,1,0
BRDA:73,5,0,0
BRDA:73,5,1,0
BRDA:73,6,0,0
BRDA:73,6,1,0
BRDA:88,7,0,2
BRDA:88,7,1,0
BRDA:91,8,0,0
BRDA:91,8,1,0
BRDA:92,9,0,0
BRDA:92,9,1,0
BRDA:93,10,0,0
BRDA:93,10,1,0
BRDA:103,11,0,0
BRDA:103,11,1,0
BRDA:104,12,0,0
BRDA:104,12,1,0
BRDA:128,13,0,0
BRDA:128,13,1,0
BRDA:135,14,0,2
BRDA:135,14,1,0
BRDA:136,15,0,0
BRDA:136,15,1,2
BRDA:136,16,0,0
BRDA:136,16,1,2
BRDA:142,17,0,2
BRDA:142,17,1,0
BRDA:145,18,0,0
BRDA:145,18,1,0
BRDA:146,19,0,0
BRDA:146,19,1,0
BRDA:147,20,0,0
BRDA:147,20,1,0
BRDA:157,21,0,0
BRDA:157,21,1,2
BRDA:158,22,0,0
BRDA:158,22,1,0
BRDA:164,23,0,0
BRDA:164,23,1,2
BRDA:174,24,0,0
BRDA:174,24,1,0
BRDA:177,25,0,0
BRDA:177,25,1,0
BRDA:177,26,0,0
BRDA:177,26,1,0
BRDA:190,27,0,0
BRDA:190,27,1,2
BRDA:245,28,0,1
BRDA:245,28,1,14
BRDA:248,29,0,0
BRDA:248,29,1,14
BRDA:249,30,0,14
BRDA:249,30,1,0
BRDA:254,31,0,0
BRDA:254,31,1,1
BRDA:255,32,0,1
BRDA:255,32,1,0
BRDA:257,33,0,15
BRDA:257,33,1,0
BRDA:262,34,0,0
BRDA:262,34,1,0
BRDA:262,35,0,0
BRDA:262,35,1,0
BRDA:266,36,0,0
BRDA:266,36,1,0
BRDA:269,37,0,0
BRDA:269,37,1,0
BRDA:270,38,0,0
BRDA:270,38,1,0
BRDA:275,39,0,0
BRDA:275,39,1,0
BRDA:276,40,0,0
BRDA:276,40,1,0
BRDA:278,41,0,0
BRDA:278,41,1,0
BRDA:287,42,0,0
BRDA:287,42,1,42
BRDA:289,43,0,0
BRDA:289,43,1,0
BRDA:291,44,0,0
BRDA:291,44,1,0
BRDA:291,45,0,0
BRDA:291,45,1,0
BRDA:292,46,0,0
BRDA:292,46,1,0
BRDA:296,47,0,0
BRDA:296,47,1,42
BRDA:302,48,0,0
BRDA:302,48,1,0
BRDA:309,49,0,0
BRDA:309,49,1,0
BRDA:314,50,0,0
BRDA:314,50,1,0
BRDA:322,51,0,0
BRDA:322,51,1,0
BRDA:330,52,0,0
BRDA:330,52,1,2
BRDA:332,53,0,0
BRDA:332,53,1,2
BRDA:333,54,0,0
BRDA:333,54,1,0
BRDA:371,55,0,1
BRDA:371,55,1,0
BRDA:389,56,0,45
BRDA:389,56,1,45
BRDA:390,57,0,45
BRDA:390,57,1,45
BRDA:391,58,0,45
BRDA:391,58,1,45
BRDA:402,59,0,45
BRDA:402,59,1,2
BRDA:410,60,0,45
BRDA:410,60,1,1
BRDA:420,61,0,2
BRDA:420,61,1,43
BRDA:421,62,0,45
BRDA:421,62,1,135
BRDA:428,63,0,29
BRDA:428,63,1,16
BRDA:428,64,0,45
BRDA:428,64,1,44
BRDA:434,65,0,1
BRDA:434,65,1,28
BRDA:437,66,0,1
BRDA:437,66,1,28
BRDA:454,67,0,45
BRDA:454,67,1,15
BRDA:484,68,0,45
BRDA:484,68,1,45
BRDA:494,69,0,0
BRDA:494,69,1,45
BRF:140
BRH:48
end_of_record
TN:
SF:src\components\ui\ToolsPanel.tsx
FN:281,(anonymous_0)
FN:304,(anonymous_1)
FN:316,(anonymous_2)
FN:320,(anonymous_3)
FN:345,(anonymous_4)
FN:395,(anonymous_5)
FN:399,(anonymous_6)
FN:400,(anonymous_7)
FN:401,(anonymous_8)
FN:404,(anonymous_9)
FN:406,(anonymous_10)
FN:407,(anonymous_11)
FN:410,(anonymous_12)
FN:419,(anonymous_13)
FN:433,(anonymous_14)
FN:441,(anonymous_15)
FN:446,(anonymous_16)
FN:471,(anonymous_17)
FN:474,(anonymous_18)
FN:475,(anonymous_19)
FN:476,(anonymous_20)
FN:477,(anonymous_21)
FN:482,(anonymous_22)
FN:490,(anonymous_23)
FN:490,(anonymous_24)
FN:509,(anonymous_25)
FN:513,(anonymous_26)
FN:528,(anonymous_27)
FN:529,(anonymous_28)
FN:533,(anonymous_29)
FN:537,(anonymous_30)
FN:550,(anonymous_31)
FN:563,(anonymous_32)
FN:570,(anonymous_33)
FN:591,(anonymous_34)
FN:615,(anonymous_35)
FN:621,(anonymous_36)
FN:627,(anonymous_37)
FN:633,(anonymous_38)
FN:640,(anonymous_39)
FN:646,(anonymous_40)
FN:658,(anonymous_41)
FN:672,(anonymous_42)
FN:705,(anonymous_43)
FN:712,(anonymous_44)
FN:723,(anonymous_45)
FN:778,(anonymous_46)
FN:779,(anonymous_47)
FN:794,(anonymous_48)
FN:796,(anonymous_49)
FN:799,(anonymous_50)
FN:806,(anonymous_51)
FN:808,(anonymous_52)
FN:811,(anonymous_53)
FN:836,(anonymous_54)
FN:837,(anonymous_55)
FN:857,(anonymous_56)
FN:861,(anonymous_57)
FN:878,(anonymous_58)
FN:888,(anonymous_59)
FN:889,(anonymous_60)
FN:900,(anonymous_61)
FN:907,(anonymous_62)
FN:913,(anonymous_63)
FN:943,(anonymous_64)
FN:955,(anonymous_65)
FN:956,(anonymous_66)
FN:971,(anonymous_67)
FN:972,(anonymous_68)
FN:973,(anonymous_69)
FN:983,(anonymous_70)
FN:997,(anonymous_71)
FN:1011,(anonymous_72)
FN:1033,(anonymous_73)
FN:1037,(anonymous_74)
FN:1051,(anonymous_75)
FN:1055,(anonymous_76)
FN:1069,(anonymous_77)
FN:1073,(anonymous_78)
FN:1086,(anonymous_79)
FN:1089,(anonymous_80)
FN:1154,(anonymous_81)
FN:1159,(anonymous_82)
FN:1160,(anonymous_83)
FN:1185,(anonymous_84)
FN:1193,(anonymous_85)
FN:1209,(anonymous_86)
FN:1213,(anonymous_87)
FN:1278,(anonymous_88)
FN:1313,(anonymous_89)
FN:1315,(anonymous_90)
FN:1316,(anonymous_91)
FN:1326,(anonymous_92)
FN:1328,(anonymous_93)
FN:1329,(anonymous_94)
FN:1346,(anonymous_95)
FN:1348,(anonymous_96)
FN:1348,(anonymous_97)
FN:1352,(anonymous_98)
FN:1354,(anonymous_99)
FN:1354,(anonymous_100)
FN:1358,(anonymous_101)
FN:1360,(anonymous_102)
FN:1360,(anonymous_103)
FN:1364,(anonymous_104)
FN:1367,(anonymous_105)
FN:1369,(anonymous_106)
FN:1369,(anonymous_107)
FN:1374,(anonymous_108)
FN:1375,(anonymous_109)
FN:1390,(anonymous_110)
FN:1427,(anonymous_111)
FN:1428,(anonymous_112)
FN:1429,(anonymous_113)
FN:1430,(anonymous_114)
FN:1433,(anonymous_115)
FN:1434,(anonymous_116)
FN:1506,(anonymous_117)
FN:1599,(anonymous_118)
FN:1616,(anonymous_119)
FN:1622,(anonymous_120)
FN:1631,(anonymous_121)
FN:1644,(anonymous_122)
FN:1671,(anonymous_123)
FN:1677,(anonymous_124)
FN:1702,(anonymous_125)
FN:1707,(anonymous_126)
FN:1716,(anonymous_127)
FN:1716,(anonymous_128)
FN:1739,(anonymous_129)
FN:1740,(anonymous_130)
FN:1745,(anonymous_131)
FN:1763,(anonymous_132)
FN:1768,(anonymous_133)
FN:1782,(anonymous_134)
FN:1783,(anonymous_135)
FN:1786,(anonymous_136)
FN:1787,(anonymous_137)
FN:1876,(anonymous_138)
FN:1904,(anonymous_139)
FN:1906,(anonymous_140)
FN:1908,(anonymous_141)
FN:1910,(anonymous_142)
FN:1912,(anonymous_143)
FNF:144
FNH:29
FNDA:5,(anonymous_0)
FNDA:1,(anonymous_1)
FNDA:2,(anonymous_2)
FNDA:2,(anonymous_3)
FNDA:83,(anonymous_4)
FNDA:15,(anonymous_5)
FNDA:0,(anonymous_6)
FNDA:0,(anonymous_7)
FNDA:0,(anonymous_8)
FNDA:15,(anonymous_9)
FNDA:0,(anonymous_10)
FNDA:0,(anonymous_11)
FNDA:0,(anonymous_12)
FNDA:0,(anonymous_13)
FNDA:0,(anonymous_14)
FNDA:0,(anonymous_15)
FNDA:5,(anonymous_16)
FNDA:0,(anonymous_17)
FNDA:0,(anonymous_18)
FNDA:0,(anonymous_19)
FNDA:0,(anonymous_20)
FNDA:0,(anonymous_21)
FNDA:5,(anonymous_22)
FNDA:0,(anonymous_23)
FNDA:0,(anonymous_24)
FNDA:27,(anonymous_25)
FNDA:5,(anonymous_26)
FNDA:20,(anonymous_27)
FNDA:6,(anonymous_28)
FNDA:20,(anonymous_29)
FNDA:20,(anonymous_30)
FNDA:15,(anonymous_31)
FNDA:35,(anonymous_32)
FNDA:27,(anonymous_33)
FNDA:0,(anonymous_34)
FNDA:0,(anonymous_35)
FNDA:0,(anonymous_36)
FNDA:0,(anonymous_37)
FNDA:0,(anonymous_38)
FNDA:1,(anonymous_39)
FNDA:0,(anonymous_40)
FNDA:0,(anonymous_41)
FNDA:0,(anonymous_42)
FNDA:0,(anonymous_43)
FNDA:0,(anonymous_44)
FNDA:83,(anonymous_45)
FNDA:0,(anonymous_46)
FNDA:0,(anonymous_47)
FNDA:0,(anonymous_48)
FNDA:0,(anonymous_49)
FNDA:0,(anonymous_50)
FNDA:0,(anonymous_51)
FNDA:0,(anonymous_52)
FNDA:0,(anonymous_53)
FNDA:5,(anonymous_54)
FNDA:0,(anonymous_55)
FNDA:0,(anonymous_56)
FNDA:0,(anonymous_57)
FNDA:0,(anonymous_58)
FNDA:0,(anonymous_59)
FNDA:0,(anonymous_60)
FNDA:1,(anonymous_61)
FNDA:0,(anonymous_62)
FNDA:0,(anonymous_63)
FNDA:0,(anonymous_64)
FNDA:0,(anonymous_65)
FNDA:0,(anonymous_66)
FNDA:0,(anonymous_67)
FNDA:0,(anonymous_68)
FNDA:0,(anonymous_69)
FNDA:0,(anonymous_70)
FNDA:0,(anonymous_71)
FNDA:0,(anonymous_72)
FNDA:0,(anonymous_73)
FNDA:0,(anonymous_74)
FNDA:0,(anonymous_75)
FNDA:0,(anonymous_76)
FNDA:0,(anonymous_77)
FNDA:0,(anonymous_78)
FNDA:0,(anonymous_79)
FNDA:0,(anonymous_80)
FNDA:1,(anonymous_81)
FNDA:0,(anonymous_82)
FNDA:0,(anonymous_83)
FNDA:1,(anonymous_84)
FNDA:0,(anonymous_85)
FNDA:0,(anonymous_86)
FNDA:0,(anonymous_87)
FNDA:0,(anonymous_88)
FNDA:0,(anonymous_89)
FNDA:0,(anonymous_90)
FNDA:0,(anonymous_91)
FNDA:0,(anonymous_92)
FNDA:0,(anonymous_93)
FNDA:0,(anonymous_94)
FNDA:0,(anonymous_95)
FNDA:0,(anonymous_96)
FNDA:0,(anonymous_97)
FNDA:0,(anonymous_98)
FNDA:0,(anonymous_99)
FNDA:0,(anonymous_100)
FNDA:0,(anonymous_101)
FNDA:0,(anonymous_102)
FNDA:0,(anonymous_103)
FNDA:0,(anonymous_104)
FNDA:0,(anonymous_105)
FNDA:0,(anonymous_106)
FNDA:0,(anonymous_107)
FNDA:0,(anonymous_108)
FNDA:0,(anonymous_109)
FNDA:0,(anonymous_110)
FNDA:0,(anonymous_111)
FNDA:0,(anonymous_112)
FNDA:0,(anonymous_113)
FNDA:0,(anonymous_114)
FNDA:0,(anonymous_115)
FNDA:0,(anonymous_116)
FNDA:0,(anonymous_117)
FNDA:0,(anonymous_118)
FNDA:0,(anonymous_119)
FNDA:0,(anonymous_120)
FNDA:0,(anonymous_121)
FNDA:0,(anonymous_122)
FNDA:0,(anonymous_123)
FNDA:0,(anonymous_124)
FNDA:0,(anonymous_125)
FNDA:0,(anonymous_126)
FNDA:0,(anonymous_127)
FNDA:0,(anonymous_128)
FNDA:0,(anonymous_129)
FNDA:0,(anonymous_130)
FNDA:0,(anonymous_131)
FNDA:0,(anonymous_132)
FNDA:0,(anonymous_133)
FNDA:0,(anonymous_134)
FNDA:0,(anonymous_135)
FNDA:0,(anonymous_136)
FNDA:0,(anonymous_137)
FNDA:0,(anonymous_138)
FNDA:83,(anonymous_139)
FNDA:83,(anonymous_140)
FNDA:83,(anonymous_141)
FNDA:83,(anonymous_142)
FNDA:83,(anonymous_143)
DA:17,2
DA:30,2
DA:41,2
DA:62,2
DA:68,2
DA:85,2
DA:90,2
DA:104,2
DA:119,2
DA:126,2
DA:133,2
DA:143,2
DA:155,2
DA:166,2
DA:172,2
DA:185,2
DA:195,2
DA:201,2
DA:207,2
DA:221,2
DA:226,2
DA:233,2
DA:241,2
DA:255,2
DA:263,2
DA:270,2
DA:281,2
DA:282,5
DA:283,5
DA:284,5
DA:286,5
DA:287,75
DA:288,2
DA:289,2
DA:291,73
DA:292,73
DA:293,0
DA:294,0
DA:296,73
DA:300,5
DA:301,5
DA:304,2
DA:305,1
DA:306,1
DA:307,1
DA:309,0
DA:310,0
DA:311,0
DA:313,0
DA:316,2
DA:317,2
DA:320,2
DA:321,2
DA:323,2
DA:324,1
DA:326,1
DA:327,1
DA:329,0
DA:330,0
DA:331,0
DA:332,0
DA:334,0
DA:336,0
DA:337,0
DA:339,0
DA:340,0
DA:342,0
DA:345,2
DA:346,83
DA:347,83
DA:348,83
DA:349,83
DA:350,83
DA:351,83
DA:352,83
DA:353,83
DA:354,83
DA:355,83
DA:356,83
DA:357,83
DA:358,83
DA:359,83
DA:360,83
DA:361,83
DA:362,83
DA:363,83
DA:364,83
DA:365,83
DA:366,83
DA:367,83
DA:368,83
DA:369,83
DA:370,83
DA:373,83
DA:379,83
DA:380,83
DA:381,83
DA:383,83
DA:390,83
DA:391,83
DA:392,83
DA:393,83
DA:395,83
DA:396,15
DA:397,0
DA:398,0
DA:399,0
DA:400,0
DA:401,0
DA:404,83
DA:405,15
DA:406,0
DA:407,0
DA:410,83
DA:411,0
DA:412,0
DA:413,0
DA:414,0
DA:415,0
DA:416,0
DA:419,83
DA:420,0
DA:421,0
DA:422,0
DA:423,0
DA:424,0
DA:425,0
DA:426,0
DA:427,0
DA:428,0
DA:429,0
DA:430,0
DA:432,0
DA:433,0
DA:434,0
DA:435,0
DA:437,0
DA:438,0
DA:439,0
DA:440,0
DA:441,0
DA:442,0
DA:446,83
DA:447,5
DA:448,5
DA:450,5
DA:451,5
DA:452,5
DA:454,5
DA:455,5
DA:457,5
DA:458,1
DA:459,1
DA:462,4
DA:463,4
DA:464,4
DA:468,5
DA:471,83
DA:472,0
DA:473,0
DA:474,0
DA:475,0
DA:476,0
DA:477,0
DA:479,0
DA:482,83
DA:483,5
DA:484,5
DA:485,3
DA:486,3
DA:489,2
DA:490,0
DA:491,0
DA:492,0
DA:495,2
DA:496,2
DA:497,2
DA:498,2
DA:499,2
DA:502,0
DA:503,0
DA:504,0
DA:505,0
DA:509,83
DA:510,27
DA:511,27
DA:513,27
DA:515,27
DA:516,27
DA:518,27
DA:519,0
DA:520,0
DA:521,0
DA:524,27
DA:528,83
DA:529,20
DA:530,6
DA:533,20
DA:537,83
DA:538,20
DA:539,20
DA:541,5
DA:542,5
DA:543,5
DA:545,15
DA:550,83
DA:551,15
DA:552,0
DA:558,0
DA:559,0
DA:563,83
DA:564,35
DA:565,8
DA:566,8
DA:567,8
DA:568,8
DA:570,27
DA:571,27
DA:572,27
DA:574,27
DA:575,27
DA:577,27
DA:578,26
DA:579,25
DA:581,2
DA:582,2
DA:584,27
DA:588,27
DA:591,83
DA:592,0
DA:594,0
DA:596,0
DA:597,0
DA:599,0
DA:600,0
DA:602,0
DA:603,0
DA:606,0
DA:609,83
DA:610,83
DA:611,83
DA:612,83
DA:613,83
DA:615,83
DA:616,0
DA:617,0
DA:621,83
DA:622,0
DA:623,0
DA:627,83
DA:628,0
DA:629,0
DA:633,83
DA:634,0
DA:635,0
DA:636,0
DA:637,0
DA:640,83
DA:641,1
DA:644,83
DA:646,83
DA:647,0
DA:648,0
DA:649,0
DA:650,0
DA:651,0
DA:652,0
DA:653,0
DA:654,0
DA:655,0
DA:656,0
DA:657,0
DA:658,0
DA:660,0
DA:661,0
DA:662,0
DA:663,0
DA:664,0
DA:666,0
DA:667,0
DA:668,0
DA:672,83
DA:673,0
DA:674,0
DA:676,0
DA:677,0
DA:678,0
DA:680,0
DA:681,0
DA:690,0
DA:693,0
DA:694,0
DA:695,0
DA:698,0
DA:699,0
DA:700,0
DA:701,0
DA:704,0
DA:705,0
DA:706,0
DA:707,0
DA:712,0
DA:713,0
DA:714,0
DA:717,0
DA:719,0
DA:723,83
DA:724,83
DA:725,83
DA:735,83
DA:736,83
DA:737,83
DA:738,83
DA:748,83
DA:754,83
DA:760,83
DA:762,83
DA:778,0
DA:779,0
DA:794,0
DA:797,0
DA:800,0
DA:806,0
DA:809,0
DA:812,0
DA:836,5
DA:838,0
DA:839,0
DA:841,0
DA:842,0
DA:843,0
DA:858,0
DA:859,0
DA:862,0
DA:863,0
DA:879,0
DA:880,0
DA:881,0
DA:888,0
DA:889,0
DA:900,1
DA:908,0
DA:909,0
DA:911,0
DA:914,0
DA:915,0
DA:916,0
DA:918,0
DA:919,0
DA:943,0
DA:955,0
DA:956,0
DA:971,0
DA:972,0
DA:973,0
DA:984,0
DA:997,0
DA:1011,0
DA:1034,0
DA:1035,0
DA:1036,0
DA:1037,0
DA:1038,0
DA:1052,0
DA:1053,0
DA:1054,0
DA:1055,0
DA:1056,0
DA:1070,0
DA:1071,0
DA:1072,0
DA:1073,0
DA:1074,0
DA:1087,0
DA:1088,0
DA:1089,0
DA:1155,1
DA:1159,0
DA:1160,0
DA:1186,1
DA:1187,1
DA:1194,0
DA:1195,0
DA:1210,0
DA:1211,0
DA:1214,0
DA:1215,0
DA:1279,0
DA:1313,0
DA:1315,0
DA:1316,0
DA:1326,0
DA:1328,0
DA:1329,0
DA:1346,0
DA:1348,0
DA:1352,0
DA:1354,0
DA:1358,0
DA:1360,0
DA:1364,0
DA:1367,0
DA:1369,0
DA:1374,0
DA:1375,0
DA:1391,0
DA:1427,0
DA:1428,0
DA:1429,0
DA:1431,0
DA:1433,0
DA:1434,0
DA:1506,0
DA:1600,0
DA:1601,0
DA:1617,0
DA:1618,0
DA:1619,0
DA:1623,0
DA:1624,0
DA:1632,0
DA:1633,0
DA:1634,0
DA:1635,0
DA:1636,0
DA:1637,0
DA:1638,0
DA:1639,0
DA:1640,0
DA:1641,0
DA:1642,0
DA:1643,0
DA:1644,0
DA:1646,0
DA:1647,0
DA:1648,0
DA:1649,0
DA:1650,0
DA:1652,0
DA:1654,0
DA:1672,0
DA:1673,0
DA:1674,0
DA:1678,0
DA:1679,0
DA:1703,0
DA:1704,0
DA:1708,0
DA:1709,0
DA:1716,0
DA:1718,0
DA:1722,0
DA:1723,0
DA:1724,0
DA:1726,0
DA:1727,0
DA:1729,0
DA:1732,0
DA:1739,0
DA:1741,0
DA:1742,0
DA:1746,0
DA:1747,0
DA:1764,0
DA:1765,0
DA:1769,0
DA:1770,0
DA:1782,0
DA:1784,0
DA:1785,0
DA:1786,0
DA:1787,0
DA:1788,0
DA:1789,0
DA:1790,0
DA:1791,0
DA:1792,0
DA:1793,0
DA:1795,0
DA:1797,0
DA:1800,0
DA:1876,0
DA:1904,83
DA:1906,83
DA:1908,83
DA:1910,83
DA:1912,83
DA:1914,83
LF:488
LH:195
BRDA:287,0,0,2
BRDA:287,0,1,73
BRDA:291,1,0,73
BRDA:291,1,1,62
BRDA:292,2,0,0
BRDA:292,2,1,73
BRDA:293,3,0,0
BRDA:293,3,1,0
BRDA:300,4,0,5
BRDA:300,4,1,0
BRDA:305,5,0,1
BRDA:305,5,1,0
BRDA:306,6,0,1
BRDA:306,6,1,0
BRDA:309,7,0,0
BRDA:309,7,1,0
BRDA:310,8,0,0
BRDA:310,8,1,0
BRDA:317,9,0,1
BRDA:317,9,1,1
BRDA:323,10,0,1
BRDA:323,10,1,1
BRDA:326,11,0,1
BRDA:326,11,1,0
BRDA:329,12,0,0
BRDA:329,12,1,0
BRDA:331,13,0,0
BRDA:331,13,1,0
BRDA:336,14,0,0
BRDA:336,14,1,0
BRDA:339,15,0,0
BRDA:339,15,1,0
BRDA:345,16,0,80
BRDA:345,17,0,83
BRDA:345,18,0,83
BRDA:345,19,0,83
BRDA:345,20,0,20
BRDA:383,21,0,83
BRDA:383,21,1,83
BRDA:383,21,2,0
BRDA:383,21,3,0
BRDA:383,21,4,0
BRDA:396,22,0,15
BRDA:396,22,1,0
BRDA:405,23,0,15
BRDA:405,23,1,0
BRDA:420,24,0,0
BRDA:420,24,1,0
BRDA:423,25,0,0
BRDA:423,25,1,0
BRDA:425,26,0,0
BRDA:425,26,1,0
BRDA:428,27,0,0
BRDA:428,27,1,0
BRDA:434,28,0,0
BRDA:434,28,1,0
BRDA:435,29,0,0
BRDA:435,29,1,0
BRDA:452,30,0,0
BRDA:452,30,1,5
BRDA:457,31,0,1
BRDA:457,31,1,4
BRDA:463,32,0,4
BRDA:463,32,1,0
BRDA:479,33,0,0
BRDA:479,33,1,0
BRDA:484,34,0,3
BRDA:484,34,1,2
BRDA:489,35,0,0
BRDA:489,35,1,2
BRDA:491,36,0,0
BRDA:491,36,1,0
BRDA:495,37,0,2
BRDA:495,37,1,0
BRDA:497,38,0,1
BRDA:497,38,1,1
BRDA:498,39,0,1
BRDA:498,39,1,1
BRDA:502,40,0,0
BRDA:502,40,1,0
BRDA:504,41,0,0
BRDA:504,41,1,0
BRDA:505,42,0,0
BRDA:505,42,1,0
BRDA:509,43,0,0
BRDA:515,44,0,27
BRDA:515,44,1,27
BRDA:516,45,0,27
BRDA:516,45,1,26
BRDA:516,45,2,25
BRDA:516,45,3,25
BRDA:518,46,0,0
BRDA:518,46,1,27
BRDA:518,47,0,27
BRDA:518,47,1,0
BRDA:539,48,0,5
BRDA:539,48,1,15
BRDA:541,49,0,3
BRDA:541,49,1,2
BRDA:551,50,0,0
BRDA:551,50,1,15
BRDA:553,51,0,0
BRDA:553,51,1,0
BRDA:554,52,0,0
BRDA:554,52,1,0
BRDA:555,53,0,0
BRDA:555,53,1,0
BRDA:556,54,0,0
BRDA:556,54,1,0
BRDA:564,55,0,8
BRDA:564,55,1,27
BRDA:578,56,0,26
BRDA:578,56,1,0
BRDA:582,57,0,2
BRDA:582,57,1,0
BRDA:594,58,0,0
BRDA:594,58,1,0
BRDA:594,58,2,0
BRDA:602,59,0,0
BRDA:602,59,1,0
BRDA:602,60,0,0
BRDA:602,60,1,0
BRDA:606,61,0,0
BRDA:606,61,1,0
BRDA:616,62,0,0
BRDA:616,62,1,0
BRDA:616,63,0,0
BRDA:616,63,1,0
BRDA:622,64,0,0
BRDA:622,64,1,0
BRDA:628,65,0,0
BRDA:628,65,1,0
BRDA:644,66,0,83
BRDA:644,66,1,0
BRDA:647,67,0,0
BRDA:647,67,1,0
BRDA:654,68,0,0
BRDA:654,68,1,0
BRDA:661,69,0,0
BRDA:661,69,1,0
BRDA:663,70,0,0
BRDA:663,70,1,0
BRDA:674,71,0,0
BRDA:674,71,1,0
BRDA:686,72,0,0
BRDA:686,72,1,0
BRDA:687,73,0,0
BRDA:687,73,1,0
BRDA:695,74,0,0
BRDA:695,74,1,0
BRDA:700,75,0,0
BRDA:700,75,1,0
BRDA:706,76,0,0
BRDA:706,76,1,0
BRDA:717,77,0,0
BRDA:717,77,1,0
BRDA:717,77,2,0
BRDA:731,78,0,83
BRDA:731,78,1,0
BRDA:732,79,0,83
BRDA:732,79,1,0
BRDA:733,80,0,83
BRDA:733,80,1,0
BRDA:735,81,0,0
BRDA:735,81,1,83
BRDA:750,82,0,83
BRDA:750,82,1,0
BRDA:751,83,0,83
BRDA:751,83,1,0
BRDA:752,84,0,83
BRDA:752,84,1,0
BRDA:756,85,0,0
BRDA:756,85,1,83
BRDA:757,86,0,0
BRDA:757,86,1,83
BRDA:758,87,0,0
BRDA:758,87,1,83
BRDA:760,88,0,0
BRDA:760,88,1,83
BRDA:768,89,0,83
BRDA:768,89,1,0
BRDA:778,90,0,0
BRDA:778,90,1,0
BRDA:779,91,0,0
BRDA:779,91,1,0
BRDA:784,92,0,83
BRDA:784,92,1,70
BRDA:797,93,0,0
BRDA:797,93,1,0
BRDA:800,94,0,0
BRDA:800,94,1,0
BRDA:809,95,0,0
BRDA:809,95,1,0
BRDA:812,96,0,0
BRDA:812,96,1,0
BRDA:838,97,0,0
BRDA:838,97,1,0
BRDA:842,98,0,0
BRDA:842,98,1,0
BRDA:842,99,0,0
BRDA:842,99,1,0
BRDA:903,100,0,1
BRDA:903,100,1,69
BRDA:904,101,0,1
BRDA:904,101,1,69
BRDA:905,102,0,1
BRDA:905,102,1,69
BRDA:908,103,0,0
BRDA:908,103,1,0
BRDA:914,104,0,0
BRDA:914,104,1,0
BRDA:928,105,0,70
BRDA:928,105,1,15
BRDA:965,106,0,83
BRDA:965,106,1,1
BRDA:981,107,0,1
BRDA:981,107,1,0
BRDA:1034,108,0,0
BRDA:1034,108,1,0
BRDA:1036,109,0,0
BRDA:1036,109,1,0
BRDA:1037,110,0,0
BRDA:1037,110,1,0
BRDA:1052,111,0,0
BRDA:1052,111,1,0
BRDA:1054,112,0,0
BRDA:1054,112,1,0
BRDA:1055,113,0,0
BRDA:1055,113,1,0
BRDA:1070,114,0,0
BRDA:1070,114,1,0
BRDA:1072,115,0,0
BRDA:1072,115,1,0
BRDA:1073,116,0,0
BRDA:1073,116,1,0
BRDA:1088,117,0,0
BRDA:1088,117,1,0
BRDA:1089,118,0,0
BRDA:1089,118,1,0
BRDA:1098,119,0,83
BRDA:1098,119,1,70
BRDA:1098,119,2,2
BRDA:1113,120,0,83
BRDA:1113,120,1,70
BRDA:1113,120,2,27
BRDA:1146,121,0,83
BRDA:1146,121,1,70
BRDA:1154,122,0,70
BRDA:1154,122,1,70
BRDA:1172,123,0,1
BRDA:1172,123,1,1
BRDA:1223,124,0,70
BRDA:1223,124,1,70
BRDA:1223,124,2,43
BRDA:1223,124,3,42
BRDA:1223,124,4,40
BRDA:1232,125,0,0
BRDA:1232,125,1,40
BRDA:1241,126,0,83
BRDA:1241,126,1,0
BRDA:1311,127,0,0
BRDA:1311,127,1,0
BRDA:1340,128,0,0
BRDA:1340,128,1,0
BRDA:1342,129,0,0
BRDA:1342,129,1,0
BRDA:1343,130,0,0
BRDA:1343,130,1,0
BRDA:1373,131,0,0
BRDA:1373,131,1,0
BRDA:1373,132,0,0
BRDA:1373,132,1,0
BRDA:1374,133,0,0
BRDA:1374,133,1,0
BRDA:1375,134,0,0
BRDA:1375,134,1,0
BRDA:1376,135,0,0
BRDA:1376,135,1,0
BRDA:1386,136,0,0
BRDA:1386,136,1,0
BRDA:1399,137,0,0
BRDA:1399,137,1,0
BRDA:1403,138,0,0
BRDA:1403,138,1,0
BRDA:1409,139,0,0
BRDA:1409,139,1,0
BRDA:1424,140,0,0
BRDA:1424,140,1,0
BRDA:1443,141,0,0
BRDA:1443,141,1,0
BRDA:1449,142,0,0
BRDA:1449,142,1,0
BRDA:1449,142,2,0
BRDA:1452,143,0,0
BRDA:1452,143,1,0
BRDA:1452,143,2,0
BRDA:1452,143,3,0
BRDA:1455,144,0,0
BRDA:1455,144,1,0
BRDA:1465,145,0,83
BRDA:1465,145,1,0
BRDA:1465,145,2,0
BRDA:1506,146,0,0
BRDA:1506,146,1,0
BRDA:1572,147,0,0
BRDA:1572,147,1,0
BRDA:1611,148,0,0
BRDA:1611,148,1,0
BRDA:1617,149,0,0
BRDA:1617,149,1,0
BRDA:1632,150,0,0
BRDA:1632,150,1,0
BRDA:1643,151,0,0
BRDA:1643,151,1,0
BRDA:1647,152,0,0
BRDA:1647,152,1,0
BRDA:1649,153,0,0
BRDA:1649,153,1,0
BRDA:1662,154,0,0
BRDA:1662,154,1,0
BRDA:1665,155,0,0
BRDA:1665,155,1,0
BRDA:1669,156,0,0
BRDA:1669,156,1,0
BRDA:1672,157,0,0
BRDA:1672,157,1,0
BRDA:1679,158,0,0
BRDA:1679,158,1,0
BRDA:1682,159,0,0
BRDA:1682,159,1,0
BRDA:1689,160,0,83
BRDA:1689,160,1,70
BRDA:1689,160,2,0
BRDA:1698,161,0,0
BRDA:1698,161,1,0
BRDA:1703,162,0,0
BRDA:1703,162,1,0
BRDA:1708,163,0,0
BRDA:1708,163,1,0
BRDA:1718,164,0,0
BRDA:1718,164,1,0
BRDA:1718,164,2,0
BRDA:1722,165,0,0
BRDA:1722,165,1,0
BRDA:1723,166,0,0
BRDA:1723,166,1,0
BRDA:1723,167,0,0
BRDA:1723,167,1,0
BRDA:1726,168,0,0
BRDA:1726,168,1,0
BRDA:1726,169,0,0
BRDA:1726,169,1,0
BRDA:1737,170,0,0
BRDA:1737,170,1,0
BRDA:1741,171,0,0
BRDA:1741,171,1,0
BRDA:1746,172,0,0
BRDA:1746,172,1,0
BRDA:1759,173,0,0
BRDA:1759,173,1,0
BRDA:1764,174,0,0
BRDA:1764,174,1,0
BRDA:1769,175,0,0
BRDA:1769,175,1,0
BRDA:1793,176,0,0
BRDA:1793,176,1,0
BRDA:1795,177,0,0
BRDA:1795,177,1,0
BRDA:1804,178,0,83
BRDA:1804,178,1,0
BRDA:1850,179,0,0
BRDA:1850,179,1,0
BRF:372
BRH:100
end_of_record
TN:
SF:src\components\ui\VsumTabs.tsx
FN:28,(anonymous_0)
FN:59,(anonymous_1)
FN:72,(anonymous_2)
FN:77,(anonymous_3)
FN:103,(anonymous_4)
FN:105,(anonymous_5)
FN:106,(anonymous_6)
FN:113,(anonymous_7)
FN:115,(anonymous_8)
FN:117,(anonymous_9)
FN:122,(anonymous_10)
FN:126,(anonymous_11)
FN:129,(anonymous_12)
FN:130,(anonymous_13)
FN:132,(anonymous_14)
FN:140,(anonymous_15)
FN:151,(anonymous_16)
FN:166,(anonymous_17)
FN:167,(anonymous_18)
FN:171,(anonymous_19)
FN:175,(anonymous_20)
FN:176,(anonymous_21)
FN:191,(anonymous_22)
FN:199,(anonymous_23)
FN:213,(anonymous_24)
FN:221,(anonymous_25)
FN:233,(anonymous_26)
FN:238,(anonymous_27)
FN:241,(anonymous_28)
FN:244,(anonymous_29)
FN:269,(anonymous_30)
FN:274,(anonymous_31)
FN:275,(anonymous_32)
FN:297,(anonymous_33)
FN:307,(anonymous_34)
FN:308,(anonymous_35)
FN:318,(anonymous_36)
FN:322,(anonymous_37)
FN:333,(anonymous_38)
FN:334,(anonymous_39)
FN:341,(anonymous_40)
FN:352,(anonymous_41)
FN:374,(anonymous_42)
FN:378,(anonymous_43)
FN:383,(anonymous_44)
FN:404,(anonymous_45)
FN:405,(anonymous_46)
FN:420,(anonymous_47)
FN:421,(anonymous_48)
FN:434,(anonymous_49)
FN:435,(anonymous_50)
FN:454,(anonymous_51)
FN:463,(anonymous_52)
FN:471,(anonymous_53)
FN:472,(anonymous_54)
FN:486,(anonymous_55)
FN:487,(anonymous_56)
FN:517,(anonymous_57)
FN:547,(anonymous_58)
FN:569,(anonymous_59)
FN:570,(anonymous_60)
FN:603,(anonymous_61)
FN:710,(anonymous_62)
FN:713,(anonymous_63)
FN:736,(anonymous_64)
FN:739,(anonymous_65)
FN:771,(anonymous_66)
FN:774,(anonymous_67)
FN:815,(anonymous_68)
FN:823,(anonymous_69)
FN:848,(anonymous_70)
FN:854,(anonymous_71)
FN:875,(anonymous_72)
FN:886,(anonymous_73)
FNF:74
FNH:14
FNDA:0,(anonymous_0)
FNDA:0,(anonymous_1)
FNDA:0,(anonymous_2)
FNDA:22,(anonymous_3)
FNDA:0,(anonymous_4)
FNDA:0,(anonymous_5)
FNDA:0,(anonymous_6)
FNDA:0,(anonymous_7)
FNDA:0,(anonymous_8)
FNDA:0,(anonymous_9)
FNDA:0,(anonymous_10)
FNDA:9,(anonymous_11)
FNDA:0,(anonymous_12)
FNDA:0,(anonymous_13)
FNDA:0,(anonymous_14)
FNDA:0,(anonymous_15)
FNDA:45,(anonymous_16)
FNDA:21,(anonymous_17)
FNDA:20,(anonymous_18)
FNDA:11,(anonymous_19)
FNDA:9,(anonymous_20)
FNDA:9,(anonymous_21)
FNDA:12,(anonymous_22)
FNDA:0,(anonymous_23)
FNDA:0,(anonymous_24)
FNDA:0,(anonymous_25)
FNDA:0,(anonymous_26)
FNDA:0,(anonymous_27)
FNDA:0,(anonymous_28)
FNDA:0,(anonymous_29)
FNDA:0,(anonymous_30)
FNDA:0,(anonymous_31)
FNDA:0,(anonymous_32)
FNDA:0,(anonymous_33)
FNDA:0,(anonymous_34)
FNDA:0,(anonymous_35)
FNDA:0,(anonymous_36)
FNDA:0,(anonymous_37)
FNDA:0,(anonymous_38)
FNDA:0,(anonymous_39)
FNDA:0,(anonymous_40)
FNDA:0,(anonymous_41)
FNDA:0,(anonymous_42)
FNDA:0,(anonymous_43)
FNDA:0,(anonymous_44)
FNDA:0,(anonymous_45)
FNDA:0,(anonymous_46)
FNDA:0,(anonymous_47)
FNDA:0,(anonymous_48)
FNDA:0,(anonymous_49)
FNDA:0,(anonymous_50)
FNDA:0,(anonymous_51)
FNDA:0,(anonymous_52)
FNDA:0,(anonymous_53)
FNDA:0,(anonymous_54)
FNDA:0,(anonymous_55)
FNDA:0,(anonymous_56)
FNDA:21,(anonymous_57)
FNDA:23,(anonymous_58)
FNDA:1,(anonymous_59)
FNDA:1,(anonymous_60)
FNDA:1,(anonymous_61)
FNDA:0,(anonymous_62)
FNDA:0,(anonymous_63)
FNDA:0,(anonymous_64)
FNDA:0,(anonymous_65)
FNDA:0,(anonymous_66)
FNDA:0,(anonymous_67)
FNDA:0,(anonymous_68)
FNDA:0,(anonymous_69)
FNDA:0,(anonymous_70)
FNDA:0,(anonymous_71)
FNDA:0,(anonymous_72)
FNDA:0,(anonymous_73)
DA:7,1
DA:28,1
DA:33,0
DA:34,0
DA:36,0
DA:38,0
DA:42,0
DA:45,0
DA:48,0
DA:49,0
DA:52,0
DA:53,0
DA:56,0
DA:59,1
DA:60,0
DA:61,0
DA:63,0
DA:64,0
DA:65,0
DA:66,0
DA:69,0
DA:72,1
DA:73,0
DA:74,0
DA:77,1
DA:86,22
DA:87,22
DA:88,22
DA:89,22
DA:90,22
DA:91,22
DA:93,22
DA:98,22
DA:99,22
DA:100,22
DA:101,22
DA:103,22
DA:104,0
DA:105,0
DA:106,0
DA:107,0
DA:108,0
DA:110,0
DA:113,22
DA:114,0
DA:115,0
DA:116,0
DA:118,0
DA:119,0
DA:120,0
DA:122,0
DA:123,0
DA:126,22
DA:128,9
DA:129,0
DA:130,0
DA:132,9
DA:137,9
DA:140,22
DA:141,0
DA:142,0
DA:143,0
DA:144,0
DA:145,0
DA:146,0
DA:148,0
DA:151,22
DA:152,45
DA:156,0
DA:157,0
DA:160,0
DA:161,0
DA:166,22
DA:167,21
DA:168,21
DA:169,21
DA:171,11
DA:172,11
DA:173,11
DA:174,11
DA:175,9
DA:176,9
DA:177,9
DA:182,1
DA:186,11
DA:191,22
DA:192,12
DA:193,12
DA:194,12
DA:197,0
DA:199,0
DA:200,0
DA:201,0
DA:202,0
DA:203,0
DA:206,0
DA:210,0
DA:211,0
DA:213,0
DA:214,0
DA:215,0
DA:221,22
DA:222,0
DA:223,0
DA:224,0
DA:225,0
DA:227,0
DA:230,0
DA:233,22
DA:234,0
DA:238,22
DA:239,0
DA:240,0
DA:241,0
DA:244,22
DA:250,0
DA:251,0
DA:255,0
DA:256,0
DA:258,0
DA:264,0
DA:265,0
DA:269,0
DA:273,0
DA:274,0
DA:275,0
DA:276,0
DA:278,0
DA:279,0
DA:283,0
DA:288,0
DA:293,0
DA:297,22
DA:298,0
DA:299,0
DA:301,0
DA:303,0
DA:306,0
DA:307,0
DA:308,0
DA:310,0
DA:314,0
DA:317,0
DA:319,0
DA:322,0
DA:330,0
DA:333,0
DA:334,0
DA:338,0
DA:339,0
DA:340,0
DA:342,0
DA:343,0
DA:344,0
DA:346,0
DA:347,0
DA:352,0
DA:353,0
DA:358,0
DA:361,0
DA:363,0
DA:371,0
DA:372,0
DA:373,0
DA:374,0
DA:375,0
DA:377,0
DA:378,0
DA:379,0
DA:383,0
DA:391,0
DA:393,0
DA:394,0
DA:396,0
DA:397,0
DA:398,0
DA:400,0
DA:404,22
DA:405,0
DA:406,0
DA:407,0
DA:408,0
DA:409,0
DA:411,0
DA:412,0
DA:420,22
DA:421,0
DA:422,0
DA:425,0
DA:426,0
DA:427,0
DA:428,0
DA:431,0
DA:434,22
DA:435,0
DA:436,0
DA:438,0
DA:439,0
DA:440,0
DA:441,0
DA:444,0
DA:445,0
DA:446,0
DA:447,0
DA:448,0
DA:449,0
DA:450,0
DA:451,0
DA:453,0
DA:454,0
DA:456,0
DA:461,0
DA:462,0
DA:463,0
DA:465,0
DA:471,22
DA:472,0
DA:473,0
DA:474,0
DA:477,0
DA:478,0
DA:479,0
DA:480,0
DA:483,0
DA:486,22
DA:487,0
DA:488,0
DA:489,0
DA:491,0
DA:492,0
DA:494,0
DA:495,0
DA:497,0
DA:499,0
DA:501,0
DA:506,0
DA:507,0
DA:509,0
DA:515,22
DA:517,21
DA:518,21
DA:524,21
DA:548,23
DA:549,23
DA:550,23
DA:552,23
DA:569,1
DA:571,1
DA:572,1
DA:573,1
DA:604,1
DA:606,1
DA:607,1
DA:608,0
DA:610,1
DA:711,0
DA:714,0
DA:737,0
DA:740,0
DA:772,0
DA:775,0
DA:817,0
DA:823,0
DA:849,0
DA:850,0
DA:851,0
DA:854,0
DA:876,0
DA:877,0
DA:880,0
DA:881,0
DA:882,0
DA:883,0
DA:888,0
LF:274
LH:68
BRDA:33,0,0,0
BRDA:33,0,1,0
BRDA:36,1,0,0
BRDA:36,1,1,0
BRDA:36,2,0,0
BRDA:36,2,1,0
BRDA:38,3,0,0
BRDA:38,3,1,0
BRDA:38,4,0,0
BRDA:38,4,1,0
BRDA:42,5,0,0
BRDA:42,5,1,0
BRDA:42,6,0,0
BRDA:42,6,1,0
BRDA:48,7,0,0
BRDA:48,7,1,0
BRDA:48,8,0,0
BRDA:48,8,1,0
BRDA:52,9,0,0
BRDA:52,9,1,0
BRDA:52,10,0,0
BRDA:52,10,1,0
BRDA:60,11,0,0
BRDA:60,11,1,0
BRDA:60,12,0,0
BRDA:60,12,1,0
BRDA:60,12,2,0
BRDA:63,13,0,0
BRDA:63,13,1,0
BRDA:65,14,0,0
BRDA:65,14,1,0
BRDA:65,15,0,0
BRDA:65,15,1,0
BRDA:103,16,0,0
BRDA:103,17,0,0
BRDA:104,18,0,0
BRDA:104,18,1,0
BRDA:108,19,0,0
BRDA:108,19,1,0
BRDA:115,20,0,0
BRDA:115,20,1,0
BRDA:116,21,0,0
BRDA:116,21,1,0
BRDA:119,22,0,0
BRDA:119,22,1,0
BRDA:128,23,0,9
BRDA:128,23,1,9
BRDA:132,24,0,9
BRDA:132,24,1,9
BRDA:135,25,0,0
BRDA:135,25,1,0
BRDA:143,26,0,0
BRDA:143,26,1,0
BRDA:144,27,0,0
BRDA:144,27,1,0
BRDA:146,28,0,0
BRDA:146,28,1,0
BRDA:152,29,0,45
BRDA:152,29,1,0
BRDA:156,30,0,0
BRDA:156,30,1,0
BRDA:156,31,0,0
BRDA:156,31,1,0
BRDA:160,32,0,0
BRDA:160,32,1,0
BRDA:169,33,0,10
BRDA:169,33,1,11
BRDA:169,34,0,21
BRDA:169,34,1,20
BRDA:177,35,0,0
BRDA:177,35,1,9
BRDA:182,36,0,1
BRDA:182,36,1,0
BRDA:192,37,0,12
BRDA:192,37,1,0
BRDA:192,38,0,12
BRDA:192,38,1,0
BRDA:202,39,0,0
BRDA:202,39,1,0
BRDA:223,40,0,0
BRDA:223,40,1,0
BRDA:223,41,0,0
BRDA:223,41,1,0
BRDA:230,42,0,0
BRDA:230,42,1,0
BRDA:234,43,0,0
BRDA:234,43,1,0
BRDA:234,43,2,0
BRDA:240,44,0,0
BRDA:240,44,1,0
BRDA:253,45,0,0
BRDA:253,45,1,0
BRDA:264,46,0,0
BRDA:264,46,1,0
BRDA:264,47,0,0
BRDA:264,47,1,0
BRDA:275,48,0,0
BRDA:275,48,1,0
BRDA:299,49,0,0
BRDA:299,49,1,0
BRDA:303,50,0,0
BRDA:303,50,1,0
BRDA:310,51,0,0
BRDA:310,51,1,0
BRDA:314,52,0,0
BRDA:314,52,1,0
BRDA:317,53,0,0
BRDA:317,53,1,0
BRDA:319,54,0,0
BRDA:319,54,1,0
BRDA:334,55,0,0
BRDA:334,55,1,0
BRDA:353,56,0,0
BRDA:353,56,1,0
BRDA:361,57,0,0
BRDA:361,57,1,0
BRDA:366,58,0,0
BRDA:366,58,1,0
BRDA:396,59,0,0
BRDA:396,59,1,0
BRDA:407,60,0,0
BRDA:407,60,1,0
BRDA:413,61,0,0
BRDA:413,61,1,0
BRDA:422,62,0,0
BRDA:422,62,1,0
BRDA:426,63,0,0
BRDA:426,63,1,0
BRDA:436,64,0,0
BRDA:436,64,1,0
BRDA:474,65,0,0
BRDA:474,65,1,0
BRDA:478,66,0,0
BRDA:478,66,1,0
BRDA:489,67,0,0
BRDA:489,67,1,0
BRDA:497,68,0,0
BRDA:497,68,1,0
BRDA:515,69,0,1
BRDA:515,69,1,21
BRDA:518,70,0,21
BRDA:518,70,1,0
BRDA:534,71,0,0
BRDA:534,71,1,21
BRDA:549,72,0,23
BRDA:549,72,1,14
BRDA:562,73,0,21
BRDA:562,73,1,2
BRDA:563,74,0,21
BRDA:563,74,1,2
BRDA:565,75,0,21
BRDA:565,75,1,2
BRDA:567,76,0,21
BRDA:567,76,1,2
BRDA:571,77,0,1
BRDA:571,77,1,0
BRDA:571,78,0,1
BRDA:571,78,1,0
BRDA:579,79,0,23
BRDA:579,79,1,0
BRDA:607,80,0,0
BRDA:607,80,1,1
BRDA:607,81,0,1
BRDA:607,81,1,0
BRDA:637,82,0,21
BRDA:637,82,1,21
BRDA:639,83,0,21
BRDA:639,83,1,0
BRDA:654,84,0,21
BRDA:654,84,1,1
BRDA:677,85,0,21
BRDA:677,85,1,21
BRDA:683,86,0,0
BRDA:683,86,1,21
BRDA:686,87,0,0
BRDA:686,87,1,21
BRDA:686,88,0,21
BRDA:686,88,1,21
BRDA:690,89,0,0
BRDA:690,89,1,21
BRDA:695,90,0,21
BRDA:695,90,1,21
BRDA:701,91,0,0
BRDA:701,91,1,21
BRDA:704,92,0,0
BRDA:704,92,1,21
BRDA:704,93,0,21
BRDA:704,93,1,21
BRDA:711,94,0,0
BRDA:711,94,1,0
BRDA:711,95,0,0
BRDA:711,95,1,0
BRDA:714,96,0,0
BRDA:714,96,1,0
BRDA:714,97,0,0
BRDA:714,97,1,0
BRDA:717,98,0,0
BRDA:717,98,1,21
BRDA:718,99,0,0
BRDA:718,99,1,21
BRDA:721,100,0,21
BRDA:721,100,1,0
BRDA:730,101,0,0
BRDA:730,101,1,0
BRDA:733,102,0,0
BRDA:733,102,1,0
BRDA:737,103,0,0
BRDA:737,103,1,0
BRDA:740,104,0,0
BRDA:740,104,1,0
BRDA:743,105,0,0
BRDA:743,105,1,0
BRDA:751,106,0,21
BRDA:751,106,1,2
BRDA:751,106,2,2
BRDA:782,107,0,21
BRDA:782,107,1,0
BRDA:849,108,0,0
BRDA:849,108,1,0
BRDA:863,109,0,0
BRDA:863,109,1,21
BRDA:880,110,0,0
BRDA:880,110,1,0
BRDA:882,111,0,0
BRDA:882,111,1,0
BRF:225
BRH:58
end_of_record
TN:
SF:src\services\api.ts
FN:12,(anonymous_0)
FN:25,(anonymous_1)
FN:37,(anonymous_2)
FN:60,(anonymous_3)
FN:71,(anonymous_4)
FN:85,(anonymous_5)
FN:119,(anonymous_6)
FN:165,(anonymous_7)
FN:195,(anonymous_8)
FN:202,(anonymous_9)
FN:212,(anonymous_10)
FN:222,(anonymous_11)
FN:232,(anonymous_12)
FN:241,(anonymous_13)
FN:251,(anonymous_14)
FN:264,(anonymous_15)
FN:271,(anonymous_16)
FN:278,(anonymous_17)
FN:287,(anonymous_18)
FN:339,(anonymous_19)
FN:353,(anonymous_20)
FN:384,(anonymous_21)
FN:420,(anonymous_22)
FN:442,(anonymous_23)
FN:449,(anonymous_24)
FN:483,(anonymous_25)
FN:490,(anonymous_26)
FN:507,(anonymous_27)
FN:516,(anonymous_28)
FN:525,(anonymous_29)
FN:541,(anonymous_30)
FN:556,(anonymous_31)
FN:567,(anonymous_32)
FN:620,(anonymous_33)
FN:630,(anonymous_34)
FN:641,(anonymous_35)
FN:651,(anonymous_36)
FN:665,(anonymous_37)
FN:672,(anonymous_38)
FN:680,(anonymous_39)
FN:687,(anonymous_40)
FN:696,(anonymous_41)
FN:706,(anonymous_42)
FN:716,(anonymous_43)
FN:725,(anonymous_44)
FN:740,(anonymous_45)
FN:752,(anonymous_46)
FN:759,(anonymous_47)
FN:774,(anonymous_48)
FNF:49
FNH:13
FNDA:4,(anonymous_0)
FNDA:1,(anonymous_1)
FNDA:4,(anonymous_2)
FNDA:3,(anonymous_3)
FNDA:2,(anonymous_4)
FNDA:1,(anonymous_5)
FNDA:11,(anonymous_6)
FNDA:3,(anonymous_7)
FNDA:0,(anonymous_8)
FNDA:0,(anonymous_9)
FNDA:0,(anonymous_10)
FNDA:0,(anonymous_11)
FNDA:0,(anonymous_12)
FNDA:0,(anonymous_13)
FNDA:0,(anonymous_14)
FNDA:0,(anonymous_15)
FNDA:0,(anonymous_16)
FNDA:0,(anonymous_17)
FNDA:0,(anonymous_18)
FNDA:1,(anonymous_19)
FNDA:0,(anonymous_20)
FNDA:3,(anonymous_21)
FNDA:1,(anonymous_22)
FNDA:0,(anonymous_23)
FNDA:3,(anonymous_24)
FNDA:0,(anonymous_25)
FNDA:0,(anonymous_26)
FNDA:0,(anonymous_27)
FNDA:2,(anonymous_28)
FNDA:0,(anonymous_29)
FNDA:0,(anonymous_30)
FNDA:0,(anonymous_31)
FNDA:0,(anonymous_32)
FNDA:0,(anonymous_33)
FNDA:0,(anonymous_34)
FNDA:0,(anonymous_35)
FNDA:0,(anonymous_36)
FNDA:0,(anonymous_37)
FNDA:0,(anonymous_38)
FNDA:0,(anonymous_39)
FNDA:0,(anonymous_40)
FNDA:0,(anonymous_41)
FNDA:0,(anonymous_42)
FNDA:0,(anonymous_43)
FNDA:0,(anonymous_44)
FNDA:0,(anonymous_45)
FNDA:0,(anonymous_46)
FNDA:0,(anonymous_47)
FNDA:0,(anonymous_48)
DA:7,2
DA:13,4
DA:14,4
DA:15,4
DA:16,4
DA:18,0
DA:26,1
DA:27,1
DA:28,1
DA:30,0
DA:38,4
DA:40,4
DA:45,4
DA:46,4
DA:54,4
DA:61,3
DA:62,3
DA:64,0
DA:77,2
DA:78,2
DA:79,2
DA:90,1
DA:91,1
DA:92,1
DA:93,1
DA:94,0
DA:97,1
DA:105,1
DA:106,0
DA:109,1
DA:111,0
DA:112,0
DA:123,11
DA:125,11
DA:126,1
DA:129,10
DA:130,10
DA:136,10
DA:141,9
DA:143,6
DA:144,4
DA:145,4
DA:148,3
DA:152,3
DA:153,1
DA:154,1
DA:155,1
DA:159,2
DA:169,3
DA:170,3
DA:175,3
DA:180,3
DA:181,2
DA:182,2
DA:183,2
DA:185,2
DA:186,2
DA:189,1
DA:196,0
DA:203,0
DA:213,0
DA:223,0
DA:233,0
DA:242,0
DA:252,0
DA:253,0
DA:255,0
DA:265,0
DA:272,0
DA:279,0
DA:288,0
DA:290,0
DA:291,0
DA:294,0
DA:295,0
DA:299,0
DA:304,0
DA:305,0
DA:306,0
DA:307,0
DA:308,0
DA:309,0
DA:310,0
DA:317,0
DA:318,0
DA:321,0
DA:324,0
DA:327,0
DA:330,0
DA:345,1
DA:346,1
DA:347,1
DA:358,0
DA:359,0
DA:360,0
DA:361,0
DA:362,0
DA:365,0
DA:373,0
DA:374,0
DA:377,0
DA:379,0
DA:380,0
DA:385,3
DA:387,3
DA:388,1
DA:391,2
DA:392,2
DA:394,2
DA:396,2
DA:402,2
DA:403,1
DA:406,1
DA:407,0
DA:408,0
DA:409,0
DA:413,1
DA:429,1
DA:433,1
DA:443,0
DA:463,3
DA:464,3
DA:467,3
DA:472,3
DA:474,3
DA:484,0
DA:498,0
DA:508,0
DA:517,2
DA:530,0
DA:535,0
DA:545,0
DA:549,0
DA:557,0
DA:568,0
DA:570,0
DA:571,0
DA:574,0
DA:575,0
DA:579,0
DA:584,0
DA:585,0
DA:588,0
DA:589,0
DA:590,0
DA:591,0
DA:592,0
DA:593,0
DA:600,0
DA:601,0
DA:602,0
DA:605,0
DA:608,0
DA:612,0
DA:613,0
DA:614,0
DA:621,0
DA:634,0
DA:642,0
DA:659,0
DA:666,0
DA:673,0
DA:681,0
DA:688,0
DA:697,0
DA:707,0
DA:717,0
DA:726,0
DA:730,0
DA:741,0
DA:754,0
DA:755,0
DA:756,0
DA:763,0
DA:765,0
DA:766,0
DA:769,0
DA:770,0
DA:772,0
DA:774,0
DA:775,0
DA:783,0
DA:784,0
DA:785,0
DA:786,0
DA:788,0
DA:789,0
DA:790,0
DA:791,0
DA:794,0
DA:796,0
DA:799,0
DA:802,0
DA:804,0
DA:807,0
DA:808,0
DA:809,0
DA:810,0
DA:811,0
DA:812,0
DA:815,0
DA:818,0
DA:826,2
LF:203
LH:74
BRDA:13,0,0,0
BRDA:13,0,1,4
BRDA:16,1,0,4
BRDA:16,1,1,0
BRDA:16,2,0,4
BRDA:16,2,1,4
BRDA:28,3,0,1
BRDA:28,3,1,0
BRDA:28,3,2,0
BRDA:40,4,0,4
BRDA:40,4,1,4
BRDA:40,4,2,0
BRDA:40,4,3,0
BRDA:40,4,4,0
BRDA:40,4,5,0
BRDA:47,5,0,4
BRDA:47,5,1,0
BRDA:51,6,0,0
BRDA:51,6,1,0
BRDA:93,7,0,0
BRDA:93,7,1,1
BRDA:105,8,0,0
BRDA:105,8,1,1
BRDA:106,9,0,0
BRDA:106,9,1,0
BRDA:121,10,0,4
BRDA:125,11,0,1
BRDA:125,11,1,10
BRDA:141,12,0,6
BRDA:141,12,1,3
BRDA:143,13,0,2
BRDA:143,13,1,4
BRDA:145,14,0,4
BRDA:145,14,1,0
BRDA:148,15,0,3
BRDA:148,15,1,3
BRDA:152,16,0,1
BRDA:152,16,1,2
BRDA:152,17,0,3
BRDA:152,17,1,1
BRDA:154,18,0,1
BRDA:154,18,1,0
BRDA:159,19,0,2
BRDA:159,19,1,1
BRDA:167,20,0,3
BRDA:180,21,0,2
BRDA:180,21,1,1
BRDA:252,22,0,0
BRDA:252,22,1,0
BRDA:253,23,0,0
BRDA:253,23,1,0
BRDA:290,24,0,0
BRDA:290,24,1,0
BRDA:304,25,0,0
BRDA:304,25,1,0
BRDA:305,26,0,0
BRDA:305,26,1,0
BRDA:309,27,0,0
BRDA:309,27,1,0
BRDA:317,28,0,0
BRDA:317,28,1,0
BRDA:361,29,0,0
BRDA:361,29,1,0
BRDA:373,30,0,0
BRDA:373,30,1,0
BRDA:387,31,0,1
BRDA:387,31,1,2
BRDA:402,32,0,1
BRDA:402,32,1,1
BRDA:406,33,0,0
BRDA:406,33,1,1
BRDA:408,34,0,0
BRDA:408,34,1,0
BRDA:431,35,0,1
BRDA:431,35,1,1
BRDA:463,36,0,3
BRDA:463,36,1,3
BRDA:464,37,0,3
BRDA:464,37,1,3
BRDA:526,38,0,0
BRDA:527,39,0,0
BRDA:528,40,0,0
BRDA:542,41,0,0
BRDA:543,42,0,0
BRDA:570,43,0,0
BRDA:570,43,1,0
BRDA:584,44,0,0
BRDA:584,44,1,0
BRDA:588,45,0,0
BRDA:588,45,1,0
BRDA:592,46,0,0
BRDA:592,46,1,0
BRDA:600,47,0,0
BRDA:600,47,1,0
BRDA:754,48,0,0
BRDA:754,48,1,0
BRDA:755,49,0,0
BRDA:755,49,1,0
BRDA:765,50,0,0
BRDA:765,50,1,0
BRDA:783,51,0,0
BRDA:783,51,1,0
BRDA:791,52,0,0
BRDA:791,52,1,0
BRDA:791,52,2,0
BRDA:807,53,0,0
BRDA:807,53,1,0
BRDA:807,54,0,0
BRDA:807,54,1,0
BRDA:811,55,0,0
BRDA:811,55,1,0
BRF:111
BRH:41
end_of_record
