TN:
SF:src\components\canvas\UMLDiagram.tsx
FN:27,boxH
FN:33,getLayoutMetrics
FN:46,(anonymous_2)
FN:47,(anonymous_3)
FN:48,(anonymous_4)
FN:49,(anonymous_5)
FN:62,edgePt
FN:89,multiplicityPosition
FN:113,edgeState
FN:131,markerUrl
FN:136,resolveMarkers
FN:143,applyParallelOffset
FN:173,(anonymous_12)
FN:194,(anonymous_13)
FN:228,(anonymous_14)
FN:233,(anonymous_15)
FN:234,(anonymous_16)
FN:238,(anonymous_17)
FN:248,(anonymous_18)
FN:256,(anonymous_19)
FN:258,(anonymous_20)
FN:261,(anonymous_21)
FN:264,(anonymous_22)
FN:266,(anonymous_23)
FN:277,(anonymous_24)
FN:282,(anonymous_25)
FN:284,(anonymous_26)
FN:288,(anonymous_27)
FN:298,(anonymous_28)
FN:302,(anonymous_29)
FN:308,(anonymous_30)
FN:323,(anonymous_31)
FN:325,(anonymous_32)
FN:326,(anonymous_33)
FN:327,(anonymous_34)
FN:333,(anonymous_35)
FN:357,(anonymous_36)
FN:360,(anonymous_37)
FN:363,(anonymous_38)
FN:380,(anonymous_39)
FN:383,(anonymous_40)
FN:390,(anonymous_41)
FN:397,(anonymous_42)
FN:406,(anonymous_43)
FN:407,(anonymous_44)
FN:407,(anonymous_45)
FN:410,(anonymous_46)
FN:411,(anonymous_47)
FN:411,(anonymous_48)
FN:415,(anonymous_49)
FN:416,(anonymous_50)
FN:416,(anonymous_51)
FN:418,(anonymous_52)
FN:423,(anonymous_53)
FN:425,(anonymous_54)
FN:425,(anonymous_55)
FN:429,(anonymous_56)
FN:430,(anonymous_57)
FN:430,(anonymous_58)
FN:430,(anonymous_59)
FN:464,(anonymous_60)
FN:496,(anonymous_61)
FN:497,(anonymous_62)
FN:498,(anonymous_63)
FN:509,(anonymous_64)
FN:509,(anonymous_65)
FN:518,(anonymous_66)
FN:519,(anonymous_67)
FN:526,(anonymous_68)
FN:535,(anonymous_69)
FN:536,(anonymous_70)
FN:537,(anonymous_71)
FN:538,(anonymous_72)
FN:541,(anonymous_73)
FN:542,(anonymous_74)
FN:543,(anonymous_75)
FN:544,(anonymous_76)
FN:585,(anonymous_77)
FN:592,(anonymous_78)
FN:596,(anonymous_79)
FN:604,(anonymous_80)
FN:636,(anonymous_81)
FN:659,(anonymous_82)
FN:660,(anonymous_83)
FN:661,(anonymous_84)
FN:662,(anonymous_85)
FN:686,(anonymous_86)
FN:692,(anonymous_87)
FN:693,(anonymous_88)
FN:694,(anonymous_89)
FN:695,(anonymous_90)
FN:697,(anonymous_91)
FN:698,(anonymous_92)
FN:725,(anonymous_93)
FN:736,(anonymous_94)
FN:737,(anonymous_95)
FN:743,(anonymous_96)
FN:744,(anonymous_97)
FN:745,(anonymous_98)
FN:778,(anonymous_99)
FN:795,(anonymous_100)
FN:800,(anonymous_101)
FN:801,(anonymous_102)
FNF:103
FNH:54
FNDA:88,boxH
FNDA:18,getLayoutMetrics
FNDA:34,(anonymous_2)
FNDA:34,(anonymous_3)
FNDA:34,(anonymous_4)
FNDA:34,(anonymous_5)
FNDA:50,edgePt
FNDA:2,multiplicityPosition
FNDA:25,edgeState
FNDA:21,markerUrl
FNDA:21,resolveMarkers
FNDA:25,applyParallelOffset
FNDA:21,(anonymous_12)
FNDA:42,(anonymous_13)
FNDA:26,(anonymous_14)
FNDA:15,(anonymous_15)
FNDA:15,(anonymous_16)
FNDA:15,(anonymous_17)
FNDA:15,(anonymous_18)
FNDA:18,(anonymous_19)
FNDA:0,(anonymous_20)
FNDA:5,(anonymous_21)
FNDA:15,(anonymous_22)
FNDA:3,(anonymous_23)
FNDA:15,(anonymous_24)
FNDA:15,(anonymous_25)
FNDA:0,(anonymous_26)
FNDA:14,(anonymous_27)
FNDA:18,(anonymous_28)
FNDA:0,(anonymous_29)
FNDA:2,(anonymous_30)
FNDA:1,(anonymous_31)
FNDA:1,(anonymous_32)
FNDA:1,(anonymous_33)
FNDA:1,(anonymous_34)
FNDA:4,(anonymous_35)
FNDA:15,(anonymous_36)
FNDA:15,(anonymous_37)
FNDA:0,(anonymous_38)
FNDA:14,(anonymous_39)
FNDA:1,(anonymous_40)
FNDA:0,(anonymous_41)
FNDA:1,(anonymous_42)
FNDA:0,(anonymous_43)
FNDA:0,(anonymous_44)
FNDA:0,(anonymous_45)
FNDA:0,(anonymous_46)
FNDA:0,(anonymous_47)
FNDA:0,(anonymous_48)
FNDA:0,(anonymous_49)
FNDA:0,(anonymous_50)
FNDA:0,(anonymous_51)
FNDA:0,(anonymous_52)
FNDA:1,(anonymous_53)
FNDA:1,(anonymous_54)
FNDA:2,(anonymous_55)
FNDA:0,(anonymous_56)
FNDA:0,(anonymous_57)
FNDA:0,(anonymous_58)
FNDA:0,(anonymous_59)
FNDA:0,(anonymous_60)
FNDA:25,(anonymous_61)
FNDA:49,(anonymous_62)
FNDA:26,(anonymous_63)
FNDA:1,(anonymous_64)
FNDA:1,(anonymous_65)
FNDA:0,(anonymous_66)
FNDA:0,(anonymous_67)
FNDA:50,(anonymous_68)
FNDA:1,(anonymous_69)
FNDA:0,(anonymous_70)
FNDA:0,(anonymous_71)
FNDA:0,(anonymous_72)
FNDA:0,(anonymous_73)
FNDA:0,(anonymous_74)
FNDA:1,(anonymous_75)
FNDA:0,(anonymous_76)
FNDA:42,(anonymous_77)
FNDA:0,(anonymous_78)
FNDA:0,(anonymous_79)
FNDA:0,(anonymous_80)
FNDA:1,(anonymous_81)
FNDA:0,(anonymous_82)
FNDA:0,(anonymous_83)
FNDA:0,(anonymous_84)
FNDA:0,(anonymous_85)
FNDA:21,(anonymous_86)
FNDA:0,(anonymous_87)
FNDA:0,(anonymous_88)
FNDA:0,(anonymous_89)
FNDA:0,(anonymous_90)
FNDA:0,(anonymous_91)
FNDA:0,(anonymous_92)
FNDA:21,(anonymous_93)
FNDA:0,(anonymous_94)
FNDA:0,(anonymous_95)
FNDA:0,(anonymous_96)
FNDA:0,(anonymous_97)
FNDA:0,(anonymous_98)
FNDA:0,(anonymous_99)
FNDA:42,(anonymous_100)
FNDA:0,(anonymous_101)
FNDA:0,(anonymous_102)
DA:13,1
DA:14,1
DA:15,1
DA:16,1
DA:17,1
DA:18,1
DA:19,1
DA:20,1
DA:21,1
DA:22,1
DA:23,1
DA:28,88
DA:29,88
DA:30,88
DA:34,18
DA:35,1
DA:46,34
DA:47,34
DA:48,34
DA:49,34
DA:50,17
DA:63,50
DA:64,50
DA:65,50
DA:66,50
DA:67,50
DA:68,50
DA:85,1
DA:86,1
DA:87,1
DA:93,2
DA:94,2
DA:95,2
DA:96,2
DA:97,2
DA:98,2
DA:99,2
DA:100,2
DA:101,2
DA:102,2
DA:103,2
DA:114,25
DA:115,23
DA:116,23
DA:119,1
DA:125,1
DA:132,21
DA:137,21
DA:138,1
DA:139,0
DA:140,0
DA:149,25
DA:150,0
DA:151,0
DA:152,0
DA:153,0
DA:154,0
DA:155,0
DA:173,1
DA:174,21
DA:175,21
DA:176,21
DA:177,21
DA:178,21
DA:179,21
DA:180,21
DA:182,21
DA:195,42
DA:196,2
DA:197,2
DA:228,1
DA:233,26
DA:234,26
DA:235,15
DA:237,26
DA:238,15
DA:241,26
DA:242,26
DA:243,26
DA:244,26
DA:245,26
DA:248,26
DA:249,15
DA:252,15
DA:256,26
DA:257,18
DA:258,5
DA:259,0
DA:261,5
DA:264,26
DA:265,15
DA:266,3
DA:267,3
DA:268,3
DA:269,3
DA:274,26
DA:275,26
DA:277,26
DA:278,15
DA:282,26
DA:283,15
DA:284,14
DA:285,0
DA:286,0
DA:288,14
DA:292,26
DA:293,26
DA:294,26
DA:295,26
DA:296,26
DA:298,26
DA:299,26
DA:300,26
DA:302,26
DA:303,0
DA:304,0
DA:305,0
DA:308,26
DA:309,2
DA:310,2
DA:311,2
DA:312,2
DA:313,2
DA:314,2
DA:315,2
DA:316,2
DA:317,2
DA:318,2
DA:319,2
DA:323,26
DA:324,1
DA:325,1
DA:326,1
DA:328,1
DA:329,1
DA:330,1
DA:331,1
DA:333,4
DA:336,1
DA:337,1
DA:338,1
DA:339,1
DA:344,1
DA:345,1
DA:346,1
DA:347,1
DA:348,1
DA:349,1
DA:350,1
DA:353,1
DA:354,1
DA:357,26
DA:360,26
DA:361,15
DA:362,15
DA:363,14
DA:364,0
DA:365,0
DA:366,0
DA:367,0
DA:368,0
DA:369,0
DA:370,0
DA:371,0
DA:372,0
DA:373,0
DA:374,0
DA:375,0
DA:376,0
DA:377,0
DA:379,14
DA:380,14
DA:383,26
DA:384,1
DA:385,1
DA:386,1
DA:387,1
DA:388,1
DA:389,1
DA:390,1
DA:391,0
DA:392,0
DA:393,0
DA:394,0
DA:395,0
DA:397,1
DA:398,1
DA:399,1
DA:400,1
DA:402,1
DA:403,1
DA:406,26
DA:407,0
DA:410,26
DA:411,0
DA:412,0
DA:415,26
DA:416,0
DA:417,0
DA:418,0
DA:420,0
DA:423,26
DA:424,1
DA:425,2
DA:426,1
DA:429,26
DA:430,0
DA:433,26
DA:434,1
DA:441,25
DA:464,0
DA:497,49
DA:498,26
DA:499,25
DA:501,25
DA:502,25
DA:503,25
DA:504,25
DA:505,25
DA:506,25
DA:508,25
DA:509,25
DA:511,25
DA:518,0
DA:519,0
DA:527,50
DA:535,1
DA:536,0
DA:538,0
DA:539,0
DA:541,0
DA:542,0
DA:543,1
DA:544,0
DA:564,1
DA:585,1
DA:589,42
DA:590,42
DA:592,42
DA:593,0
DA:594,0
DA:595,0
DA:596,0
DA:597,0
DA:598,0
DA:604,0
DA:605,0
DA:606,0
DA:607,0
DA:609,0
DA:610,0
DA:613,42
DA:614,42
DA:616,42
DA:636,1
DA:659,0
DA:660,0
DA:661,0
DA:662,0
DA:687,21
DA:692,0
DA:693,0
DA:694,0
DA:695,0
DA:697,0
DA:698,0
DA:725,1
DA:729,21
DA:730,1
DA:736,0
DA:737,0
DA:743,0
DA:744,0
DA:745,0
DA:752,20
DA:778,0
DA:795,1
DA:796,42
DA:797,42
DA:800,0
DA:801,0
LF:281
LH:201
BRDA:28,0,0,0
BRDA:28,0,1,88
BRDA:28,1,0,88
BRDA:28,1,1,88
BRDA:34,2,0,1
BRDA:34,2,1,17
BRDA:65,3,0,0
BRDA:65,3,1,50
BRDA:65,4,0,50
BRDA:65,4,1,42
BRDA:67,5,0,6
BRDA:67,5,1,44
BRDA:100,6,0,1
BRDA:100,6,1,1
BRDA:101,7,0,1
BRDA:101,7,1,1
BRDA:102,8,0,1
BRDA:102,8,1,1
BRDA:114,9,0,2
BRDA:114,9,1,23
BRDA:115,10,0,0
BRDA:115,10,1,23
BRDA:132,11,0,20
BRDA:132,11,1,1
BRDA:132,12,0,0
BRDA:132,12,1,1
BRDA:137,13,0,20
BRDA:137,13,1,1
BRDA:138,14,0,1
BRDA:138,14,1,0
BRDA:139,15,0,0
BRDA:139,15,1,0
BRDA:149,16,0,25
BRDA:149,16,1,0
BRDA:179,17,0,1
BRDA:179,17,1,20
BRDA:180,18,0,1
BRDA:180,18,1,20
BRDA:187,19,0,21
BRDA:187,19,1,1
BRDA:195,20,0,40
BRDA:195,20,1,2
BRDA:196,21,0,1
BRDA:196,21,1,1
BRDA:198,22,0,1
BRDA:198,22,1,1
BRDA:231,23,0,21
BRDA:235,24,0,3
BRDA:235,24,1,12
BRDA:249,25,0,3
BRDA:249,25,1,12
BRDA:257,26,0,13
BRDA:257,26,1,5
BRDA:265,27,0,12
BRDA:265,27,1,3
BRDA:268,28,0,3
BRDA:268,28,1,0
BRDA:283,29,0,1
BRDA:283,29,1,14
BRDA:283,30,0,15
BRDA:283,30,1,15
BRDA:310,31,0,0
BRDA:310,31,1,2
BRDA:329,32,0,0
BRDA:329,32,1,1
BRDA:329,33,0,1
BRDA:329,33,1,1
BRDA:362,34,0,1
BRDA:362,34,1,14
BRDA:369,35,0,0
BRDA:369,35,1,0
BRDA:384,36,0,0
BRDA:384,36,1,1
BRDA:385,37,0,0
BRDA:385,37,1,1
BRDA:407,38,0,0
BRDA:407,38,1,0
BRDA:411,39,0,0
BRDA:411,39,1,0
BRDA:411,40,0,0
BRDA:411,40,1,0
BRDA:417,41,0,0
BRDA:417,41,1,0
BRDA:418,42,0,0
BRDA:418,42,1,0
BRDA:418,43,0,0
BRDA:418,43,1,0
BRDA:418,44,0,0
BRDA:418,44,1,0
BRDA:425,45,0,1
BRDA:425,45,1,1
BRDA:430,46,0,0
BRDA:430,46,1,0
BRDA:433,47,0,1
BRDA:433,47,1,25
BRDA:448,48,0,2
BRDA:448,48,1,23
BRDA:499,49,0,0
BRDA:499,49,1,25
BRDA:499,50,0,25
BRDA:499,50,1,25
BRDA:506,51,0,25
BRDA:506,51,1,0
BRDA:506,52,0,25
BRDA:506,52,1,0
BRDA:509,53,0,0
BRDA:509,53,1,1
BRDA:533,54,0,4
BRDA:533,54,1,46
BRDA:593,55,0,0
BRDA:593,55,1,0
BRDA:597,56,0,0
BRDA:597,56,1,0
BRDA:613,57,0,42
BRDA:613,57,1,42
BRDA:614,58,0,0
BRDA:614,58,1,42
BRDA:650,59,0,42
BRDA:650,59,1,0
BRDA:652,60,0,0
BRDA:652,60,1,0
BRDA:655,61,0,1
BRDA:655,61,1,41
BRDA:660,62,0,0
BRDA:660,62,1,0
BRDA:660,63,0,0
BRDA:660,63,1,0
BRDA:675,64,0,0
BRDA:675,64,1,41
BRDA:690,65,0,1
BRDA:690,65,1,20
BRDA:690,66,0,21
BRDA:690,66,1,2
BRDA:729,67,0,1
BRDA:729,67,1,20
BRDA:729,68,0,21
BRDA:729,68,1,1
BRDA:737,69,0,0
BRDA:737,69,1,0
BRDA:737,70,0,0
BRDA:737,70,1,0
BRDA:737,71,0,0
BRDA:737,71,1,0
BRDA:744,72,0,0
BRDA:744,72,1,0
BRDA:744,73,0,0
BRDA:744,73,1,0
BRDA:762,74,0,0
BRDA:762,74,1,20
BRDA:773,75,0,20
BRDA:773,75,1,20
BRDA:776,76,0,20
BRDA:776,76,1,0
BRDA:809,77,0,0
BRDA:809,77,1,42
BRF:155
BRH:94
end_of_record
TN:
SF:src\components\layout\AppSidebar.tsx
FN:22,(anonymous_0)
FN:29,(anonymous_1)
FN:36,(anonymous_2)
FN:43,(anonymous_3)
FN:50,(anonymous_4)
FN:57,(anonymous_5)
FN:64,(anonymous_6)
FN:72,(anonymous_7)
FN:78,(anonymous_8)
FN:86,(anonymous_9)
FN:92,(anonymous_10)
FN:107,(anonymous_11)
FN:112,(anonymous_12)
FN:113,(anonymous_13)
FN:132,(anonymous_14)
FN:146,(anonymous_15)
FN:151,(anonymous_16)
FN:152,(anonymous_17)
FN:180,(anonymous_18)
FN:190,(anonymous_19)
FN:217,(anonymous_20)
FN:237,(anonymous_21)
FN:238,(anonymous_22)
FN:286,(anonymous_23)
FN:287,(anonymous_24)
FN:293,(anonymous_25)
FN:301,(anonymous_26)
FN:301,(anonymous_27)
FN:302,(anonymous_28)
FN:303,(anonymous_29)
FNF:30
FNH:18
FNDA:17,(anonymous_0)
FNDA:17,(anonymous_1)
FNDA:0,(anonymous_2)
FNDA:3,(anonymous_3)
FNDA:3,(anonymous_4)
FNDA:0,(anonymous_5)
FNDA:0,(anonymous_6)
FNDA:0,(anonymous_7)
FNDA:3,(anonymous_8)
FNDA:3,(anonymous_9)
FNDA:14,(anonymous_10)
FNDA:34,(anonymous_11)
FNDA:0,(anonymous_12)
FNDA:0,(anonymous_13)
FNDA:6,(anonymous_14)
FNDA:9,(anonymous_15)
FNDA:0,(anonymous_16)
FNDA:0,(anonymous_17)
FNDA:17,(anonymous_18)
FNDA:0,(anonymous_19)
FNDA:1,(anonymous_20)
FNDA:1,(anonymous_21)
FNDA:1,(anonymous_22)
FNDA:1,(anonymous_23)
FNDA:0,(anonymous_24)
FNDA:1,(anonymous_25)
FNDA:3,(anonymous_26)
FNDA:3,(anonymous_27)
FNDA:0,(anonymous_28)
FNDA:0,(anonymous_29)
DA:22,1
DA:23,17
DA:29,1
DA:30,17
DA:36,1
DA:37,0
DA:43,1
DA:44,3
DA:50,1
DA:51,3
DA:57,1
DA:58,0
DA:64,1
DA:65,0
DA:72,1
DA:73,0
DA:78,1
DA:79,3
DA:86,1
DA:87,3
DA:92,1
DA:93,14
DA:107,1
DA:108,34
DA:109,34
DA:112,0
DA:113,0
DA:132,1
DA:133,6
DA:146,1
DA:147,9
DA:148,9
DA:151,0
DA:152,0
DA:180,1
DA:185,17
DA:186,17
DA:187,17
DA:188,17
DA:190,17
DA:192,17
DA:217,1
DA:237,1
DA:238,1
DA:286,1
DA:287,0
DA:293,1
DA:301,3
DA:302,0
DA:303,0
LF:50
LH:39
BRDA:117,0,0,1
BRDA:117,0,1,33
BRDA:117,1,0,0
BRDA:117,1,1,33
BRDA:118,2,0,1
BRDA:118,2,1,33
BRDA:118,3,0,0
BRDA:118,3,1,33
BRDA:119,4,0,1
BRDA:119,4,1,33
BRDA:124,5,0,1
BRDA:124,5,1,33
BRDA:146,6,0,6
BRDA:157,7,0,0
BRDA:157,7,1,9
BRDA:158,8,0,0
BRDA:158,8,1,0
BRDA:160,9,0,3
BRDA:160,9,1,6
BRDA:161,10,0,0
BRDA:161,10,1,3
BRDA:162,11,0,0
BRDA:162,11,1,6
BRDA:170,12,0,9
BRDA:170,12,1,3
BRDA:182,13,0,0
BRDA:182,14,0,0
BRDA:247,15,0,17
BRDA:247,15,1,3
BRDA:276,16,0,3
BRDA:276,16,1,3
BRDA:281,17,0,3
BRDA:281,17,1,0
BRDA:307,18,0,3
BRDA:307,18,1,14
BRDA:309,19,0,0
BRDA:309,19,1,14
BRDA:329,20,0,3
BRDA:329,20,1,14
BRDA:330,21,0,3
BRDA:330,21,1,14
BRF:41
BRH:30
end_of_record
TN:
SF:src\components\ui\LandingView.tsx
FN:11,(anonymous_0)
FN:18,(anonymous_1)
FN:26,(anonymous_2)
FN:35,(anonymous_3)
FN:61,(anonymous_4)
FN:67,(anonymous_5)
FN:68,(anonymous_6)
FN:93,(anonymous_7)
FN:109,(anonymous_8)
FN:148,(anonymous_9)
FN:275,(anonymous_10)
FN:295,(anonymous_11)
FNF:12
FNH:10
FNDA:60,(anonymous_0)
FNDA:10,(anonymous_1)
FNDA:10,(anonymous_2)
FNDA:20,(anonymous_3)
FNDA:20,(anonymous_4)
FNDA:0,(anonymous_5)
FNDA:0,(anonymous_6)
FNDA:40,(anonymous_7)
FNDA:160,(anonymous_8)
FNDA:10,(anonymous_9)
FNDA:1,(anonymous_10)
FNDA:1,(anonymous_11)
DA:11,1
DA:12,60
DA:18,1
DA:19,10
DA:26,1
DA:27,10
DA:35,1
DA:36,20
DA:61,1
DA:62,20
DA:64,20
DA:67,0
DA:68,0
DA:94,40
DA:110,160
DA:148,1
DA:149,10
DA:151,10
DA:275,1
DA:295,1
LF:20
LH:18
BRDA:71,0,0,0
BRDA:71,0,1,20
BRDA:78,1,0,0
BRDA:78,1,1,20
BRDA:79,2,0,0
BRDA:79,2,1,20
BRDA:112,3,0,40
BRDA:112,3,1,120
BRDA:149,4,0,1
BRDA:149,4,1,9
BRDA:149,5,0,10
BRDA:149,5,1,1
BRDA:201,6,0,1
BRDA:201,6,1,9
BRF:14
BRH:11
end_of_record
TN:
SF:src\components\ui\ProfileView.tsx
FN:16,(anonymous_0)
FN:23,(anonymous_1)
FN:30,(anonymous_2)
FN:36,(anonymous_3)
FN:44,(anonymous_4)
FN:69,(anonymous_5)
FN:76,(anonymous_6)
FN:97,(anonymous_7)
FN:116,(anonymous_8)
FN:118,(anonymous_9)
FN:125,(anonymous_10)
FN:133,(anonymous_11)
FN:140,(anonymous_12)
FN:149,(anonymous_13)
FN:158,(anonymous_14)
FN:243,(anonymous_15)
FN:247,(anonymous_16)
FN:362,(anonymous_17)
FN:366,(anonymous_18)
FNF:19
FNH:14
FNDA:15,(anonymous_0)
FNDA:25,(anonymous_1)
FNDA:11,(anonymous_2)
FNDA:10,(anonymous_3)
FNDA:105,(anonymous_4)
FNDA:20,(anonymous_5)
FNDA:1,(anonymous_6)
FNDA:31,(anonymous_7)
FNDA:13,(anonymous_8)
FNDA:12,(anonymous_9)
FNDA:1,(anonymous_10)
FNDA:5,(anonymous_11)
FNDA:3,(anonymous_12)
FNDA:0,(anonymous_13)
FNDA:1,(anonymous_14)
FNDA:0,(anonymous_15)
FNDA:0,(anonymous_16)
FNDA:0,(anonymous_17)
FNDA:0,(anonymous_18)
DA:16,1
DA:17,15
DA:23,1
DA:24,25
DA:30,1
DA:31,11
DA:36,1
DA:37,10
DA:44,1
DA:45,105
DA:69,1
DA:70,20
DA:76,1
DA:97,1
DA:98,31
DA:101,31
DA:102,31
DA:103,31
DA:104,31
DA:105,31
DA:106,31
DA:108,31
DA:109,31
DA:110,31
DA:111,31
DA:112,31
DA:113,31
DA:116,31
DA:117,13
DA:119,12
DA:120,12
DA:121,12
DA:122,12
DA:123,12
DA:125,1
DA:128,31
DA:130,30
DA:131,30
DA:133,30
DA:134,5
DA:135,5
DA:136,5
DA:137,5
DA:140,30
DA:141,3
DA:142,3
DA:143,3
DA:144,3
DA:145,2
DA:146,2
DA:147,2
DA:148,2
DA:149,2
DA:150,2
DA:152,1
DA:154,3
DA:158,30
DA:159,1
DA:160,1
DA:165,30
DA:244,0
DA:245,0
DA:248,0
DA:249,0
DA:363,0
DA:364,0
DA:367,0
DA:368,0
LF:68
LH:60
BRDA:51,0,0,105
BRDA:51,0,1,0
BRDA:55,1,0,105
BRDA:55,1,1,0
BRDA:57,2,0,105
BRDA:57,2,1,0
BRDA:57,2,2,0
BRDA:97,3,0,31
BRDA:101,4,0,31
BRDA:101,4,1,1
BRDA:102,5,0,31
BRDA:102,5,1,1
BRDA:103,6,0,31
BRDA:103,6,1,1
BRDA:104,7,0,31
BRDA:104,7,1,1
BRDA:120,8,0,12
BRDA:120,8,1,0
BRDA:121,9,0,12
BRDA:121,9,1,0
BRDA:122,10,0,12
BRDA:122,10,1,0
BRDA:123,11,0,12
BRDA:123,11,1,12
BRDA:123,11,2,0
BRDA:128,12,0,1
BRDA:128,12,1,30
BRDA:130,13,0,30
BRDA:130,13,1,0
BRDA:131,14,0,30
BRDA:131,14,1,0
BRDA:152,15,0,1
BRDA:152,15,1,0
BRDA:180,16,0,30
BRDA:180,16,1,1
BRDA:214,17,0,30
BRDA:214,17,1,30
BRDA:233,18,0,30
BRDA:233,18,1,15
BRDA:258,19,0,15
BRDA:258,19,1,15
BRDA:265,20,0,15
BRDA:265,20,1,1
BRDA:283,21,0,3
BRDA:283,21,1,12
BRDA:284,22,0,3
BRDA:284,22,1,12
BRDA:287,23,0,3
BRDA:287,23,1,12
BRDA:306,24,0,15
BRDA:306,24,1,0
BRDA:307,25,0,15
BRDA:307,25,1,0
BRDA:317,26,0,30
BRDA:317,26,1,0
BRDA:317,27,0,0
BRDA:317,27,1,0
BRDA:324,28,0,30
BRDA:324,28,1,1
BRF:59
BRH:43
end_of_record
TN:
SF:src\contexts\AuthContext.tsx
FN:25,calculatePasswordStrength
FN:37,getPasswordStrengthLabel
FN:45,getUserFromAccessToken
FN:69,getUsernameFromToken
FN:78,resolveVerifiedFlag
FN:85,AuthProvider
FN:90,(anonymous_6)
FN:107,(anonymous_7)
FN:108,(anonymous_8)
FN:132,(anonymous_9)
FN:134,(anonymous_10)
FN:139,(anonymous_11)
FN:191,(anonymous_12)
FN:246,(anonymous_13)
FN:304,(anonymous_14)
FN:314,(anonymous_15)
FN:329,(anonymous_16)
FN:337,(anonymous_17)
FN:352,useAuth
FNF:19
FNH:11
FNDA:0,calculatePasswordStrength
FNDA:0,getPasswordStrengthLabel
FNDA:0,getUserFromAccessToken
FNDA:5,getUsernameFromToken
FNDA:5,resolveVerifiedFlag
FNDA:18,AuthProvider
FNDA:5,(anonymous_6)
FNDA:8,(anonymous_7)
FNDA:8,(anonymous_8)
FNDA:0,(anonymous_9)
FNDA:8,(anonymous_10)
FNDA:0,(anonymous_11)
FNDA:0,(anonymous_12)
FNDA:0,(anonymous_13)
FNDA:1,(anonymous_14)
FNDA:0,(anonymous_15)
FNDA:1,(anonymous_16)
FNDA:18,(anonymous_17)
FNDA:18,useAuth
DA:19,1
DA:26,0
DA:28,0
DA:29,0
DA:30,0
DA:31,0
DA:32,0
DA:34,0
DA:38,0
DA:39,0
DA:40,0
DA:41,0
DA:42,0
DA:46,0
DA:47,0
DA:49,0
DA:50,0
DA:52,0
DA:53,0
DA:70,5
DA:71,5
DA:72,1
DA:73,1
DA:75,4
DA:79,5
DA:80,5
DA:82,0
DA:86,18
DA:87,18
DA:88,18
DA:90,18
DA:91,5
DA:92,5
DA:93,5
DA:103,0
DA:107,18
DA:108,8
DA:109,8
DA:110,8
DA:112,6
DA:113,6
DA:114,2
DA:115,2
DA:118,4
DA:119,4
DA:120,4
DA:121,4
DA:124,0
DA:125,0
DA:127,8
DA:131,8
DA:132,8
DA:133,8
DA:134,8
DA:135,8
DA:139,18
DA:140,0
DA:141,0
DA:143,0
DA:144,0
DA:145,0
DA:154,0
DA:155,0
DA:156,0
DA:158,0
DA:160,0
DA:161,0
DA:162,0
DA:173,0
DA:181,0
DA:182,0
DA:183,0
DA:186,0
DA:187,0
DA:191,18
DA:192,0
DA:193,0
DA:195,0
DA:196,0
DA:197,0
DA:206,0
DA:207,0
DA:208,0
DA:210,0
DA:212,0
DA:213,0
DA:214,0
DA:226,0
DA:233,0
DA:234,0
DA:235,0
DA:238,0
DA:239,0
DA:246,18
DA:247,0
DA:249,0
DA:250,0
DA:253,0
DA:254,0
DA:256,0
DA:257,0
DA:259,0
DA:260,0
DA:262,0
DA:263,0
DA:265,0
DA:266,0
DA:268,0
DA:269,0
DA:272,0
DA:273,0
DA:274,0
DA:276,0
DA:283,0
DA:285,0
DA:293,0
DA:294,0
DA:296,0
DA:298,0
DA:299,0
DA:300,0
DA:304,18
DA:305,1
DA:306,1
DA:307,1
DA:309,0
DA:310,0
DA:314,18
DA:315,0
DA:316,0
DA:318,0
DA:319,0
DA:320,0
DA:321,0
DA:323,0
DA:325,0
DA:329,18
DA:330,1
DA:331,1
DA:332,1
DA:333,1
DA:334,1
DA:337,18
DA:349,18
DA:353,18
DA:354,18
DA:355,0
DA:357,18
LF:148
LH:52
BRDA:28,0,0,0
BRDA:28,0,1,0
BRDA:29,1,0,0
BRDA:29,1,1,0
BRDA:30,2,0,0
BRDA:30,2,1,0
BRDA:31,3,0,0
BRDA:31,3,1,0
BRDA:32,4,0,0
BRDA:32,4,1,0
BRDA:38,5,0,0
BRDA:38,5,1,0
BRDA:39,6,0,0
BRDA:39,6,1,0
BRDA:40,7,0,0
BRDA:40,7,1,0
BRDA:41,8,0,0
BRDA:41,8,1,0
BRDA:47,9,0,0
BRDA:47,9,1,0
BRDA:50,10,0,0
BRDA:50,10,1,0
BRDA:55,11,0,0
BRDA:55,11,1,0
BRDA:71,12,0,1
BRDA:71,12,1,4
BRDA:73,13,0,1
BRDA:73,13,1,0
BRDA:75,14,0,4
BRDA:75,14,1,0
BRDA:79,15,0,5
BRDA:79,15,1,0
BRDA:79,16,0,5
BRDA:79,16,1,5
BRDA:97,17,0,5
BRDA:97,17,1,0
BRDA:97,18,0,5
BRDA:97,18,1,0
BRDA:97,19,0,5
BRDA:97,19,1,0
BRDA:110,20,0,2
BRDA:110,20,1,6
BRDA:113,21,0,2
BRDA:113,21,1,4
BRDA:119,22,0,4
BRDA:119,22,1,0
BRDA:147,23,0,0
BRDA:147,23,1,0
BRDA:149,24,0,0
BRDA:149,24,1,0
BRDA:149,24,2,0
BRDA:149,25,0,0
BRDA:149,25,1,0
BRDA:149,26,0,0
BRDA:149,26,1,0
BRDA:160,27,0,0
BRDA:160,27,1,0
BRDA:164,28,0,0
BRDA:164,28,1,0
BRDA:176,29,0,0
BRDA:176,29,1,0
BRDA:201,30,0,0
BRDA:201,30,1,0
BRDA:201,30,2,0
BRDA:201,31,0,0
BRDA:201,31,1,0
BRDA:201,32,0,0
BRDA:201,32,1,0
BRDA:212,33,0,0
BRDA:212,33,1,0
BRDA:216,34,0,0
BRDA:216,34,1,0
BRDA:249,35,0,0
BRDA:249,35,1,0
BRDA:249,36,0,0
BRDA:249,36,1,0
BRDA:256,37,0,0
BRDA:256,37,1,0
BRDA:259,38,0,0
BRDA:259,38,1,0
BRDA:262,39,0,0
BRDA:262,39,1,0
BRDA:265,40,0,0
BRDA:265,40,1,0
BRDA:268,41,0,0
BRDA:268,41,1,0
BRDA:272,42,0,0
BRDA:272,42,1,0
BRDA:289,43,0,0
BRDA:289,43,1,0
BRDA:299,44,0,0
BRDA:299,44,1,0
BRDA:331,45,0,0
BRDA:331,45,1,1
BRDA:339,46,0,18
BRDA:339,46,1,7
BRDA:354,47,0,0
BRDA:354,47,1,18
BRF:98
BRH:19
end_of_record
TN:
SF:src\pages\HomePage.tsx
FN:10,(anonymous_0)
FN:16,(anonymous_1)
FN:31,(anonymous_2)
FN:31,(anonymous_3)
FNF:4
FNH:2
FNDA:6,(anonymous_0)
FNDA:6,(anonymous_1)
FNDA:0,(anonymous_2)
FNDA:0,(anonymous_3)
DA:10,1
DA:11,6
DA:12,6
DA:16,6
DA:18,6
DA:21,6
DA:23,6
DA:31,0
LF:8
LH:7
BRDA:18,0,0,6
BRDA:18,0,1,0
BRDA:19,1,0,6
BRDA:19,1,1,0
BRDA:40,2,0,6
BRDA:40,2,1,6
BRDA:41,3,0,6
BRDA:41,3,1,0
BRDA:42,4,0,6
BRDA:42,4,1,0
BRDA:43,5,0,6
BRDA:43,5,1,0
BRF:12
BRH:7
end_of_record
TN:
SF:src\services\api.ts
FN:12,(anonymous_0)
FN:25,(anonymous_1)
FN:37,(anonymous_2)
FN:60,(anonymous_3)
FN:89,(anonymous_4)
FN:100,(anonymous_5)
FN:114,(anonymous_6)
FN:148,(anonymous_7)
FN:194,(anonymous_8)
FN:224,(anonymous_9)
FN:231,(anonymous_10)
FN:241,(anonymous_11)
FN:251,(anonymous_12)
FN:261,(anonymous_13)
FN:271,(anonymous_14)
FN:280,(anonymous_15)
FN:290,(anonymous_16)
FN:303,(anonymous_17)
FN:310,(anonymous_18)
FN:317,(anonymous_19)
FN:326,(anonymous_20)
FN:378,(anonymous_21)
FN:392,(anonymous_22)
FN:423,(anonymous_23)
FN:459,(anonymous_24)
FN:481,(anonymous_25)
FN:488,(anonymous_26)
FN:522,(anonymous_27)
FN:529,(anonymous_28)
FN:546,(anonymous_29)
FN:555,(anonymous_30)
FN:564,(anonymous_31)
FN:580,(anonymous_32)
FN:595,(anonymous_33)
FN:606,(anonymous_34)
FN:655,(anonymous_35)
FN:665,(anonymous_36)
FN:676,(anonymous_37)
FN:686,(anonymous_38)
FN:696,(anonymous_39)
FN:703,(anonymous_40)
FN:711,(anonymous_41)
FN:718,(anonymous_42)
FN:727,(anonymous_43)
FN:737,(anonymous_44)
FN:747,(anonymous_45)
FN:756,(anonymous_46)
FN:771,(anonymous_47)
FN:783,(anonymous_48)
FN:790,(anonymous_49)
FN:805,(anonymous_50)
FNF:51
FNH:16
FNDA:7,(anonymous_0)
FNDA:1,(anonymous_1)
FNDA:7,(anonymous_2)
FNDA:2,(anonymous_3)
FNDA:5,(anonymous_4)
FNDA:3,(anonymous_5)
FNDA:1,(anonymous_6)
FNDA:13,(anonymous_7)
FNDA:3,(anonymous_8)
FNDA:0,(anonymous_9)
FNDA:3,(anonymous_10)
FNDA:0,(anonymous_11)
FNDA:0,(anonymous_12)
FNDA:0,(anonymous_13)
FNDA:0,(anonymous_14)
FNDA:0,(anonymous_15)
FNDA:0,(anonymous_16)
FNDA:0,(anonymous_17)
FNDA:0,(anonymous_18)
FNDA:0,(anonymous_19)
FNDA:0,(anonymous_20)
FNDA:1,(anonymous_21)
FNDA:0,(anonymous_22)
FNDA:3,(anonymous_23)
FNDA:1,(anonymous_24)
FNDA:0,(anonymous_25)
FNDA:2,(anonymous_26)
FNDA:0,(anonymous_27)
FNDA:0,(anonymous_28)
FNDA:0,(anonymous_29)
FNDA:2,(anonymous_30)
FNDA:0,(anonymous_31)
FNDA:0,(anonymous_32)
FNDA:0,(anonymous_33)
FNDA:3,(anonymous_34)
FNDA:0,(anonymous_35)
FNDA:0,(anonymous_36)
FNDA:0,(anonymous_37)
FNDA:0,(anonymous_38)
FNDA:0,(anonymous_39)
FNDA:0,(anonymous_40)
FNDA:0,(anonymous_41)
FNDA:0,(anonymous_42)
FNDA:0,(anonymous_43)
FNDA:0,(anonymous_44)
FNDA:0,(anonymous_45)
FNDA:0,(anonymous_46)
FNDA:0,(anonymous_47)
FNDA:0,(anonymous_48)
FNDA:0,(anonymous_49)
FNDA:0,(anonymous_50)
DA:7,1
DA:13,7
DA:14,7
DA:15,7
DA:16,7
DA:18,0
DA:26,1
DA:27,1
DA:28,1
DA:30,0
DA:38,7
DA:40,7
DA:45,7
DA:46,7
DA:54,7
DA:61,2
DA:62,2
DA:63,1
DA:64,1
DA:67,1
DA:69,1
DA:70,0
DA:73,1
DA:74,0
DA:77,1
DA:78,1
DA:79,0
DA:80,0
DA:83,1
DA:90,5
DA:91,5
DA:93,0
DA:106,3
DA:107,3
DA:108,3
DA:119,1
DA:120,1
DA:121,1
DA:122,1
DA:123,0
DA:126,1
DA:134,1
DA:135,0
DA:138,1
DA:140,0
DA:141,0
DA:152,13
DA:154,13
DA:155,1
DA:158,12
DA:159,12
DA:165,12
DA:170,12
DA:172,8
DA:173,6
DA:174,6
DA:177,4
DA:181,4
DA:182,1
DA:183,1
DA:184,1
DA:188,3
DA:198,3
DA:199,3
DA:204,3
DA:209,3
DA:210,2
DA:211,2
DA:212,2
DA:214,2
DA:215,2
DA:218,1
DA:225,0
DA:232,3
DA:242,0
DA:252,0
DA:262,0
DA:272,0
DA:281,0
DA:291,0
DA:292,0
DA:294,0
DA:304,0
DA:311,0
DA:318,0
DA:327,0
DA:329,0
DA:330,0
DA:333,0
DA:334,0
DA:338,0
DA:343,0
DA:344,0
DA:345,0
DA:346,0
DA:347,0
DA:348,0
DA:349,0
DA:356,0
DA:357,0
DA:360,0
DA:363,0
DA:366,0
DA:369,0
DA:384,1
DA:385,1
DA:386,1
DA:397,0
DA:398,0
DA:399,0
DA:400,0
DA:401,0
DA:404,0
DA:412,0
DA:413,0
DA:416,0
DA:418,0
DA:419,0
DA:424,3
DA:426,3
DA:427,1
DA:430,2
DA:431,2
DA:433,2
DA:435,2
DA:441,2
DA:442,1
DA:445,1
DA:446,0
DA:447,0
DA:448,0
DA:452,1
DA:468,1
DA:472,1
DA:482,0
DA:502,2
DA:503,2
DA:506,2
DA:511,2
DA:513,2
DA:523,0
DA:537,0
DA:547,0
DA:556,2
DA:569,0
DA:574,0
DA:584,0
DA:588,0
DA:596,0
DA:607,3
DA:609,3
DA:610,0
DA:613,3
DA:614,3
DA:619,3
DA:624,3
DA:625,0
DA:626,0
DA:628,0
DA:631,0
DA:632,0
DA:633,0
DA:643,3
DA:644,1
DA:645,1
DA:646,1
DA:649,2
DA:656,0
DA:669,0
DA:677,0
DA:690,0
DA:697,0
DA:704,0
DA:712,0
DA:719,0
DA:728,0
DA:738,0
DA:748,0
DA:757,0
DA:761,0
DA:772,0
DA:785,0
DA:786,0
DA:787,0
DA:794,0
DA:796,0
DA:797,0
DA:800,0
DA:801,0
DA:803,0
DA:805,0
DA:806,0
DA:814,0
DA:815,0
DA:816,0
DA:817,0
DA:819,0
DA:820,0
DA:821,0
DA:822,0
DA:825,0
DA:827,0
DA:830,0
DA:833,0
DA:835,0
DA:838,0
DA:839,0
DA:840,0
DA:841,0
DA:842,0
DA:843,0
DA:846,0
DA:849,0
DA:857,1
LF:214
LH:96
BRDA:13,0,0,0
BRDA:13,0,1,7
BRDA:16,1,0,7
BRDA:16,1,1,0
BRDA:16,2,0,7
BRDA:16,2,1,7
BRDA:28,3,0,1
BRDA:28,3,1,0
BRDA:28,3,2,0
BRDA:40,4,0,7
BRDA:40,4,1,7
BRDA:40,4,2,0
BRDA:40,4,3,0
BRDA:40,4,4,0
BRDA:40,4,5,0
BRDA:47,5,0,7
BRDA:47,5,1,0
BRDA:51,6,0,0
BRDA:51,6,1,0
BRDA:61,7,0,2
BRDA:61,7,1,0
BRDA:62,8,0,1
BRDA:62,8,1,1
BRDA:69,9,0,0
BRDA:69,9,1,1
BRDA:73,10,0,0
BRDA:73,10,1,1
BRDA:78,11,0,0
BRDA:78,11,1,1
BRDA:78,12,0,1
BRDA:78,12,1,1
BRDA:122,13,0,0
BRDA:122,13,1,1
BRDA:134,14,0,0
BRDA:134,14,1,1
BRDA:135,15,0,0
BRDA:135,15,1,0
BRDA:150,16,0,4
BRDA:154,17,0,1
BRDA:154,17,1,12
BRDA:170,18,0,8
BRDA:170,18,1,4
BRDA:172,19,0,2
BRDA:172,19,1,6
BRDA:174,20,0,6
BRDA:174,20,1,0
BRDA:177,21,0,4
BRDA:177,21,1,4
BRDA:181,22,0,1
BRDA:181,22,1,3
BRDA:181,23,0,4
BRDA:181,23,1,1
BRDA:183,24,0,1
BRDA:183,24,1,0
BRDA:188,25,0,3
BRDA:188,25,1,1
BRDA:196,26,0,3
BRDA:209,27,0,2
BRDA:209,27,1,1
BRDA:291,28,0,0
BRDA:291,28,1,0
BRDA:292,29,0,0
BRDA:292,29,1,0
BRDA:329,30,0,0
BRDA:329,30,1,0
BRDA:343,31,0,0
BRDA:343,31,1,0
BRDA:344,32,0,0
BRDA:344,32,1,0
BRDA:348,33,0,0
BRDA:348,33,1,0
BRDA:356,34,0,0
BRDA:356,34,1,0
BRDA:400,35,0,0
BRDA:400,35,1,0
BRDA:412,36,0,0
BRDA:412,36,1,0
BRDA:426,37,0,1
BRDA:426,37,1,2
BRDA:441,38,0,1
BRDA:441,38,1,1
BRDA:445,39,0,0
BRDA:445,39,1,1
BRDA:447,40,0,0
BRDA:447,40,1,0
BRDA:470,41,0,1
BRDA:470,41,1,1
BRDA:502,42,0,2
BRDA:502,42,1,2
BRDA:503,43,0,2
BRDA:503,43,1,2
BRDA:565,44,0,0
BRDA:566,45,0,0
BRDA:567,46,0,0
BRDA:581,47,0,0
BRDA:582,48,0,0
BRDA:609,49,0,0
BRDA:609,49,1,3
BRDA:624,50,0,0
BRDA:624,50,1,3
BRDA:632,51,0,0
BRDA:632,51,1,0
BRDA:643,52,0,1
BRDA:643,52,1,2
BRDA:785,53,0,0
BRDA:785,53,1,0
BRDA:786,54,0,0
BRDA:786,54,1,0
BRDA:796,55,0,0
BRDA:796,55,1,0
BRDA:814,56,0,0
BRDA:814,56,1,0
BRDA:822,57,0,0
BRDA:822,57,1,0
BRDA:822,57,2,0
BRDA:838,58,0,0
BRDA:838,58,1,0
BRDA:838,59,0,0
BRDA:838,59,1,0
BRDA:842,60,0,0
BRDA:842,60,1,0
BRF:121
BRH:53
end_of_record
